       1 -0.0000000000  3.1316130220
       2  0.4635044496  3.0971218486
       3  0.9069244441  2.9974135805
       4  1.0633320084  2.9455602455
       5  1.2167985279  2.8855504609
       6  0.6207129065  3.0694813255
       7 -0.0000000000  3.1316130220
       8 -0.0000000000  3.1316130220
       9  1.3429006154  2.8290666406
      10  1.7191028151  2.6175724691
      11  1.9200026108  2.4739826383
      12  2.1089663954  2.3150077458
      13  1.6871732309  2.6382658336
      14  2.0344120428  2.3807914146
      15  2.2764318296  2.1505483592
      16  2.4951582537  1.8924020209
      17  2.6847576494  1.6121651541
      18  2.4459336716  1.9556095199
      19  2.4461096665  1.9553893779
      20  2.5579388226  1.8066402796
      21  2.8175071561  1.3669870317
      22  3.0021858602  0.8909995403
      23  2.8662440608  1.2616041787
      24  2.6162250297  1.7211527283
      25  2.6351614937  1.6920177369
      26  2.9549824563  1.0368600691
      27  3.1146504673  0.3255035889
      28  3.0714602524  0.6108453469
      29  1.4444440057  2.7785934633
      30  1.6627718253  2.6537124895
      31  0.8650446456  3.0097670808
      32 -0.0000000000  3.1316130220
      33 -0.0000000000  3.1316130220
      34  2.3305017331  2.0918321615
      35  2.5285383028  1.8475643889
      36  2.1340650994  2.2918914179
      37  2.8641535618  1.2663429608
      38  2.9992229318  0.9009228188
      39  2.8218548462  1.3579894502
      40  3.1179689865  0.2920094500
      41  3.1154193889 -0.3180599801
      42  3.1174817649  0.2971658883
      43  3.1055104137 -0.4034912514
      44  2.9280587854 -1.1106177870
      45  3.0476125109 -0.7204568713
      46  1.6381327412  2.6689925519
      47  1.6133534395  2.6840437402
      48  0.8371405611  3.0176473950
      49 -0.0000000000  3.1316130220
      50 -0.0000000000  3.1316130220
      51  2.7235975080  1.5456444399
      52  2.8827744407  1.2233607986
      53  2.6990153779  1.5881801250
      54  2.4693321570  1.9259799631
      55  2.0978487761  2.3250872311
      56  2.5407411639  1.8307469672
      57  2.6084793553  1.7328691736
      58  2.1638279390  2.2638128832
      59  2.9815660615  0.9577389731
      60  3.0559401278  0.6842733777
      61  2.8803293053  1.2291066726
      62  3.0688757338  0.6237001283
      63  3.1129607991  0.3412846076
      64  3.0364304956  0.7662179620
      65  3.1316120242  0.0024999564
      66  3.1135017274 -0.3363140103
      67  3.1280818320  0.1486747199
      68  3.1106693439 -0.3615748228
      69  3.1053119657 -0.4050156978
      70  3.1314485576 -0.0320944106
      71  2.9491177417 -1.0534252064
      72  2.6118840589 -1.7277331341
      73  2.7718735346 -1.4572979201
      74  2.9039583139 -1.1721886498
      75  3.0290214440 -0.7950026489
      76  3.0376188363 -0.7614932205
      77  2.5919113858 -1.7575538364
      78  2.1152890612 -2.3092319735
      79  2.3814024991 -2.0336966974
      80  1.7066001890  2.6257410220
      81  1.7977423295  2.5642001943
      82  0.9425823053  2.9863922578
      83 -0.0000000000  3.1316130220
      84 -0.0000000000  3.1316130220
      85  2.7203456670  1.5513605551
      86  2.8196035373  1.3626577017
      87  2.3855610245  2.0288170736
      88  3.1085158560  0.3796436390
      89  3.1308009909  0.0713111137
      90  3.0444573196  0.7336755066
      91  3.0489415912 -0.7148113692
      92  2.9385477407 -1.0825605274
      93  3.0836538684 -0.5459660607
      94  2.6887775226 -1.6054518222
      95  2.4094338000 -2.0004071794
      96  2.7130864776 -1.5640210628
      97  2.1867891542 -2.2416407640
      98  1.6625107545 -2.6538760542
      99  2.0620226450 -2.3569180578
     100  1.5240234553 -2.7357544896
     101  0.8501557552 -3.0140065215
     102  1.2691733765 -2.8629004629
     103  1.9998296934  2.4099131348
     104  2.1887372467  2.2397386867
     105  1.1817371432  2.9000857650
     106 -0.0000000000  3.1316130220
     107 -0.0000000000  3.1316130220
     108  2.9414065771  1.0747685649
     109  3.0339026093  0.7761669130
     110  2.7119177829  1.5660466336
     111  3.1191466359 -0.2791493925
     112  3.0683849856 -0.6261099742
     113  3.1306666363  0.0769839737
     114  2.7767427000 -1.4479986525
     115  2.5697130718 -1.7898533037
     116  2.8654179716 -1.2634793104
     117  2.0754377426 -2.3451137065
     118  1.6926876109 -2.6347312523
     119  2.1726644262 -2.2553335476
     120  1.0332343739 -2.9562521625
     121  0.3526049940 -3.1116988669
     122  1.0500860730 -2.9503083498
     123  0.1302148568 -3.1289046343
     124 -0.5967841509 -3.0742232835
     125 -0.1235205942 -3.1291760549
     126  2.1030470169  2.3203864688
     127  2.0143849685  2.3977600627
     128  1.0719491254  2.9424352486
     129 -0.0000000000  3.1316130220
     130 -0.0000000000  3.1316130220
     131  3.1114059452  0.3551804672
     132  3.1307749446 -0.0724456061
     133  3.0912375633  0.5012488875
     134  2.9474638660  1.0580438924
     135  2.6351919496  1.6919703037
     136  2.9837562281  0.9508937329
     137  3.0161547488  0.8425026118
     138  2.6327341105  1.6957922111
     139  3.1079504615 -0.3842447773
     140  3.0541510731 -0.6922148095
     141  3.1306536619  0.0775097993
     142  2.9696110144 -0.9941883841
     143  2.8268569452 -1.3475458921
     144  3.0462787714 -0.7260755930
     145  2.6521357003 -1.6652856652
     146  2.4418562915 -1.9606983377
     147  2.8202457219 -1.3613280971
     148  2.3367953024 -2.0847992312
     149  2.0702193840 -2.3497216478
     150  2.4818802355 -1.9097828716
     151  1.7624208557 -2.5886044208
     152  1.4273440392 -2.7874162075
     153  1.9563439622 -2.4453462784
     154  1.4003794599 -2.8010600651
     155  1.0919199611 -2.9350827788
     156  1.6079326388 -2.6872946896
     157  0.6970911303 -3.0530417743
     158  0.2901924564 -3.1181386207
     159  0.8745439988 -3.0070206042
     160  0.2896438154 -3.1181896318
     161  0.2265672510 -3.1234063777
     162  0.6659325582 -3.0599892071
     163 -0.4838528369 -3.0940081694
     164 -1.2857729287 -2.8554838636
     165 -1.0100040021 -2.9642692245
     166 -0.7251820066 -3.0464916178
     167 -0.2522579391 -3.1214365366
     168 -0.2204252718 -3.1238458380
     169 -1.2914414659 -2.8529246502
     170 -1.9161020151 -2.4770048824
     171 -1.6120848512 -2.6848058686
     172  2.0337857290  2.3813264640
     173  2.0530525931  2.3647357505
     174  1.0958031351  2.9336352208
     175 -0.0000000000  3.1316130220
     176 -0.0000000000  3.1316130220
     177  3.0751090847  0.5922028678
     178  3.1133292773  0.3379066892
     179  2.7748672845  1.4515893610
     180  2.9602540840 -1.0217122285
     181  2.8309229559 -1.3389829489
     182  3.0881259122 -0.5200754469
     183  2.1899188824 -2.2385833485
     184  1.9065669639 -2.4843515315
     185  2.4369899529 -1.9667435240
     186  1.0627798550 -2.9457595115
     187  0.6810961961 -3.0566498150
     188  1.3002344343 -2.8489279625
     189 -0.1616487484 -3.1274382171
     190 -0.6101233207 -3.0716037592
     191  0.0362651897 -3.1314030331
     192 -1.3336374922 -2.8334451043
     193 -1.8855782939 -2.5003189032
     194 -1.2801279575 -2.8580189874
     195 -1.9226399625 -2.4719335942
     196 -2.4511493605 -1.9490682216
     197 -2.1858112833 -2.2425942909
     198 -2.4369143157 -1.9668372423
     199 -2.8256531790 -1.3500682322
     200 -2.6553458440 -1.6601622115
     201  2.0280193794  2.3862391994
     202  2.0027611001  2.4074775380
     203  1.0648282452  2.9450196821
     204 -0.0000000000  3.1316130220
     205 -0.0000000000  3.1316130220
     206  3.0941575320  0.4828967664
     207  3.0682367223  0.6268361317
     208  2.6872710475  1.6079721505
     209  2.6183513952 -1.7179162060
     210  2.3553790928 -2.0637803781
     211  2.7082202507 -1.5724322540
     212  2.9600129593 -1.0224105832
     213  3.1119105257 -0.3507320908
     214  2.9358278105 -1.0899152201
     215  2.9101035382 -1.1568480957
     216  3.1193783590 -0.2765479586
     217  2.1392978073 -2.2870078730
     218  1.9021619010 -2.4877259138
     219  2.4964549913 -1.8906910366
     220  1.5829663327 -2.7020765550
     221  1.2348114753 -2.8778882432
     222  1.8406680482 -2.5335629568
     223  0.8791800835 -3.0056683950
     224  0.5107497002 -3.0896820004
     225  1.2434334772 -2.8741734999
     226  0.2996020993 -3.1172485788
     227 -0.0864473611 -3.1304196162
     228  0.5635092498 -3.0804962985
     229 -0.4900704096 -3.0930294395
     230 -0.8854797794 -3.0038185165
     231 -0.2169417975 -3.1240896876
     232 -0.9383091780 -2.9877376067
     233 -1.2555163316 -2.8689159731
     234 -0.6836041703 -3.0560898969
     235 -1.6567443536 -2.6574796832
     236 -2.0232271592 -2.3903037426
     237 -1.4863509790 -2.7564036147
     238 -1.9476497978 -2.4522765719
     239 -2.0085006357 -2.4026912653
     240 -1.6485727181 -2.6625566873
     241 -2.4745434415 -1.9192797805
     242 -2.8907966713 -1.2042818295
     243 -2.7746022745 -1.4520958433
     244 -2.6372126415 -1.6888189966
     245 -2.3501202523 -2.0697668757
     246 -2.3564675181 -2.0625375041
     247 -2.8473167847 -1.3037588916
     248 -3.0770147793 -0.5822200341
     249 -3.0000724763 -0.8980897821
     250 -3.0612460459 -0.6601308705
     251 -3.1309261958  0.0655841140
     252 -3.1208242780 -0.2597228251
     253  1.9962149882  2.4129081708
     254  1.9896541749  2.4183209845
     255  1.0568256541  2.9479008899
     256 -0.0000000000  3.1316130220
     257 -0.0000000000  3.1316130220
     258  3.0672494212  0.6316495136
     259  3.0662552500  0.6364580596
     260  2.6803578081  1.6194697096
     261  2.8645797563 -1.2653785755
     262  2.8150112317 -1.3721194865
     263  3.1073974291 -0.3886918284
     264  1.5952173236 -2.6948621134
     265  1.2659685959 -2.8643190524
     266  2.1726171088 -2.2553791296
     267  0.1171410383 -3.1294213677
     268 -0.2783378223 -3.1192191613
     269  0.5099990469 -3.0898059958
     270 -1.2821650281 -2.8571056964
     271 -1.6554605180 -2.6582796304
     272 -1.0173940369 -2.9617409565
     273 -2.4257911109 -1.9805397260
     274 -2.7467370388 -1.5041395413
     275 -2.2754880067 -2.1515469903
     276 -2.9219759398 -1.1265241794
     277 -3.0883745095 -0.5185971546
     278 -2.9588770940 -1.0256931620
     279 -3.0907273983 -0.5043850406
     280 -3.1236801209  0.2227613568
     281 -3.1280679003 -0.1489675502
     282 -3.1278027094  0.1544355242
     283 -3.0046930311  0.8825077386
     284 -3.0818919720  0.5558255057
     285 -3.0309163637  0.7877474952
     286 -2.7666383830  1.4672123832
     287 -2.9004378416  1.1808727480
     288  1.9950710938  2.4138540657
     289  2.0004778636  2.4093751134
     290  1.0634321863  2.9455240798
     291 -0.0000000000  3.1316130220
     292 -0.0000000000  3.1316130220
     293  3.0702916300  0.6166923271
     294  3.0742000303  0.5969039233
     295  2.6943183975  1.5961354869
     296  2.7959892759 -1.4104765467
     297  2.7764457440 -1.4485679654
     298  3.0989517011 -0.4511080516
     299  1.3003628056 -2.8488693711
     300  1.3345678307 -2.8330070288
     301  2.1689335062 -2.2589217706
     302 -0.7016293546 -3.0520020263
     303 -1.1117787722 -2.9276181584
     304 -0.5970824399 -3.0741653631
     305 -0.0649491195 -3.1309394328
     306  0.6151274324 -3.0706055366
     307 -0.2007028905 -3.1251749502
     308 -0.3360795726 -3.1135270419
     309  0.5185711603 -3.0883788743
     310 -1.4054324255 -2.7985281519
     311 -1.6843369033 -2.6400775208
     312 -1.0375754979 -2.9547313255
     313 -1.9018402540 -2.4879718181
     314 -2.1308254372 -2.2949037182
     315 -1.6652083368 -2.6521842536
     316 -2.3925329904 -2.0205905101
     317 -2.6191754750 -1.7166595326
     318 -2.2133818437 -2.2153873101
     319 -2.7418966654 -1.5129450737
     320 -2.7370258872 -1.5217389437
     321 -2.4644350410 -1.9322422334
     322 -3.0416431576 -0.7452563461
     323 -3.1309589755  0.0640001075
     324 -3.1149074399 -0.3230352310
     325 -3.0511963049 -0.7051249740
     326 -2.9227713023 -1.1244589963
     327 -2.8799434900 -1.2300104121
     328 -3.1250197703  0.2031047880
     329 -2.9952647660  0.9139962262
     330 -3.0924549605  0.4936825263
     331 -2.9862102747  0.9431586902
     332 -2.6849593379  1.6118292321
     333 -2.8614639146  1.2724088907
     334 -2.7177220803  1.5559520604
     335 -2.2822458036  2.1443773483
     336 -2.4978357839  1.8888664634
     337 -2.3524143864  2.0671590830
     338 -1.8106923426  2.5550720852
     339 -2.0567469148  2.3615232898
     340  2.0141571482  2.3979514386
     341  2.0277713189  2.3864499991
     342  1.0801778231  2.9394244318
     343 -0.0000000000  3.1316130220
     344 -0.0000000000  3.1316130220
     345  3.0817109504  0.5568282844
     346  3.0886994057  0.5166585923
     347  2.7237104564  1.5454453952
     348  2.7425908443 -1.5116863366
     349  2.7072997885 -1.5740165103
     350  3.0807681256 -0.5620212416
     351  1.2305388991 -2.8797177184
     352  1.1248817436 -2.9226086263
     353  2.0312763587 -2.3834673219
     354 -0.5802057141 -3.0773952377
     355 -0.8207315540 -3.0221515244
     356  0.1600144748 -3.1275222601
     357 -1.9758794244 -2.4295885701
     358 -2.2413710354 -2.1870656143
     359 -1.5869657033 -2.6997296117
     360 -2.8332079868 -1.3341411556
     361 -2.9917338704 -0.9254882865
     362 -2.7021707735 -1.5828054936
     363 -3.1284507111 -0.1406992119
     364 -3.1021747739  0.4283827635
     365 -3.1212452599 -0.2546137212
     366 -3.0361317291  0.7674009665
     367 -2.7853447655  1.4313820793
     368 -2.9861724988  0.9432782872
     369 -2.6992937558  1.5877069439
     370 -2.2542835920  2.1737538055
     371 -2.5470065555  1.8220202320
     372 -2.2340442692  2.1945492300
     373 -1.6594590093  2.6557853672
     374 -1.9716588069  2.4330149339
     375 -1.7175095395  2.6186181664
     376 -1.0575287196  2.9476487455
     377 -1.3663108481  2.8178351240
     378 -1.1708367418  2.9045036485
     379 -0.4675244231  3.0965175655
     380 -0.7661509490  3.0364474050
     381  2.0466223826  2.3703031331
     382  2.0653448995  2.3540073420
     383  1.1034385974  2.9307718065
     384 -0.0000000000  3.1316130220
     385 -0.0000000000  3.1316130220
     386  3.0971828575  0.4630966066
     387  3.1047371054  0.4093991039
     388  2.7618501330  1.4762059350
     389  2.6576430637 -1.6564822564
     390  2.6054752157 -1.7373828076
     391  3.0502133737 -0.7093648528
     392  0.9627085567 -2.9799651600
     393  0.7976313895 -3.0283302803
     394  1.8198696396 -2.5485436262
     395 -1.1939395751 -2.8950834894
     396 -1.5482281915 -2.7221296051
     397 -0.4053256780 -3.1052715203
     398 -2.5128522140 -1.8688429229
     399 -2.7394995286 -1.5172812700
     400 -2.2268962993 -2.2018022145
     401 -3.0965843370 -0.4670819668
     402 -3.1316124728  0.0018546652
     403 -3.0377746829 -0.7608712739
     404 -2.9394548705  1.0800949885
     405 -2.6414954807  1.6821122867
     406 -3.0063285780  0.8769199514
     407 -2.3675384035  2.0498199989
     408 -1.8152558222  2.5518319733
     409 -2.2704083607  2.1569065801
     410 -1.6667508591  2.6512151353
     411 -0.9818073641  2.9737273613
     412 -1.4143492695  2.7940322589
     413 -0.9712712622  2.9771852907
     414 -0.2259481674  3.1234512235
     415 -0.6084981443  3.0719261267
     416 -0.3310631867  3.1140644319
     417  0.4141500689  3.1041069312
     418  0.0945967195  3.1301839531
     419  0.2611281447  3.1207070051
     420  0.9756266933  2.9757608565
     421  0.6978460323  3.0528693118
     422  2.0858118183  2.3358915168
     423  2.1061220459  2.3175957472
     424  1.1289789706  2.9210283470
     425 -0.0000000000  3.1316130220
     426 -0.0000000000  3.1316130220
     427  3.1117197768  0.3524204174
     428  3.1176568219  0.2953236542
     429  2.8007789901  1.4009415294
     430  2.5569769006 -1.8080014518
     431  2.5065664018 -1.8772652965
     432  3.0146322171 -0.8479343815
     433  0.7066101310 -3.0508527075
     434  0.6149553854 -3.0706399974
     435  1.6709309864 -2.6485825942
     436 -1.5331951817 -2.7306249568
     437 -1.5181155308 -2.7390373044
     438 -0.4810553777 -3.0944443513
     439 -2.9357252068 -1.0901915564
     440 -3.0658220538 -0.6385415053
     441 -2.8948566795 -1.1944893993
     442 -2.6240313139 -1.7092278325
     443 -2.1467253886 -2.2800373299
     444 -2.7072174997 -1.5741580382
     445 -2.7834585825 -1.4350464938
     446 -2.2474402499 -2.1808283846
     447 -3.1195479924 -0.2746278266
     448 -3.1302295187  0.0930767437
     449 -3.0539674062 -0.6930246763
     450 -3.1133042729  0.3381369900
     451 -3.0589900739  0.6705071570
     452 -3.1314590966  0.0310490887
     453 -2.9353356367  1.0912400376
     454 -2.7541204394  1.4905773126
     455 -3.0195224082  0.8303520615
     456 -2.6459186880  1.6751460881
     457 -2.6503250920  1.6681657671
     458 -2.8979137140  1.1870535902
     459 -2.0304435075  2.3841768564
     460 -1.2400396601  2.8756393656
     461 -1.6280600308  2.6751487166
     462 -1.9844140866  2.4226227219
     463 -2.3478715575  2.0723173669
     464 -2.4146659004  1.9940884407
     465 -1.0790501427  2.9398385856
     466 -0.2666444084  3.1202405162
     467 -0.7632055691  3.0371890588
     468 -0.1843593715  3.1261816553
     469  0.6254786703  3.0685137368
     470  0.1812716639  3.1263622157
     471  0.5629856473  3.0805920341
     472  1.3160832773  2.8416412382
     473  0.9773860305  2.9751834678
     474  1.1548375192  2.9109019949
     475  1.8265248222  2.5437781338
     476  1.5783456314  2.7047782141
     477  1.6372484750  2.6695350814
     478  2.2101371141  2.2186243613
     479  2.0248670439  2.3889147273
     480  2.1262073991  2.2991829453
     481  2.1461318988  2.2805959732
     482  1.1543517818  2.9110946538
     483 -0.0000000000  3.1316130220
     484 -0.0000000000  3.1316130220
     485  3.1228415436  0.2342238531
     486  3.1268289270  0.1730346243
     487  2.8392749871  1.3211804069
     488  2.4459660240 -1.9555690551
     489  2.3829228753 -2.0319150302
     490  2.9672875078 -1.0011018759
     491  0.4853666684 -3.0937710512
     492  0.3549203424 -3.1114356285
     493  1.4714925891 -2.7643642452
     494 -1.6571219647 -2.6572442330
     495 -1.7917329119 -2.5684028680
     496 -0.7680034620 -3.0359793811
     497 -2.8987332278 -1.1850509668
     498 -2.9916080782 -0.9258948247
     499 -2.5287443762 -1.8472823280
     500 -3.0892721677  0.5132227527
     501 -2.9921796644  0.9240459815
     502 -3.1316128726 -0.0009676070
     503 -2.4598100851  1.9381265349
     504 -2.0935330807  2.3289738856
     505 -2.6264419407  1.7055212846
     506 -1.4325090450  2.7847653322
     507 -0.8169501733  3.0231759020
     508 -1.4960632765  2.7511442697
     509 -0.4401611397  3.1005254863
     510  0.3906987830  3.1071457289
     511 -0.2172225297  3.1240701804
     512  0.5987610493  3.0738388581
     513  1.4183110841  2.7920232429
     514  0.9181249373  2.9940017901
     515  1.4388694778  2.7814842703
     516  2.1431008570  2.2834445113
     517  1.7987690778  2.5634800418
     518  2.0256483735  2.3882522452
     519  2.5887594855  1.7621930786
     520  2.3802408889  2.0350561247
     521  2.4086195332  2.0013875347
     522  2.8352421245  1.3298128498
     523  2.7206040748  1.5509073435
     524  2.6632387086  1.6474706980
     525  2.9719982235  0.9870292191
     526  2.9086746998  1.1604359570
     527  2.1603005610  2.2671792179
     528  2.1743853487  2.2536744386
     529  1.1737545456  2.9033257458
     530 -0.0000000000  3.1316130220
     531 -0.0000000000  3.1316130220
     532  3.1296261969  0.1115346928
     533  3.1312139685  0.0499920328
     534  2.8743167701  1.2431022584
     535  2.3065096979 -2.1182570980
     536  2.2269673221 -2.2017303800
     537  2.9030313788 -1.1744824108
     538  0.1783883959 -3.1265280584
     539  0.0012861647 -3.1316127579
     540  1.1962303040 -2.8941377264
     541 -1.9932151353 -2.4153868312
     542 -2.1816900637 -2.2466037892
     543 -1.1913686471 -2.8961424113
     544 -3.0799841853 -0.5663016319
     545 -3.1252974567 -0.1987861330
     546 -2.8524895517 -1.2924022119
     547 -2.8038671926  1.3947504744
     548 -2.5420702514  1.8289010243
     549 -3.0029496654  0.8884218742
     550 -1.5763516308  2.7059408079
     551 -0.9933323939  2.9698974519
     552 -1.8356772516  2.5371813391
     553 -0.0571526702  3.1310914538
     554  0.7060770424  3.0509761274
     555 -0.1196439230  3.1293266770
     556  1.2482669353  2.8720776066
     557  2.0051936097  2.4054518717
     558  1.4216357677  2.7903318555
     559  2.1849034287  2.2434788003
     560  2.7535322456  1.4916635989
     561  2.4432655771  1.9589419183
     562  2.7299051927  1.5344763792
     563  3.0647102571  0.6438564745
     564  2.9509159910  1.0483772861
     565  2.9897982816  0.9317222523
     566  3.1315462656  0.0204476404
     567  3.1170146324  0.3020263251
     568  3.0892226559  0.5135206932
     569  3.1129880819 -0.3410356606
     570  3.1257712056 -0.1911922862
     571  3.1196831076  0.2730886818
     572  3.0982871686 -0.4556498006
     573  3.1023608412 -0.4270331728
     574 -0.9069244441  2.9974135805
     575 -0.4635044496  3.0971218486
     576 -0.6207129065  3.0694813255
     577 -1.2167985279  2.8855504609
     578 -1.0633320084  2.9455602455
     579 -1.7191028151  2.6175724691
     580 -1.3429006154  2.8290666406
     581 -1.6871732309  2.6382658336
     582 -2.1089663954  2.3150077458
     583 -1.9200026108  2.4739826383
     584 -2.2764318296  2.1505483592
     585 -2.0344120428  2.3807914146
     586 -2.4459336716  1.9556095199
     587 -2.6847576494  1.6121651541
     588 -2.4951582537  1.8924020209
     589 -2.5579388226  1.8066402796
     590 -2.4461096665  1.9553893779
     591 -2.8662440608  1.2616041787
     592 -3.0021858602  0.8909995403
     593 -2.8175071561  1.3669870317
     594 -2.6351614937  1.6920177369
     595 -2.6162250297  1.7211527283
     596 -3.0714602524  0.6108453469
     597 -3.1146504673  0.3255035889
     598 -2.9549824563  1.0368600691
     599 -0.8650446456  3.0097670808
     600 -1.6627718253  2.6537124895
     601 -1.4444440057  2.7785934633
     602 -2.1340650994  2.2918914179
     603 -2.5285383028  1.8475643889
     604 -2.3305017331  2.0918321615
     605 -2.8218548462  1.3579894502
     606 -2.9992229318  0.9009228188
     607 -2.8641535618  1.2663429608
     608 -3.1174817649  0.2971658883
     609 -3.1154193889 -0.3180599801
     610 -3.1179689865  0.2920094500
     611 -3.0476125109 -0.7204568713
     612 -2.9280587854 -1.1106177870
     613 -3.1055104137 -0.4034912514
     614 -0.8371405611  3.0176473950
     615 -1.6133534395  2.6840437402
     616 -1.6381327412  2.6689925519
     617 -2.0978487761  2.3250872311
     618 -2.4693321570  1.9259799631
     619 -2.6990153779  1.5881801250
     620 -2.8827744407  1.2233607986
     621 -2.7235975080  1.5456444399
     622 -2.1638279390  2.2638128832
     623 -2.6084793553  1.7328691736
     624 -2.5407411639  1.8307469672
     625 -2.8803293053  1.2291066726
     626 -3.0559401278  0.6842733777
     627 -2.9815660615  0.9577389731
     628 -3.0364304956  0.7662179620
     629 -3.1129607991  0.3412846076
     630 -3.0688757338  0.6237001283
     631 -3.1280818320  0.1486747199
     632 -3.1135017274 -0.3363140103
     633 -3.1316120242  0.0024999564
     634 -3.1314485576 -0.0320944106
     635 -3.1053119657 -0.4050156978
     636 -3.1106693439 -0.3615748228
     637 -2.6118840589 -1.7277331341
     638 -2.9491177417 -1.0534252064
     639 -3.0290214440 -0.7950026489
     640 -2.9039583139 -1.1721886498
     641 -2.7718735346 -1.4572979201
     642 -3.0376188363 -0.7614932205
     643 -2.3814024991 -2.0336966974
     644 -2.1152890612 -2.3092319735
     645 -2.5919113858 -1.7575538364
     646 -0.9425823053  2.9863922578
     647 -1.7977423295  2.5642001943
     648 -1.7066001890  2.6257410220
     649 -2.3855610245  2.0288170736
     650 -2.8196035373  1.3626577017
     651 -2.7203456670  1.5513605551
     652 -3.0444573196  0.7336755066
     653 -3.1308009909  0.0713111137
     654 -3.1085158560  0.3796436390
     655 -3.0836538684 -0.5459660607
     656 -2.9385477407 -1.0825605274
     657 -3.0489415912 -0.7148113692
     658 -2.7130864776 -1.5640210628
     659 -2.4094338000 -2.0004071794
     660 -2.6887775226 -1.6054518222
     661 -2.0620226450 -2.3569180578
     662 -1.6625107545 -2.6538760542
     663 -2.1867891542 -2.2416407640
     664 -1.2691733765 -2.8629004629
     665 -0.8501557552 -3.0140065215
     666 -1.5240234553 -2.7357544896
     667 -1.1817371432  2.9000857650
     668 -2.1887372467  2.2397386867
     669 -1.9998296934  2.4099131348
     670 -2.7119177829  1.5660466336
     671 -3.0339026093  0.7761669130
     672 -2.9414065771  1.0747685649
     673 -3.1306666363  0.0769839737
     674 -3.0683849856 -0.6261099742
     675 -3.1191466359 -0.2791493925
     676 -2.8654179716 -1.2634793104
     677 -2.5697130718 -1.7898533037
     678 -2.7767427000 -1.4479986525
     679 -2.1726644262 -2.2553335476
     680 -1.6926876109 -2.6347312523
     681 -2.0754377426 -2.3451137065
     682 -1.0500860730 -2.9503083498
     683 -0.3526049940 -3.1116988669
     684 -1.0332343739 -2.9562521625
     685  0.1235205942 -3.1291760549
     686  0.5967841509 -3.0742232835
     687 -0.1302148568 -3.1289046343
     688 -1.0719491254  2.9424352486
     689 -2.0143849685  2.3977600627
     690 -2.1030470169  2.3203864688
     691 -2.6351919496  1.6919703037
     692 -2.9474638660  1.0580438924
     693 -3.0912375633  0.5012488875
     694 -3.1307749446 -0.0724456061
     695 -3.1114059452  0.3551804672
     696 -2.6327341105  1.6957922111
     697 -3.0161547488  0.8425026118
     698 -2.9837562281  0.9508937329
     699 -3.1306536619  0.0775097993
     700 -3.0541510731 -0.6922148095
     701 -3.1079504615 -0.3842447773
     702 -3.0462787714 -0.7260755930
     703 -2.8268569452 -1.3475458921
     704 -2.9696110144 -0.9941883841
     705 -2.8202457219 -1.3613280971
     706 -2.4418562915 -1.9606983377
     707 -2.6521357003 -1.6652856652
     708 -2.4818802355 -1.9097828716
     709 -2.0702193840 -2.3497216478
     710 -2.3367953024 -2.0847992312
     711 -1.9563439622 -2.4453462784
     712 -1.4273440392 -2.7874162075
     713 -1.7624208557 -2.5886044208
     714 -1.6079326388 -2.6872946896
     715 -1.0919199611 -2.9350827788
     716 -1.4003794599 -2.8010600651
     717 -0.8745439988 -3.0070206042
     718 -0.2901924564 -3.1181386207
     719 -0.6970911303 -3.0530417743
     720 -0.6659325582 -3.0599892071
     721 -0.2265672510 -3.1234063777
     722 -0.2896438154 -3.1181896318
     723  1.2857729287 -2.8554838636
     724  0.4838528369 -3.0940081694
     725  0.2522579391 -3.1214365366
     726  0.7251820066 -3.0464916178
     727  1.0100040021 -2.9642692245
     728  0.2204252718 -3.1238458380
     729  1.6120848512 -2.6848058686
     730  1.9161020151 -2.4770048824
     731  1.2914414659 -2.8529246502
     732 -1.0958031351  2.9336352208
     733 -2.0530525931  2.3647357505
     734 -2.0337857290  2.3813264640
     735 -2.7748672845  1.4515893610
     736 -3.1133292773  0.3379066892
     737 -3.0751090847  0.5922028678
     738 -3.0881259122 -0.5200754469
     739 -2.8309229559 -1.3389829489
     740 -2.9602540840 -1.0217122285
     741 -2.4369899529 -1.9667435240
     742 -1.9065669639 -2.4843515315
     743 -2.1899188824 -2.2385833485
     744 -1.3002344343 -2.8489279625
     745 -0.6810961961 -3.0566498150
     746 -1.0627798550 -2.9457595115
     747 -0.0362651897 -3.1314030331
     748  0.6101233207 -3.0716037592
     749  0.1616487484 -3.1274382171
     750  1.2801279575 -2.8580189874
     751  1.8855782939 -2.5003189032
     752  1.3336374922 -2.8334451043
     753  2.1858112833 -2.2425942909
     754  2.4511493605 -1.9490682216
     755  1.9226399625 -2.4719335942
     756  2.6553458440 -1.6601622115
     757  2.8256531790 -1.3500682322
     758  2.4369143157 -1.9668372423
     759 -1.0648282452  2.9450196821
     760 -2.0027611001  2.4074775380
     761 -2.0280193794  2.3862391994
     762 -2.6872710475  1.6079721505
     763 -3.0682367223  0.6268361317
     764 -3.0941575320  0.4828967664
     765 -3.1119105257 -0.3507320908
     766 -2.9600129593 -1.0224105832
     767 -2.7082202507 -1.5724322540
     768 -2.3553790928 -2.0637803781
     769 -2.6183513952 -1.7179162060
     770 -3.1193783590 -0.2765479586
     771 -2.9101035382 -1.1568480957
     772 -2.9358278105 -1.0899152201
     773 -2.4964549913 -1.8906910366
     774 -1.9021619010 -2.4877259138
     775 -2.1392978073 -2.2870078730
     776 -1.8406680482 -2.5335629568
     777 -1.2348114753 -2.8778882432
     778 -1.5829663327 -2.7020765550
     779 -1.2434334772 -2.8741734999
     780 -0.5107497002 -3.0896820004
     781 -0.8791800835 -3.0056683950
     782 -0.5635092498 -3.0804962985
     783  0.0864473611 -3.1304196162
     784 -0.2996020993 -3.1172485788
     785  0.2169417975 -3.1240896876
     786  0.8854797794 -3.0038185165
     787  0.4900704096 -3.0930294395
     788  0.6836041703 -3.0560898969
     789  1.2555163316 -2.8689159731
     790  0.9383091780 -2.9877376067
     791  1.4863509790 -2.7564036147
     792  2.0232271592 -2.3903037426
     793  1.6567443536 -2.6574796832
     794  1.6485727181 -2.6625566873
     795  2.0085006357 -2.4026912653
     796  1.9476497978 -2.4522765719
     797  2.8907966713 -1.2042818295
     798  2.4745434415 -1.9192797805
     799  2.3501202523 -2.0697668757
     800  2.6372126415 -1.6888189966
     801  2.7746022745 -1.4520958433
     802  2.3564675181 -2.0625375041
     803  3.0000724763 -0.8980897821
     804  3.0770147793 -0.5822200341
     805  2.8473167847 -1.3037588916
     806  3.1208242780 -0.2597228251
     807  3.1309261958  0.0655841140
     808  3.0612460459 -0.6601308705
     809 -1.0568256541  2.9479008899
     810 -1.9896541749  2.4183209845
     811 -1.9962149882  2.4129081708
     812 -2.6803578081  1.6194697096
     813 -3.0662552500  0.6364580596
     814 -3.0672494212  0.6316495136
     815 -3.1073974291 -0.3886918284
     816 -2.8150112317 -1.3721194865
     817 -2.8645797563 -1.2653785755
     818 -2.1726171088 -2.2553791296
     819 -1.2659685959 -2.8643190524
     820 -1.5952173236 -2.6948621134
     821 -0.5099990469 -3.0898059958
     822  0.2783378223 -3.1192191613
     823 -0.1171410383 -3.1294213677
     824  1.0173940369 -2.9617409565
     825  1.6554605180 -2.6582796304
     826  1.2821650281 -2.8571056964
     827  2.2754880067 -2.1515469903
     828  2.7467370388 -1.5041395413
     829  2.4257911109 -1.9805397260
     830  2.9588770940 -1.0256931620
     831  3.0883745095 -0.5185971546
     832  2.9219759398 -1.1265241794
     833  3.1280679003 -0.1489675502
     834  3.1236801209  0.2227613568
     835  3.0907273983 -0.5043850406
     836  3.0818919720  0.5558255057
     837  3.0046930311  0.8825077386
     838  3.1278027094  0.1544355242
     839  2.9004378416  1.1808727480
     840  2.7666383830  1.4672123832
     841  3.0309163637  0.7877474952
     842 -1.0634321863  2.9455240798
     843 -2.0004778636  2.4093751134
     844 -1.9950710938  2.4138540657
     845 -2.6943183975  1.5961354869
     846 -3.0742000303  0.5969039233
     847 -3.0702916300  0.6166923271
     848 -3.0989517011 -0.4511080516
     849 -2.7764457440 -1.4485679654
     850 -2.7959892759 -1.4104765467
     851 -2.1689335062 -2.2589217706
     852 -1.3345678307 -2.8330070288
     853 -1.3003628056 -2.8488693711
     854 -0.6151274324 -3.0706055366
     855  0.0649491195 -3.1309394328
     856  0.5970824399 -3.0741653631
     857  1.1117787722 -2.9276181584
     858  0.7016293546 -3.0520020263
     859 -0.5185711603 -3.0883788743
     860  0.3360795726 -3.1135270419
     861  0.2007028905 -3.1251749502
     862  1.0375754979 -2.9547313255
     863  1.6843369033 -2.6400775208
     864  1.4054324255 -2.7985281519
     865  1.6652083368 -2.6521842536
     866  2.1308254372 -2.2949037182
     867  1.9018402540 -2.4879718181
     868  2.2133818437 -2.2153873101
     869  2.6191754750 -1.7166595326
     870  2.3925329904 -2.0205905101
     871  2.4644350410 -1.9322422334
     872  2.7370258872 -1.5217389437
     873  2.7418966654 -1.5129450737
     874  3.1309589755  0.0640001075
     875  3.0416431576 -0.7452563461
     876  2.9227713023 -1.1244589963
     877  3.0511963049 -0.7051249740
     878  3.1149074399 -0.3230352310
     879  2.8799434900 -1.2300104121
     880  3.0924549605  0.4936825263
     881  2.9952647660  0.9139962262
     882  3.1250197703  0.2031047880
     883  2.8614639146  1.2724088907
     884  2.6849593379  1.6118292321
     885  2.9862102747  0.9431586902
     886  2.4978357839  1.8888664634
     887  2.2822458036  2.1443773483
     888  2.7177220803  1.5559520604
     889  2.0567469148  2.3615232898
     890  1.8106923426  2.5550720852
     891  2.3524143864  2.0671590830
     892 -1.0801778231  2.9394244318
     893 -2.0277713189  2.3864499991
     894 -2.0141571482  2.3979514386
     895 -2.7237104564  1.5454453952
     896 -3.0886994057  0.5166585923
     897 -3.0817109504  0.5568282844
     898 -3.0807681256 -0.5620212416
     899 -2.7072997885 -1.5740165103
     900 -2.7425908443 -1.5116863366
     901 -2.0312763587 -2.3834673219
     902 -1.1248817436 -2.9226086263
     903 -1.2305388991 -2.8797177184
     904 -0.1600144748 -3.1275222601
     905  0.8207315540 -3.0221515244
     906  0.5802057141 -3.0773952377
     907  1.5869657033 -2.6997296117
     908  2.2413710354 -2.1870656143
     909  1.9758794244 -2.4295885701
     910  2.7021707735 -1.5828054936
     911  2.9917338704 -0.9254882865
     912  2.8332079868 -1.3341411556
     913  3.1212452599 -0.2546137212
     914  3.1021747739  0.4283827635
     915  3.1284507111 -0.1406992119
     916  2.9861724988  0.9432782872
     917  2.7853447655  1.4313820793
     918  3.0361317291  0.7674009665
     919  2.5470065555  1.8220202320
     920  2.2542835920  2.1737538055
     921  2.6992937558  1.5877069439
     922  1.9716588069  2.4330149339
     923  1.6594590093  2.6557853672
     924  2.2340442692  2.1945492300
     925  1.3663108481  2.8178351240
     926  1.0575287196  2.9476487455
     927  1.7175095395  2.6186181664
     928  0.7661509490  3.0364474050
     929  0.4675244231  3.0965175655
     930  1.1708367418  2.9045036485
     931 -1.1034385974  2.9307718065
     932 -2.0653448995  2.3540073420
     933 -2.0466223826  2.3703031331
     934 -2.7618501330  1.4762059350
     935 -3.1047371054  0.4093991039
     936 -3.0971828575  0.4630966066
     937 -3.0502133737 -0.7093648528
     938 -2.6054752157 -1.7373828076
     939 -2.6576430637 -1.6564822564
     940 -1.8198696396 -2.5485436262
     941 -0.7976313895 -3.0283302803
     942 -0.9627085567 -2.9799651600
     943  0.4053256780 -3.1052715203
     944  1.5482281915 -2.7221296051
     945  1.1939395751 -2.8950834894
     946  2.2268962993 -2.2018022145
     947  2.7394995286 -1.5172812700
     948  2.5128522140 -1.8688429229
     949  3.0377746829 -0.7608712739
     950  3.1316124728  0.0018546652
     951  3.0965843370 -0.4670819668
     952  3.0063285780  0.8769199514
     953  2.6414954807  1.6821122867
     954  2.9394548705  1.0800949885
     955  2.2704083607  2.1569065801
     956  1.8152558222  2.5518319733
     957  2.3675384035  2.0498199989
     958  1.4143492695  2.7940322589
     959  0.9818073641  2.9737273613
     960  1.6667508591  2.6512151353
     961  0.6084981443  3.0719261267
     962  0.2259481674  3.1234512235
     963  0.9712712622  2.9771852907
     964 -0.0945967195  3.1301839531
     965 -0.4141500689  3.1041069312
     966  0.3310631867  3.1140644319
     967 -0.6978460323  3.0528693118
     968 -0.9756266933  2.9757608565
     969 -0.2611281447  3.1207070051
     970 -1.1289789706  2.9210283470
     971 -2.1061220459  2.3175957472
     972 -2.0858118183  2.3358915168
     973 -2.8007789901  1.4009415294
     974 -3.1176568219  0.2953236542
     975 -3.1117197768  0.3524204174
     976 -3.0146322171 -0.8479343815
     977 -2.5065664018 -1.8772652965
     978 -2.5569769006 -1.8080014518
     979 -1.6709309864 -2.6485825942
     980 -0.6149553854 -3.0706399974
     981 -0.7066101310 -3.0508527075
     982  0.4810553777 -3.0944443513
     983  1.5181155308 -2.7390373044
     984  1.5331951817 -2.7306249568
     985  2.1467253886 -2.2800373299
     986  2.6240313139 -1.7092278325
     987  2.8948566795 -1.1944893993
     988  3.0658220538 -0.6385415053
     989  2.9357252068 -1.0901915564
     990  2.2474402499 -2.1808283846
     991  2.7834585825 -1.4350464938
     992  2.7072174997 -1.5741580382
     993  3.0539674062 -0.6930246763
     994  3.1302295187  0.0930767437
     995  3.1195479924 -0.2746278266
     996  3.1314590966  0.0310490887
     997  3.0589900739  0.6705071570
     998  3.1133042729  0.3381369900
     999  3.0195224082  0.8303520615
    1000  2.7541204394  1.4905773126
    1001  2.9353356367  1.0912400376
    1002  2.8979137140  1.1870535902
    1003  2.6503250920  1.6681657671
    1004  2.6459186880  1.6751460881
    1005  1.2400396601  2.8756393656
    1006  2.0304435075  2.3841768564
    1007  2.3478715575  2.0723173669
    1008  1.9844140866  2.4226227219
    1009  1.6280600308  2.6751487166
    1010  2.4146659004  1.9940884407
    1011  0.7632055691  3.0371890588
    1012  0.2666444084  3.1202405162
    1013  1.0790501427  2.9398385856
    1014 -0.1812716639  3.1263622157
    1015 -0.6254786703  3.0685137368
    1016  0.1843593715  3.1261816553
    1017 -0.9773860305  2.9751834678
    1018 -1.3160832773  2.8416412382
    1019 -0.5629856473  3.0805920341
    1020 -1.5783456314  2.7047782141
    1021 -1.8265248222  2.5437781338
    1022 -1.1548375192  2.9109019949
    1023 -2.0248670439  2.3889147273
    1024 -2.2101371141  2.2186243613
    1025 -1.6372484750  2.6695350814
    1026 -1.1543517818  2.9110946538
    1027 -2.1461318988  2.2805959732
    1028 -2.1262073991  2.2991829453
    1029 -2.8392749871  1.3211804069
    1030 -3.1268289270  0.1730346243
    1031 -3.1228415436  0.2342238531
    1032 -2.9672875078 -1.0011018759
    1033 -2.3829228753 -2.0319150302
    1034 -2.4459660240 -1.9555690551
    1035 -1.4714925891 -2.7643642452
    1036 -0.3549203424 -3.1114356285
    1037 -0.4853666684 -3.0937710512
    1038  0.7680034620 -3.0359793811
    1039  1.7917329119 -2.5684028680
    1040  1.6571219647 -2.6572442330
    1041  2.5287443762 -1.8472823280
    1042  2.9916080782 -0.9258948247
    1043  2.8987332278 -1.1850509668
    1044  3.1316128726 -0.0009676070
    1045  2.9921796644  0.9240459815
    1046  3.0892721677  0.5132227527
    1047  2.6264419407  1.7055212846
    1048  2.0935330807  2.3289738856
    1049  2.4598100851  1.9381265349
    1050  1.4960632765  2.7511442697
    1051  0.8169501733  3.0231759020
    1052  1.4325090450  2.7847653322
    1053  0.2172225297  3.1240701804
    1054 -0.3906987830  3.1071457289
    1055  0.4401611397  3.1005254863
    1056 -0.9181249373  2.9940017901
    1057 -1.4183110841  2.7920232429
    1058 -0.5987610493  3.0738388581
    1059 -1.7987690778  2.5634800418
    1060 -2.1431008570  2.2834445113
    1061 -1.4388694778  2.7814842703
    1062 -2.3802408889  2.0350561247
    1063 -2.5887594855  1.7621930786
    1064 -2.0256483735  2.3882522452
    1065 -2.7206040748  1.5509073435
    1066 -2.8352421245  1.3298128498
    1067 -2.4086195332  2.0013875347
    1068 -2.9086746998  1.1604359570
    1069 -2.9719982235  0.9870292191
    1070 -2.6632387086  1.6474706980
    1071 -1.1737545456  2.9033257458
    1072 -2.1743853487  2.2536744386
    1073 -2.1603005610  2.2671792179
    1074 -2.8743167701  1.2431022584
    1075 -3.1312139685  0.0499920328
    1076 -3.1296261969  0.1115346928
    1077 -2.9030313788 -1.1744824108
    1078 -2.2269673221 -2.2017303800
    1079 -2.3065096979 -2.1182570980
    1080 -1.1962303040 -2.8941377264
    1081 -0.0012861647 -3.1316127579
    1082 -0.1783883959 -3.1265280584
    1083  1.1913686471 -2.8961424113
    1084  2.1816900637 -2.2466037892
    1085  1.9932151353 -2.4153868312
    1086  2.8524895517 -1.2924022119
    1087  3.1252974567 -0.1987861330
    1088  3.0799841853 -0.5663016319
    1089  3.0029496654  0.8884218742
    1090  2.5420702514  1.8289010243
    1091  2.8038671926  1.3947504744
    1092  1.8356772516  2.5371813391
    1093  0.9933323939  2.9698974519
    1094  1.5763516308  2.7059408079
    1095  0.1196439230  3.1293266770
    1096 -0.7060770424  3.0509761274
    1097  0.0571526702  3.1310914538
    1098 -1.4216357677  2.7903318555
    1099 -2.0051936097  2.4054518717
    1100 -1.2482669353  2.8720776066
    1101 -2.4432655771  1.9589419183
    1102 -2.7535322456  1.4916635989
    1103 -2.1849034287  2.2434788003
    1104 -2.9509159910  1.0483772861
    1105 -3.0647102571  0.6438564745
    1106 -2.7299051927  1.5344763792
    1107 -3.1170146324  0.3020263251
    1108 -3.1315462656  0.0204476404
    1109 -2.9897982816  0.9317222523
    1110 -3.1257712056 -0.1911922862
    1111 -3.1129880819 -0.3410356606
    1112 -3.0892226559  0.5135206932
    1113 -3.1023608412 -0.4270331728
    1114 -3.0982871686 -0.4556498006
    1115 -3.1196831076  0.2730886818
    1116  0.9069244441  2.9974135805
    1117  0.4635044496  3.0971218486
    1118 -0.0000000000  3.1316130220
    1119 -0.0000000000  3.1316130220
    1120 -0.0000000000  3.1316130220
    1121  0.6207129065  3.0694813255
    1122  1.2167985279  2.8855504609
    1123  1.0633320084  2.9455602455
    1124  1.7191028151  2.6175724691
    1125  1.3429006154  2.8290666406
    1126  1.6871732309  2.6382658336
    1127  2.1089663954  2.3150077458
    1128  1.9200026108  2.4739826383
    1129  2.2764318296  2.1505483592
    1130  2.0344120428  2.3807914146
    1131  2.4459336716  1.9556095199
    1132  2.6847576494  1.6121651541
    1133  2.4951582537  1.8924020209
    1134  2.5579388226  1.8066402796
    1135  2.4461096665  1.9553893779
    1136  2.8662440608  1.2616041787
    1137  3.0021858602  0.8909995403
    1138  2.8175071561  1.3669870317
    1139  2.6162250297  1.7211527283
    1140  3.0714602524  0.6108453469
    1141 -0.0000000000  3.1316130220
    1142 -0.0000000000  3.1316130220
    1143  0.8650446456  3.0097670808
    1144  1.6627718253  2.6537124895
    1145  1.4444440057  2.7785934633
    1146  2.1340650994  2.2918914179
    1147  2.5285383028  1.8475643889
    1148  2.3305017331  2.0918321615
    1149  2.8218548462  1.3579894502
    1150  2.9992229318  0.9009228188
    1151  2.8641535618  1.2663429608
    1152  3.1174817649  0.2971658883
    1153  3.1154193889 -0.3180599801
    1154  3.1179689865  0.2920094500
    1155  3.0476125109 -0.7204568713
    1156 -0.0000000000  3.1316130220
    1157 -0.0000000000  3.1316130220
    1158  0.8371405611  3.0176473950
    1159  1.6133534395  2.6840437402
    1160  1.6381327412  2.6689925519
    1161  2.0978487761  2.3250872311
    1162  2.4693321570  1.9259799631
    1163  2.6990153779  1.5881801250
    1164  2.8827744407  1.2233607986
    1165  2.7235975080  1.5456444399
    1166  2.1638279390  2.2638128832
    1167  2.6084793553  1.7328691736
    1168  2.5407411639  1.8307469672
    1169  2.8803293053  1.2291066726
    1170  3.0559401278  0.6842733777
    1171  2.9815660615  0.9577389731
    1172  3.0364304956  0.7662179620
    1173  3.1129607991  0.3412846076
    1174  3.0688757338  0.6237001283
    1175  3.1280818320  0.1486747199
    1176  3.1135017274 -0.3363140103
    1177  3.1316120242  0.0024999564
    1178  3.1314485576 -0.0320944106
    1179  3.1053119657 -0.4050156978
    1180  3.1106693439 -0.3615748228
    1181  2.6118840589 -1.7277331341
    1182  2.9491177417 -1.0534252064
    1183  3.0290214440 -0.7950026489
    1184  2.9039583139 -1.1721886498
    1185  2.7718735346 -1.4572979201
    1186  3.0376188363 -0.7614932205
    1187  2.3814024991 -2.0336966974
    1188 -0.0000000000  3.1316130220
    1189 -0.0000000000  3.1316130220
    1190  0.9425823053  2.9863922578
    1191  1.7977423295  2.5642001943
    1192  1.7066001890  2.6257410220
    1193  2.3855610245  2.0288170736
    1194  2.8196035373  1.3626577017
    1195  2.7203456670  1.5513605551
    1196  3.0444573196  0.7336755066
    1197  3.1308009909  0.0713111137
    1198  3.1085158560  0.3796436390
    1199  3.0836538684 -0.5459660607
    1200  2.9385477407 -1.0825605274
    1201  3.0489415912 -0.7148113692
    1202  2.7130864776 -1.5640210628
    1203  2.4094338000 -2.0004071794
    1204  2.6887775226 -1.6054518222
    1205  2.0620226450 -2.3569180578
    1206  1.6625107545 -2.6538760542
    1207  2.1867891542 -2.2416407640
    1208  1.2691733765 -2.8629004629
    1209 -0.0000000000  3.1316130220
    1210 -0.0000000000  3.1316130220
    1211  1.1817371432  2.9000857650
    1212  2.1887372467  2.2397386867
    1213  1.9998296934  2.4099131348
    1214  2.7119177829  1.5660466336
    1215  3.0339026093  0.7761669130
    1216  2.9414065771  1.0747685649
    1217  3.1306666363  0.0769839737
    1218  3.0683849856 -0.6261099742
    1219  3.1191466359 -0.2791493925
    1220  2.8654179716 -1.2634793104
    1221  2.5697130718 -1.7898533037
    1222  2.7767427000 -1.4479986525
    1223  2.1726644262 -2.2553335476
    1224  1.6926876109 -2.6347312523
    1225  2.0754377426 -2.3451137065
    1226  1.0500860730 -2.9503083498
    1227  0.3526049940 -3.1116988669
    1228  1.0332343739 -2.9562521625
    1229 -0.1235205942 -3.1291760549
    1230 -0.0000000000  3.1316130220
    1231 -0.0000000000  3.1316130220
    1232  1.0719491254  2.9424352486
    1233  2.0143849685  2.3977600627
    1234  2.1030470169  2.3203864688
    1235  2.6351919496  1.6919703037
    1236  2.9474638660  1.0580438924
    1237  3.0912375633  0.5012488875
    1238  3.1307749446 -0.0724456061
    1239  3.1114059452  0.3551804672
    1240  2.6327341105  1.6957922111
    1241  3.0161547488  0.8425026118
    1242  2.9837562281  0.9508937329
    1243  3.1306536619  0.0775097993
    1244  3.0541510731 -0.6922148095
    1245  3.1079504615 -0.3842447773
    1246  3.0462787714 -0.7260755930
    1247  2.8268569452 -1.3475458921
    1248  2.9696110144 -0.9941883841
    1249  2.8202457219 -1.3613280971
    1250  2.4418562915 -1.9606983377
    1251  2.6521357003 -1.6652856652
    1252  2.4818802355 -1.9097828716
    1253  2.0702193840 -2.3497216478
    1254  2.3367953024 -2.0847992312
    1255  1.9563439622 -2.4453462784
    1256  1.4273440392 -2.7874162075
    1257  1.7624208557 -2.5886044208
    1258  1.6079326388 -2.6872946896
    1259  1.0919199611 -2.9350827788
    1260  1.4003794599 -2.8010600651
    1261  0.8745439988 -3.0070206042
    1262  0.2901924564 -3.1181386207
    1263  0.6970911303 -3.0530417743
    1264  0.6659325582 -3.0599892071
    1265  0.2265672510 -3.1234063777
    1266  0.2896438154 -3.1181896318
    1267 -1.2857729287 -2.8554838636
    1268 -0.4838528369 -3.0940081694
    1269 -0.2522579391 -3.1214365366
    1270 -0.7251820066 -3.0464916178
    1271 -1.0100040021 -2.9642692245
    1272 -0.2204252718 -3.1238458380
    1273 -1.6120848512 -2.6848058686
    1274 -0.0000000000  3.1316130220
    1275 -0.0000000000  3.1316130220
    1276  1.0958031351  2.9336352208
    1277  2.0530525931  2.3647357505
    1278  2.0337857290  2.3813264640
    1279  2.7748672845  1.4515893610
    1280  3.1133292773  0.3379066892
    1281  3.0751090847  0.5922028678
    1282  3.0881259122 -0.5200754469
    1283  2.8309229559 -1.3389829489
    1284  2.9602540840 -1.0217122285
    1285  2.4369899529 -1.9667435240
    1286  1.9065669639 -2.4843515315
    1287  2.1899188824 -2.2385833485
    1288  1.3002344343 -2.8489279625
    1289  0.6810961961 -3.0566498150
    1290  1.0627798550 -2.9457595115
    1291  0.0362651897 -3.1314030331
    1292 -0.6101233207 -3.0716037592
    1293 -0.1616487484 -3.1274382171
    1294 -1.2801279575 -2.8580189874
    1295 -1.8855782939 -2.5003189032
    1296 -1.3336374922 -2.8334451043
    1297 -2.1858112833 -2.2425942909
    1298 -2.4511493605 -1.9490682216
    1299 -1.9226399625 -2.4719335942
    1300 -2.6553458440 -1.6601622115
    1301 -0.0000000000  3.1316130220
    1302 -0.0000000000  3.1316130220
    1303  1.0648282452  2.9450196821
    1304  2.0027611001  2.4074775380
    1305  2.0280193794  2.3862391994
    1306  2.6872710475  1.6079721505
    1307  3.0682367223  0.6268361317
    1308  3.0941575320  0.4828967664
    1309  3.1119105257 -0.3507320908
    1310  2.9600129593 -1.0224105832
    1311  2.7082202507 -1.5724322540
    1312  2.3553790928 -2.0637803781
    1313  2.6183513952 -1.7179162060
    1314  3.1193783590 -0.2765479586
    1315  2.9101035382 -1.1568480957
    1316  2.9358278105 -1.0899152201
    1317  2.4964549913 -1.8906910366
    1318  1.9021619010 -2.4877259138
    1319  2.1392978073 -2.2870078730
    1320  1.8406680482 -2.5335629568
    1321  1.2348114753 -2.8778882432
    1322  1.5829663327 -2.7020765550
    1323  1.2434334772 -2.8741734999
    1324  0.5107497002 -3.0896820004
    1325  0.8791800835 -3.0056683950
    1326  0.5635092498 -3.0804962985
    1327 -0.0864473611 -3.1304196162
    1328  0.2996020993 -3.1172485788
    1329 -0.2169417975 -3.1240896876
    1330 -0.8854797794 -3.0038185165
    1331 -0.4900704096 -3.0930294395
    1332 -0.6836041703 -3.0560898969
    1333 -1.2555163316 -2.8689159731
    1334 -0.9383091780 -2.9877376067
    1335 -1.4863509790 -2.7564036147
    1336 -2.0232271592 -2.3903037426
    1337 -1.6567443536 -2.6574796832
    1338 -1.6485727181 -2.6625566873
    1339 -2.0085006357 -2.4026912653
    1340 -1.9476497978 -2.4522765719
    1341 -2.8907966713 -1.2042818295
    1342 -2.4745434415 -1.9192797805
    1343 -2.3501202523 -2.0697668757
    1344 -2.6372126415 -1.6888189966
    1345 -2.7746022745 -1.4520958433
    1346 -2.3564675181 -2.0625375041
    1347 -3.0000724763 -0.8980897821
    1348 -3.0770147793 -0.5822200341
    1349 -2.8473167847 -1.3037588916
    1350 -3.1208242780 -0.2597228251
    1351 -0.0000000000  3.1316130220
    1352 -0.0000000000  3.1316130220
    1353  1.0568256541  2.9479008899
    1354  1.9896541749  2.4183209845
    1355  1.9962149882  2.4129081708
    1356  2.6803578081  1.6194697096
    1357  3.0662552500  0.6364580596
    1358  3.0672494212  0.6316495136
    1359  3.1073974291 -0.3886918284
    1360  2.8150112317 -1.3721194865
    1361  2.8645797563 -1.2653785755
    1362  2.1726171088 -2.2553791296
    1363  1.2659685959 -2.8643190524
    1364  1.5952173236 -2.6948621134
    1365  0.5099990469 -3.0898059958
    1366 -0.2783378223 -3.1192191613
    1367  0.1171410383 -3.1294213677
    1368 -1.0173940369 -2.9617409565
    1369 -1.6554605180 -2.6582796304
    1370 -1.2821650281 -2.8571056964
    1371 -2.2754880067 -2.1515469903
    1372 -2.7467370388 -1.5041395413
    1373 -2.4257911109 -1.9805397260
    1374 -2.9588770940 -1.0256931620
    1375 -3.0883745095 -0.5185971546
    1376 -2.9219759398 -1.1265241794
    1377 -3.1280679003 -0.1489675502
    1378 -3.1236801209  0.2227613568
    1379 -3.0907273983 -0.5043850406
    1380 -3.0818919720  0.5558255057
    1381 -3.0046930311  0.8825077386
    1382 -3.1278027094  0.1544355242
    1383 -2.9004378416  1.1808727480
    1384 -0.0000000000  3.1316130220
    1385 -0.0000000000  3.1316130220
    1386  1.0634321863  2.9455240798
    1387  2.0004778636  2.4093751134
    1388  1.9950710938  2.4138540657
    1389  2.6943183975  1.5961354869
    1390  3.0742000303  0.5969039233
    1391  3.0702916300  0.6166923271
    1392  3.0989517011 -0.4511080516
    1393  2.7764457440 -1.4485679654
    1394  2.7959892759 -1.4104765467
    1395  2.1689335062 -2.2589217706
    1396  1.3345678307 -2.8330070288
    1397  1.3003628056 -2.8488693711
    1398  0.6151274324 -3.0706055366
    1399 -0.0649491195 -3.1309394328
    1400 -0.5970824399 -3.0741653631
    1401 -1.1117787722 -2.9276181584
    1402 -0.7016293546 -3.0520020263
    1403  0.5185711603 -3.0883788743
    1404 -0.3360795726 -3.1135270419
    1405 -0.2007028905 -3.1251749502
    1406 -1.0375754979 -2.9547313255
    1407 -1.6843369033 -2.6400775208
    1408 -1.4054324255 -2.7985281519
    1409 -1.6652083368 -2.6521842536
    1410 -2.1308254372 -2.2949037182
    1411 -1.9018402540 -2.4879718181
    1412 -2.2133818437 -2.2153873101
    1413 -2.6191754750 -1.7166595326
    1414 -2.3925329904 -2.0205905101
    1415 -2.4644350410 -1.9322422334
    1416 -2.7370258872 -1.5217389437
    1417 -2.7418966654 -1.5129450737
    1418 -3.1309589755  0.0640001075
    1419 -3.0416431576 -0.7452563461
    1420 -2.9227713023 -1.1244589963
    1421 -3.0511963049 -0.7051249740
    1422 -3.1149074399 -0.3230352310
    1423 -2.8799434900 -1.2300104121
    1424 -3.0924549605  0.4936825263
    1425 -2.9952647660  0.9139962262
    1426 -3.1250197703  0.2031047880
    1427 -2.8614639146  1.2724088907
    1428 -2.6849593379  1.6118292321
    1429 -2.9862102747  0.9431586902
    1430 -2.4978357839  1.8888664634
    1431 -2.2822458036  2.1443773483
    1432 -2.7177220803  1.5559520604
    1433 -2.0567469148  2.3615232898
    1434 -0.0000000000  3.1316130220
    1435 -0.0000000000  3.1316130220
    1436  1.0801778231  2.9394244318
    1437  2.0277713189  2.3864499991
    1438  2.0141571482  2.3979514386
    1439  2.7237104564  1.5454453952
    1440  3.0886994057  0.5166585923
    1441  3.0817109504  0.5568282844
    1442  3.0807681256 -0.5620212416
    1443  2.7072997885 -1.5740165103
    1444  2.7425908443 -1.5116863366
    1445  2.0312763587 -2.3834673219
    1446  1.1248817436 -2.9226086263
    1447  1.2305388991 -2.8797177184
    1448  0.1600144748 -3.1275222601
    1449 -0.8207315540 -3.0221515244
    1450 -0.5802057141 -3.0773952377
    1451 -1.5869657033 -2.6997296117
    1452 -2.2413710354 -2.1870656143
    1453 -1.9758794244 -2.4295885701
    1454 -2.7021707735 -1.5828054936
    1455 -2.9917338704 -0.9254882865
    1456 -2.8332079868 -1.3341411556
    1457 -3.1212452599 -0.2546137212
    1458 -3.1021747739  0.4283827635
    1459 -3.1284507111 -0.1406992119
    1460 -2.9861724988  0.9432782872
    1461 -2.7853447655  1.4313820793
    1462 -3.0361317291  0.7674009665
    1463 -2.5470065555  1.8220202320
    1464 -2.2542835920  2.1737538055
    1465 -2.6992937558  1.5877069439
    1466 -1.9716588069  2.4330149339
    1467 -1.6594590093  2.6557853672
    1468 -2.2340442692  2.1945492300
    1469 -1.3663108481  2.8178351240
    1470 -1.0575287196  2.9476487455
    1471 -1.7175095395  2.6186181664
    1472 -0.7661509490  3.0364474050
    1473 -0.0000000000  3.1316130220
    1474 -0.0000000000  3.1316130220
    1475  1.1034385974  2.9307718065
    1476  2.0653448995  2.3540073420
    1477  2.0466223826  2.3703031331
    1478  2.7618501330  1.4762059350
    1479  3.1047371054  0.4093991039
    1480  3.0971828575  0.4630966066
    1481  3.0502133737 -0.7093648528
    1482  2.6054752157 -1.7373828076
    1483  2.6576430637 -1.6564822564
    1484  1.8198696396 -2.5485436262
    1485  0.7976313895 -3.0283302803
    1486  0.9627085567 -2.9799651600
    1487 -0.4053256780 -3.1052715203
    1488 -1.5482281915 -2.7221296051
    1489 -1.1939395751 -2.8950834894
    1490 -2.2268962993 -2.2018022145
    1491 -2.7394995286 -1.5172812700
    1492 -2.5128522140 -1.8688429229
    1493 -3.0377746829 -0.7608712739
    1494 -3.1316124728  0.0018546652
    1495 -3.0965843370 -0.4670819668
    1496 -3.0063285780  0.8769199514
    1497 -2.6414954807  1.6821122867
    1498 -2.9394548705  1.0800949885
    1499 -2.2704083607  2.1569065801
    1500 -1.8152558222  2.5518319733
    1501 -2.3675384035  2.0498199989
    1502 -1.4143492695  2.7940322589
    1503 -0.9818073641  2.9737273613
    1504 -1.6667508591  2.6512151353
    1505 -0.6084981443  3.0719261267
    1506 -0.2259481674  3.1234512235
    1507 -0.9712712622  2.9771852907
    1508  0.0945967195  3.1301839531
    1509  0.4141500689  3.1041069312
    1510 -0.3310631867  3.1140644319
    1511  0.6978460323  3.0528693118
    1512 -0.0000000000  3.1316130220
    1513 -0.0000000000  3.1316130220
    1514  1.1289789706  2.9210283470
    1515  2.1061220459  2.3175957472
    1516  2.0858118183  2.3358915168
    1517  2.8007789901  1.4009415294
    1518  3.1176568219  0.2953236542
    1519  3.1117197768  0.3524204174
    1520  3.0146322171 -0.8479343815
    1521  2.5065664018 -1.8772652965
    1522  2.5569769006 -1.8080014518
    1523  1.6709309864 -2.6485825942
    1524  0.6149553854 -3.0706399974
    1525  0.7066101310 -3.0508527075
    1526 -0.4810553777 -3.0944443513
    1527 -1.5181155308 -2.7390373044
    1528 -1.5331951817 -2.7306249568
    1529 -2.1467253886 -2.2800373299
    1530 -2.6240313139 -1.7092278325
    1531 -2.8948566795 -1.1944893993
    1532 -3.0658220538 -0.6385415053
    1533 -2.9357252068 -1.0901915564
    1534 -2.2474402499 -2.1808283846
    1535 -2.7834585825 -1.4350464938
    1536 -2.7072174997 -1.5741580382
    1537 -3.0539674062 -0.6930246763
    1538 -3.1302295187  0.0930767437
    1539 -3.1195479924 -0.2746278266
    1540 -3.1314590966  0.0310490887
    1541 -3.0589900739  0.6705071570
    1542 -3.1133042729  0.3381369900
    1543 -3.0195224082  0.8303520615
    1544 -2.7541204394  1.4905773126
    1545 -2.9353356367  1.0912400376
    1546 -2.8979137140  1.1870535902
    1547 -2.6503250920  1.6681657671
    1548 -2.6459186880  1.6751460881
    1549 -1.2400396601  2.8756393656
    1550 -2.0304435075  2.3841768564
    1551 -2.3478715575  2.0723173669
    1552 -1.9844140866  2.4226227219
    1553 -1.6280600308  2.6751487166
    1554 -2.4146659004  1.9940884407
    1555 -0.7632055691  3.0371890588
    1556 -0.2666444084  3.1202405162
    1557 -1.0790501427  2.9398385856
    1558  0.1812716639  3.1263622157
    1559  0.6254786703  3.0685137368
    1560 -0.1843593715  3.1261816553
    1561  0.9773860305  2.9751834678
    1562  1.3160832773  2.8416412382
    1563  0.5629856473  3.0805920341
    1564  1.5783456314  2.7047782141
    1565  1.8265248222  2.5437781338
    1566  1.1548375192  2.9109019949
    1567  2.0248670439  2.3889147273
    1568 -0.0000000000  3.1316130220
    1569 -0.0000000000  3.1316130220
    1570  1.1543517818  2.9110946538
    1571  2.1461318988  2.2805959732
    1572  2.1262073991  2.2991829453
    1573  2.8392749871  1.3211804069
    1574  3.1268289270  0.1730346243
    1575  3.1228415436  0.2342238531
    1576  2.9672875078 -1.0011018759
    1577  2.3829228753 -2.0319150302
    1578  2.4459660240 -1.9555690551
    1579  1.4714925891 -2.7643642452
    1580  0.3549203424 -3.1114356285
    1581  0.4853666684 -3.0937710512
    1582 -0.7680034620 -3.0359793811
    1583 -1.7917329119 -2.5684028680
    1584 -1.6571219647 -2.6572442330
    1585 -2.5287443762 -1.8472823280
    1586 -2.9916080782 -0.9258948247
    1587 -2.8987332278 -1.1850509668
    1588 -3.1316128726 -0.0009676070
    1589 -2.9921796644  0.9240459815
    1590 -3.0892721677  0.5132227527
    1591 -2.6264419407  1.7055212846
    1592 -2.0935330807  2.3289738856
    1593 -2.4598100851  1.9381265349
    1594 -1.4960632765  2.7511442697
    1595 -0.8169501733  3.0231759020
    1596 -1.4325090450  2.7847653322
    1597 -0.2172225297  3.1240701804
    1598  0.3906987830  3.1071457289
    1599 -0.4401611397  3.1005254863
    1600  0.9181249373  2.9940017901
    1601  1.4183110841  2.7920232429
    1602  0.5987610493  3.0738388581
    1603  1.7987690778  2.5634800418
    1604  2.1431008570  2.2834445113
    1605  1.4388694778  2.7814842703
    1606  2.3802408889  2.0350561247
    1607  2.5887594855  1.7621930786
    1608  2.0256483735  2.3882522452
    1609  2.7206040748  1.5509073435
    1610  2.8352421245  1.3298128498
    1611  2.4086195332  2.0013875347
    1612  2.9086746998  1.1604359570
    1613 -0.0000000000  3.1316130220
    1614 -0.0000000000  3.1316130220
    1615  1.1737545456  2.9033257458
    1616  2.1743853487  2.2536744386
    1617  2.1603005610  2.2671792179
    1618  2.8743167701  1.2431022584
    1619  3.1312139685  0.0499920328
    1620  3.1296261969  0.1115346928
    1621  2.9030313788 -1.1744824108
    1622  2.2269673221 -2.2017303800
    1623  2.3065096979 -2.1182570980
    1624  1.1962303040 -2.8941377264
    1625  0.0012861647 -3.1316127579
    1626  0.1783883959 -3.1265280584
    1627 -1.1913686471 -2.8961424113
    1628 -2.1816900637 -2.2466037892
    1629 -1.9932151353 -2.4153868312
    1630 -2.8524895517 -1.2924022119
    1631 -3.1252974567 -0.1987861330
    1632 -3.0799841853 -0.5663016319
    1633 -3.0029496654  0.8884218742
    1634 -2.5420702514  1.8289010243
    1635 -2.8038671926  1.3947504744
    1636 -1.8356772516  2.5371813391
    1637 -0.9933323939  2.9698974519
    1638 -1.5763516308  2.7059408079
    1639 -0.1196439230  3.1293266770
    1640  0.7060770424  3.0509761274
    1641 -0.0571526702  3.1310914538
    1642  1.4216357677  2.7903318555
    1643  2.0051936097  2.4054518717
    1644  1.2482669353  2.8720776066
    1645  2.4432655771  1.9589419183
    1646  2.7535322456  1.4916635989
    1647  2.1849034287  2.2434788003
    1648  2.9509159910  1.0483772861
    1649  3.0647102571  0.6438564745
    1650  2.7299051927  1.5344763792
    1651  3.1170146324  0.3020263251
    1652  3.1315462656  0.0204476404
    1653  2.9897982816  0.9317222523
    1654  3.1257712056 -0.1911922862
    1655  3.1129880819 -0.3410356606
    1656  3.0892226559  0.5135206932
    1657  3.1023608412 -0.4270331728
    1658 -0.4635044496  3.0971218486
    1659 -0.9069244441  2.9974135805
    1660 -1.0633320084  2.9455602455
    1661 -1.2167985279  2.8855504609
    1662 -0.6207129065  3.0694813255
    1663 -1.3429006154  2.8290666406
    1664 -1.7191028151  2.6175724691
    1665 -1.9200026108  2.4739826383
    1666 -2.1089663954  2.3150077458
    1667 -1.6871732309  2.6382658336
    1668 -2.0344120428  2.3807914146
    1669 -2.2764318296  2.1505483592
    1670 -2.4951582537  1.8924020209
    1671 -2.6847576494  1.6121651541
    1672 -2.4459336716  1.9556095199
    1673 -2.4461096665  1.9553893779
    1674 -2.5579388226  1.8066402796
    1675 -2.8175071561  1.3669870317
    1676 -3.0021858602  0.8909995403
    1677 -2.8662440608  1.2616041787
    1678 -2.6162250297  1.7211527283
    1679 -3.0714602524  0.6108453469
    1680 -1.4444440057  2.7785934633
    1681 -1.6627718253  2.6537124895
    1682 -0.8650446456  3.0097670808
    1683 -2.3305017331  2.0918321615
    1684 -2.5285383028  1.8475643889
    1685 -2.1340650994  2.2918914179
    1686 -2.8641535618  1.2663429608
    1687 -2.9992229318  0.9009228188
    1688 -2.8218548462  1.3579894502
    1689 -3.1179689865  0.2920094500
    1690 -3.1154193889 -0.3180599801
    1691 -3.1174817649  0.2971658883
    1692 -3.0476125109 -0.7204568713
    1693 -1.6381327412  2.6689925519
    1694 -1.6133534395  2.6840437402
    1695 -0.8371405611  3.0176473950
    1696 -2.7235975080  1.5456444399
    1697 -2.8827744407  1.2233607986
    1698 -2.6990153779  1.5881801250
    1699 -2.4693321570  1.9259799631
    1700 -2.0978487761  2.3250872311
    1701 -2.5407411639  1.8307469672
    1702 -2.6084793553  1.7328691736
    1703 -2.1638279390  2.2638128832
    1704 -2.9815660615  0.9577389731
    1705 -3.0559401278  0.6842733777
    1706 -2.8803293053  1.2291066726
    1707 -3.0688757338  0.6237001283
    1708 -3.1129607991  0.3412846076
    1709 -3.0364304956  0.7662179620
    1710 -3.1316120242  0.0024999564
    1711 -3.1135017274 -0.3363140103
    1712 -3.1280818320  0.1486747199
    1713 -3.1106693439 -0.3615748228
    1714 -3.1053119657 -0.4050156978
    1715 -3.1314485576 -0.0320944106
    1716 -2.9491177417 -1.0534252064
    1717 -2.6118840589 -1.7277331341
    1718 -2.7718735346 -1.4572979201
    1719 -2.9039583139 -1.1721886498
    1720 -3.0290214440 -0.7950026489
    1721 -3.0376188363 -0.7614932205
    1722 -2.3814024991 -2.0336966974
    1723 -1.7066001890  2.6257410220
    1724 -1.7977423295  2.5642001943
    1725 -0.9425823053  2.9863922578
    1726 -2.7203456670  1.5513605551
    1727 -2.8196035373  1.3626577017
    1728 -2.3855610245  2.0288170736
    1729 -3.1085158560  0.3796436390
    1730 -3.1308009909  0.0713111137
    1731 -3.0444573196  0.7336755066
    1732 -3.0489415912 -0.7148113692
    1733 -2.9385477407 -1.0825605274
    1734 -3.0836538684 -0.5459660607
    1735 -2.6887775226 -1.6054518222
    1736 -2.4094338000 -2.0004071794
    1737 -2.7130864776 -1.5640210628
    1738 -2.1867891542 -2.2416407640
    1739 -1.6625107545 -2.6538760542
    1740 -2.0620226450 -2.3569180578
    1741 -1.2691733765 -2.8629004629
    1742 -1.9998296934  2.4099131348
    1743 -2.1887372467  2.2397386867
    1744 -1.1817371432  2.9000857650
    1745 -2.9414065771  1.0747685649
    1746 -3.0339026093  0.7761669130
    1747 -2.7119177829  1.5660466336
    1748 -3.1191466359 -0.2791493925
    1749 -3.0683849856 -0.6261099742
    1750 -3.1306666363  0.0769839737
    1751 -2.7767427000 -1.4479986525
    1752 -2.5697130718 -1.7898533037
    1753 -2.8654179716 -1.2634793104
    1754 -2.0754377426 -2.3451137065
    1755 -1.6926876109 -2.6347312523
    1756 -2.1726644262 -2.2553335476
    1757 -1.0332343739 -2.9562521625
    1758 -0.3526049940 -3.1116988669
    1759 -1.0500860730 -2.9503083498
    1760  0.1235205942 -3.1291760549
    1761 -2.1030470169  2.3203864688
    1762 -2.0143849685  2.3977600627
    1763 -1.0719491254  2.9424352486
    1764 -3.1114059452  0.3551804672
    1765 -3.1307749446 -0.0724456061
    1766 -3.0912375633  0.5012488875
    1767 -2.9474638660  1.0580438924
    1768 -2.6351919496  1.6919703037
    1769 -2.9837562281  0.9508937329
    1770 -3.0161547488  0.8425026118
    1771 -2.6327341105  1.6957922111
    1772 -3.1079504615 -0.3842447773
    1773 -3.0541510731 -0.6922148095
    1774 -3.1306536619  0.0775097993
    1775 -2.9696110144 -0.9941883841
    1776 -2.8268569452 -1.3475458921
    1777 -3.0462787714 -0.7260755930
    1778 -2.6521357003 -1.6652856652
    1779 -2.4418562915 -1.9606983377
    1780 -2.8202457219 -1.3613280971
    1781 -2.3367953024 -2.0847992312
    1782 -2.0702193840 -2.3497216478
    1783 -2.4818802355 -1.9097828716
    1784 -1.7624208557 -2.5886044208
    1785 -1.4273440392 -2.7874162075
    1786 -1.9563439622 -2.4453462784
    1787 -1.4003794599 -2.8010600651
    1788 -1.0919199611 -2.9350827788
    1789 -1.6079326388 -2.6872946896
    1790 -0.6970911303 -3.0530417743
    1791 -0.2901924564 -3.1181386207
    1792 -0.8745439988 -3.0070206042
    1793 -0.2896438154 -3.1181896318
    1794 -0.2265672510 -3.1234063777
    1795 -0.6659325582 -3.0599892071
    1796  0.4838528369 -3.0940081694
    1797  1.2857729287 -2.8554838636
    1798  1.0100040021 -2.9642692245
    1799  0.7251820066 -3.0464916178
    1800  0.2522579391 -3.1214365366
    1801  0.2204252718 -3.1238458380
    1802  1.6120848512 -2.6848058686
    1803 -2.0337857290  2.3813264640
    1804 -2.0530525931  2.3647357505
    1805 -1.0958031351  2.9336352208
    1806 -3.0751090847  0.5922028678
    1807 -3.1133292773  0.3379066892
    1808 -2.7748672845  1.4515893610
    1809 -2.9602540840 -1.0217122285
    1810 -2.8309229559 -1.3389829489
    1811 -3.0881259122 -0.5200754469
    1812 -2.1899188824 -2.2385833485
    1813 -1.9065669639 -2.4843515315
    1814 -2.4369899529 -1.9667435240
    1815 -1.0627798550 -2.9457595115
    1816 -0.6810961961 -3.0566498150
    1817 -1.3002344343 -2.8489279625
    1818  0.1616487484 -3.1274382171
    1819  0.6101233207 -3.0716037592
    1820 -0.0362651897 -3.1314030331
    1821  1.3336374922 -2.8334451043
    1822  1.8855782939 -2.5003189032
    1823  1.2801279575 -2.8580189874
    1824  1.9226399625 -2.4719335942
    1825  2.4511493605 -1.9490682216
    1826  2.1858112833 -2.2425942909
    1827  2.6553458440 -1.6601622115
    1828 -2.0280193794  2.3862391994
    1829 -2.0027611001  2.4074775380
    1830 -1.0648282452  2.9450196821
    1831 -3.0941575320  0.4828967664
    1832 -3.0682367223  0.6268361317
    1833 -2.6872710475  1.6079721505
    1834 -2.6183513952 -1.7179162060
    1835 -2.3553790928 -2.0637803781
    1836 -2.7082202507 -1.5724322540
    1837 -2.9600129593 -1.0224105832
    1838 -3.1119105257 -0.3507320908
    1839 -2.9358278105 -1.0899152201
    1840 -2.9101035382 -1.1568480957
    1841 -3.1193783590 -0.2765479586
    1842 -2.1392978073 -2.2870078730
    1843 -1.9021619010 -2.4877259138
    1844 -2.4964549913 -1.8906910366
    1845 -1.5829663327 -2.7020765550
    1846 -1.2348114753 -2.8778882432
    1847 -1.8406680482 -2.5335629568
    1848 -0.8791800835 -3.0056683950
    1849 -0.5107497002 -3.0896820004
    1850 -1.2434334772 -2.8741734999
    1851 -0.2996020993 -3.1172485788
    1852  0.0864473611 -3.1304196162
    1853 -0.5635092498 -3.0804962985
    1854  0.4900704096 -3.0930294395
    1855  0.8854797794 -3.0038185165
    1856  0.2169417975 -3.1240896876
    1857  0.9383091780 -2.9877376067
    1858  1.2555163316 -2.8689159731
    1859  0.6836041703 -3.0560898969
    1860  1.6567443536 -2.6574796832
    1861  2.0232271592 -2.3903037426
    1862  1.4863509790 -2.7564036147
    1863  1.9476497978 -2.4522765719
    1864  2.0085006357 -2.4026912653
    1865  1.6485727181 -2.6625566873
    1866  2.4745434415 -1.9192797805
    1867  2.8907966713 -1.2042818295
    1868  2.7746022745 -1.4520958433
    1869  2.6372126415 -1.6888189966
    1870  2.3501202523 -2.0697668757
    1871  2.3564675181 -2.0625375041
    1872  2.8473167847 -1.3037588916
    1873  3.0770147793 -0.5822200341
    1874  3.0000724763 -0.8980897821
    1875  3.1208242780 -0.2597228251
    1876 -1.9962149882  2.4129081708
    1877 -1.9896541749  2.4183209845
    1878 -1.0568256541  2.9479008899
    1879 -3.0672494212  0.6316495136
    1880 -3.0662552500  0.6364580596
    1881 -2.6803578081  1.6194697096
    1882 -2.8645797563 -1.2653785755
    1883 -2.8150112317 -1.3721194865
    1884 -3.1073974291 -0.3886918284
    1885 -1.5952173236 -2.6948621134
    1886 -1.2659685959 -2.8643190524
    1887 -2.1726171088 -2.2553791296
    1888 -0.1171410383 -3.1294213677
    1889  0.2783378223 -3.1192191613
    1890 -0.5099990469 -3.0898059958
    1891  1.2821650281 -2.8571056964
    1892  1.6554605180 -2.6582796304
    1893  1.0173940369 -2.9617409565
    1894  2.4257911109 -1.9805397260
    1895  2.7467370388 -1.5041395413
    1896  2.2754880067 -2.1515469903
    1897  2.9219759398 -1.1265241794
    1898  3.0883745095 -0.5185971546
    1899  2.9588770940 -1.0256931620
    1900  3.0907273983 -0.5043850406
    1901  3.1236801209  0.2227613568
    1902  3.1280679003 -0.1489675502
    1903  3.1278027094  0.1544355242
    1904  3.0046930311  0.8825077386
    1905  3.0818919720  0.5558255057
    1906  2.9004378416  1.1808727480
    1907 -1.9950710938  2.4138540657
    1908 -2.0004778636  2.4093751134
    1909 -1.0634321863  2.9455240798
    1910 -3.0702916300  0.6166923271
    1911 -3.0742000303  0.5969039233
    1912 -2.6943183975  1.5961354869
    1913 -2.7959892759 -1.4104765467
    1914 -2.7764457440 -1.4485679654
    1915 -3.0989517011 -0.4511080516
    1916 -1.3003628056 -2.8488693711
    1917 -1.3345678307 -2.8330070288
    1918 -2.1689335062 -2.2589217706
    1919  0.7016293546 -3.0520020263
    1920  1.1117787722 -2.9276181584
    1921  0.5970824399 -3.0741653631
    1922  0.0649491195 -3.1309394328
    1923 -0.6151274324 -3.0706055366
    1924  0.2007028905 -3.1251749502
    1925  0.3360795726 -3.1135270419
    1926 -0.5185711603 -3.0883788743
    1927  1.4054324255 -2.7985281519
    1928  1.6843369033 -2.6400775208
    1929  1.0375754979 -2.9547313255
    1930  1.9018402540 -2.4879718181
    1931  2.1308254372 -2.2949037182
    1932  1.6652083368 -2.6521842536
    1933  2.3925329904 -2.0205905101
    1934  2.6191754750 -1.7166595326
    1935  2.2133818437 -2.2153873101
    1936  2.7418966654 -1.5129450737
    1937  2.7370258872 -1.5217389437
    1938  2.4644350410 -1.9322422334
    1939  3.0416431576 -0.7452563461
    1940  3.1309589755  0.0640001075
    1941  3.1149074399 -0.3230352310
    1942  3.0511963049 -0.7051249740
    1943  2.9227713023 -1.1244589963
    1944  2.8799434900 -1.2300104121
    1945  3.1250197703  0.2031047880
    1946  2.9952647660  0.9139962262
    1947  3.0924549605  0.4936825263
    1948  2.9862102747  0.9431586902
    1949  2.6849593379  1.6118292321
    1950  2.8614639146  1.2724088907
    1951  2.7177220803  1.5559520604
    1952  2.2822458036  2.1443773483
    1953  2.4978357839  1.8888664634
    1954  2.0567469148  2.3615232898
    1955 -2.0141571482  2.3979514386
    1956 -2.0277713189  2.3864499991
    1957 -1.0801778231  2.9394244318
    1958 -3.0817109504  0.5568282844
    1959 -3.0886994057  0.5166585923
    1960 -2.7237104564  1.5454453952
    1961 -2.7425908443 -1.5116863366
    1962 -2.7072997885 -1.5740165103
    1963 -3.0807681256 -0.5620212416
    1964 -1.2305388991 -2.8797177184
    1965 -1.1248817436 -2.9226086263
    1966 -2.0312763587 -2.3834673219
    1967  0.5802057141 -3.0773952377
    1968  0.8207315540 -3.0221515244
    1969 -0.1600144748 -3.1275222601
    1970  1.9758794244 -2.4295885701
    1971  2.2413710354 -2.1870656143
    1972  1.5869657033 -2.6997296117
    1973  2.8332079868 -1.3341411556
    1974  2.9917338704 -0.9254882865
    1975  2.7021707735 -1.5828054936
    1976  3.1284507111 -0.1406992119
    1977  3.1021747739  0.4283827635
    1978  3.1212452599 -0.2546137212
    1979  3.0361317291  0.7674009665
    1980  2.7853447655  1.4313820793
    1981  2.9861724988  0.9432782872
    1982  2.6992937558  1.5877069439
    1983  2.2542835920  2.1737538055
    1984  2.5470065555  1.8220202320
    1985  2.2340442692  2.1945492300
    1986  1.6594590093  2.6557853672
    1987  1.9716588069  2.4330149339
    1988  1.7175095395  2.6186181664
    1989  1.0575287196  2.9476487455
    1990  1.3663108481  2.8178351240
    1991  0.7661509490  3.0364474050
    1992 -2.0466223826  2.3703031331
    1993 -2.0653448995  2.3540073420
    1994 -1.1034385974  2.9307718065
    1995 -3.0971828575  0.4630966066
    1996 -3.1047371054  0.4093991039
    1997 -2.7618501330  1.4762059350
    1998 -2.6576430637 -1.6564822564
    1999 -2.6054752157 -1.7373828076
    2000 -3.0502133737 -0.7093648528
    2001 -0.9627085567 -2.9799651600
    2002 -0.7976313895 -3.0283302803
    2003 -1.8198696396 -2.5485436262
    2004  1.1939395751 -2.8950834894
    2005  1.5482281915 -2.7221296051
    2006  0.4053256780 -3.1052715203
    2007  2.5128522140 -1.8688429229
    2008  2.7394995286 -1.5172812700
    2009  2.2268962993 -2.2018022145
    2010  3.0965843370 -0.4670819668
    2011  3.1316124728  0.0018546652
    2012  3.0377746829 -0.7608712739
    2013  2.9394548705  1.0800949885
    2014  2.6414954807  1.6821122867
    2015  3.0063285780  0.8769199514
    2016  2.3675384035  2.0498199989
    2017  1.8152558222  2.5518319733
    2018  2.2704083607  2.1569065801
    2019  1.6667508591  2.6512151353
    2020  0.9818073641  2.9737273613
    2021  1.4143492695  2.7940322589
    2022  0.9712712622  2.9771852907
    2023  0.2259481674  3.1234512235
    2024  0.6084981443  3.0719261267
    2025  0.3310631867  3.1140644319
    2026 -0.4141500689  3.1041069312
    2027 -0.0945967195  3.1301839531
    2028 -0.6978460323  3.0528693118
    2029 -2.0858118183  2.3358915168
    2030 -2.1061220459  2.3175957472
    2031 -1.1289789706  2.9210283470
    2032 -3.1117197768  0.3524204174
    2033 -3.1176568219  0.2953236542
    2034 -2.8007789901  1.4009415294
    2035 -2.5569769006 -1.8080014518
    2036 -2.5065664018 -1.8772652965
    2037 -3.0146322171 -0.8479343815
    2038 -0.7066101310 -3.0508527075
    2039 -0.6149553854 -3.0706399974
    2040 -1.6709309864 -2.6485825942
    2041  1.5331951817 -2.7306249568
    2042  1.5181155308 -2.7390373044
    2043  0.4810553777 -3.0944443513
    2044  2.9357252068 -1.0901915564
    2045  3.0658220538 -0.6385415053
    2046  2.8948566795 -1.1944893993
    2047  2.6240313139 -1.7092278325
    2048  2.1467253886 -2.2800373299
    2049  2.7072174997 -1.5741580382
    2050  2.7834585825 -1.4350464938
    2051  2.2474402499 -2.1808283846
    2052  3.1195479924 -0.2746278266
    2053  3.1302295187  0.0930767437
    2054  3.0539674062 -0.6930246763
    2055  3.1133042729  0.3381369900
    2056  3.0589900739  0.6705071570
    2057  3.1314590966  0.0310490887
    2058  2.9353356367  1.0912400376
    2059  2.7541204394  1.4905773126
    2060  3.0195224082  0.8303520615
    2061  2.6459186880  1.6751460881
    2062  2.6503250920  1.6681657671
    2063  2.8979137140  1.1870535902
    2064  2.0304435075  2.3841768564
    2065  1.2400396601  2.8756393656
    2066  1.6280600308  2.6751487166
    2067  1.9844140866  2.4226227219
    2068  2.3478715575  2.0723173669
    2069  2.4146659004  1.9940884407
    2070  1.0790501427  2.9398385856
    2071  0.2666444084  3.1202405162
    2072  0.7632055691  3.0371890588
    2073  0.1843593715  3.1261816553
    2074 -0.6254786703  3.0685137368
    2075 -0.1812716639  3.1263622157
    2076 -0.5629856473  3.0805920341
    2077 -1.3160832773  2.8416412382
    2078 -0.9773860305  2.9751834678
    2079 -1.1548375192  2.9109019949
    2080 -1.8265248222  2.5437781338
    2081 -1.5783456314  2.7047782141
    2082 -2.0248670439  2.3889147273
    2083 -2.1262073991  2.2991829453
    2084 -2.1461318988  2.2805959732
    2085 -1.1543517818  2.9110946538
    2086 -3.1228415436  0.2342238531
    2087 -3.1268289270  0.1730346243
    2088 -2.8392749871  1.3211804069
    2089 -2.4459660240 -1.9555690551
    2090 -2.3829228753 -2.0319150302
    2091 -2.9672875078 -1.0011018759
    2092 -0.4853666684 -3.0937710512
    2093 -0.3549203424 -3.1114356285
    2094 -1.4714925891 -2.7643642452
    2095  1.6571219647 -2.6572442330
    2096  1.7917329119 -2.5684028680
    2097  0.7680034620 -3.0359793811
    2098  2.8987332278 -1.1850509668
    2099  2.9916080782 -0.9258948247
    2100  2.5287443762 -1.8472823280
    2101  3.0892721677  0.5132227527
    2102  2.9921796644  0.9240459815
    2103  3.1316128726 -0.0009676070
    2104  2.4598100851  1.9381265349
    2105  2.0935330807  2.3289738856
    2106  2.6264419407  1.7055212846
    2107  1.4325090450  2.7847653322
    2108  0.8169501733  3.0231759020
    2109  1.4960632765  2.7511442697
    2110  0.4401611397  3.1005254863
    2111 -0.3906987830  3.1071457289
    2112  0.2172225297  3.1240701804
    2113 -0.5987610493  3.0738388581
    2114 -1.4183110841  2.7920232429
    2115 -0.9181249373  2.9940017901
    2116 -1.4388694778  2.7814842703
    2117 -2.1431008570  2.2834445113
    2118 -1.7987690778  2.5634800418
    2119 -2.0256483735  2.3882522452
    2120 -2.5887594855  1.7621930786
    2121 -2.3802408889  2.0350561247
    2122 -2.4086195332  2.0013875347
    2123 -2.8352421245  1.3298128498
    2124 -2.7206040748  1.5509073435
    2125 -2.9086746998  1.1604359570
    2126 -2.1603005610  2.2671792179
    2127 -2.1743853487  2.2536744386
    2128 -1.1737545456  2.9033257458
    2129 -3.1296261969  0.1115346928
    2130 -3.1312139685  0.0499920328
    2131 -2.8743167701  1.2431022584
    2132 -2.3065096979 -2.1182570980
    2133 -2.2269673221 -2.2017303800
    2134 -2.9030313788 -1.1744824108
    2135 -0.1783883959 -3.1265280584
    2136 -0.0012861647 -3.1316127579
    2137 -1.1962303040 -2.8941377264
    2138  1.9932151353 -2.4153868312
    2139  2.1816900637 -2.2466037892
    2140  1.1913686471 -2.8961424113
    2141  3.0799841853 -0.5663016319
    2142  3.1252974567 -0.1987861330
    2143  2.8524895517 -1.2924022119
    2144  2.8038671926  1.3947504744
    2145  2.5420702514  1.8289010243
    2146  3.0029496654  0.8884218742
    2147  1.5763516308  2.7059408079
    2148  0.9933323939  2.9698974519
    2149  1.8356772516  2.5371813391
    2150  0.0571526702  3.1310914538
    2151 -0.7060770424  3.0509761274
    2152  0.1196439230  3.1293266770
    2153 -1.2482669353  2.8720776066
    2154 -2.0051936097  2.4054518717
    2155 -1.4216357677  2.7903318555
    2156 -2.1849034287  2.2434788003
    2157 -2.7535322456  1.4916635989
    2158 -2.4432655771  1.9589419183
    2159 -2.7299051927  1.5344763792
    2160 -3.0647102571  0.6438564745
    2161 -2.9509159910  1.0483772861
    2162 -2.9897982816  0.9317222523
    2163 -3.1315462656  0.0204476404
    2164 -3.1170146324  0.3020263251
    2165 -3.0892226559  0.5135206932
    2166 -3.1129880819 -0.3410356606
    2167 -3.1257712056 -0.1911922862
    2168 -3.1023608412 -0.4270331728
