     1    1.03514620   -0.41195238
     2    0.77112212   -0.17564347
     3    0.53319343    0.13239041
     4    0.63921995    0.05827405
     5    0.69167223   -0.03804758
     6    0.81603414   -0.34014944
     7    0.90467043   -0.58853800
     8    0.99986917   -0.47930063
     9    0.31993363    0.52618471
    10    0.16019592    0.95581279
    11    0.32629542    0.82256442
    12    0.45524751    0.69206170
    13    0.56221525    0.31340001
    14    0.05216620    1.40011641
    15   -0.00687588    1.81219286
    16    0.19438794    1.58268680
    17    0.36630259    1.37699750
    18    0.39609878    1.04832118
    19   -0.03009819    2.15185695
    20   -0.03387762    2.40658105
    21    0.22721423    2.03811149
    22    0.45273385    1.72531155
    23    0.38299554    1.62323942
    24   -0.03111178    2.55170089
    25   -0.02938577    2.60097408
    26    0.31876047    2.08336614
    27    0.60388094    1.66447444
    28    0.51406319    1.76218906
    29    0.69575182   -0.15133810
    30    0.65991963   -0.27013429
    31    0.65190454   -0.55741700
    32    0.59714473   -0.80000924
    33    0.76639510   -0.70301274
    34    0.56332517    0.54953333
    35    0.63495254    0.40754895
    36    0.65934601    0.05298265
    37    0.52954933    1.14474316
    38    0.65261830    0.93283218
    39    0.63717939    0.68110927
    40    0.67042367    1.38076905
    41    0.82880769    1.07293004
    42    0.72668244    1.07153757
    43    0.81777099    1.29983842
    44    0.96523691    0.96775933
    45    0.89501635    1.08960539
    46    0.57464093   -0.46152348
    47    0.43990864   -0.60272586
    48    0.34003539   -0.76724872
    49    0.20900491   -0.89656299
    50    0.40785654   -0.86681395
    51    0.67537960    0.31591691
    52    0.70009108    0.21885885
    53    0.67281773    0.05580322
    54    0.64391810   -0.11218956
    55    0.64501071   -0.17816082
    56    0.60999549   -0.21681682
    57    0.56199129   -0.30883022
    58    0.50488752   -0.45463361
    59    0.70305349    0.10086183
    60    0.68947317   -0.00943430
    61    0.62800452   -0.15296206
    62    0.72798170    0.73050497
    63    0.77570354    0.54527381
    64    0.73644238    0.38739079
    65    0.80546828    0.39575502
    66    0.81596946    0.25495071
    67    0.75284000    0.12724745
    68    0.85010478    0.89524484
    69    0.86220142    0.70514795
    70    0.81618824    0.64420571
    71    0.95413209    0.80188631
    72    1.02638845    0.53305876
    73    0.98310313    0.50804953
    74    0.93281083    0.42886801
    75    0.90546508    0.56558800
    76    0.87575934    0.36372577
    77    1.05169327    0.65968361
    78    1.08246347    0.37372165
    79    1.06570737    0.48889018
    80    0.29850211   -0.66953105
    81    0.14760742   -0.70262602
    82   -0.00457390   -0.79227277
    83   -0.17777729   -0.83722367
    84    0.01064920   -0.88654324
    85    0.48945405   -0.39834559
    86    0.40425283   -0.47017330
    87    0.28507265   -0.59491516
    88    0.65649485   -0.12365512
    89    0.60807414   -0.22547207
    90    0.51240915   -0.34401603
    91    0.80818270    0.10983405
    92    0.78146948   -0.02378110
    93    0.69616254   -0.12094154
    94    0.94071953    0.25163221
    95    0.92475991    0.08597710
    96    0.86029941    0.05335678
    97    1.04145979    0.28601551
    98    1.01572541    0.05822285
    99    0.98280415    0.10022564
   100    1.06288518    0.11154777
   101    0.99863672   -0.12339605
   102    1.02788833   -0.00743812
   103   -0.00529353   -0.69133056
   104   -0.14998380   -0.64999322
   105   -0.31638992   -0.66812462
   106   -0.49202455   -0.63463636
   107   -0.34776231   -0.75159336
   108    0.31266970   -0.51832992
   109    0.21550759   -0.55003433
   110    0.03967057   -0.62070894
   111    0.54410937   -0.31805566
   112    0.46845100   -0.39551360
   113    0.34992820   -0.47310833
   114    0.73183288   -0.15581081
   115    0.66569774   -0.27132597
   116    0.56919829   -0.33100510
   117    0.87604200   -0.08319693
   118    0.80534638   -0.23239960
   119    0.74763261   -0.23399043
   120    0.93999183   -0.16813204
   121    0.82759444   -0.36032160
   122    0.83973625   -0.27437117
   123    0.89598967   -0.32705358
   124    0.76190063   -0.49554777
   125    0.82640995   -0.40909160
   126   -0.32427047   -0.58017529
   127   -0.46828588   -0.46546015
   128   -0.57854479   -0.41603828
   129   -0.68193198   -0.33388109
   130   -0.60477672   -0.49286637
   131    0.14804341   -0.55580355
   132    0.07880521   -0.55546096
   133   -0.01996788   -0.57108981
   134   -0.12396628   -0.57721371
   135   -0.13389650   -0.61062770
   136   -0.21430945   -0.54168831
   137   -0.29604178   -0.49273455
   138   -0.37850912   -0.48477281
   139   -0.00640999   -0.54889699
   140   -0.08849135   -0.52996701
   141   -0.18904853   -0.51721287
   142    0.38810688   -0.45521483
   143    0.30132396   -0.50014725
   144    0.19641601   -0.52887386
   145    0.20846805   -0.53008353
   146    0.11447749   -0.54410488
   147    0.01910119   -0.53941763
   148    0.58194051   -0.37129824
   149    0.48778315   -0.45185867
   150    0.39659845   -0.47490757
   151    0.38877392   -0.51250380
   152    0.28530557   -0.55439699
   153    0.20179902   -0.54898399
   154    0.71430244   -0.34989910
   155    0.61158762   -0.44689840
   156    0.56086761   -0.44043821
   157    0.50970054   -0.52337746
   158    0.40169469   -0.58075483
   159    0.35544337   -0.56313692
   160    0.74979600   -0.42373676
   161    0.65643861   -0.48566071
   162    0.64309877   -0.45990234
   163    0.69162745   -0.52348244
   164    0.52586565   -0.64805203
   165    0.50863938   -0.63228089
   166    0.46063024   -0.62495926
   167    0.56225128   -0.56315845
   168    0.44484855   -0.59814196
   169    0.60396027   -0.62572118
   170    0.43023188   -0.71550977
   171    0.49983524   -0.67948917
   172   -0.55627834   -0.33400566
   173   -0.60928555   -0.18824419
   174   -0.67424398   -0.10480708
   175   -0.72232457    0.00260007
   176   -0.72123836   -0.16591449
   177   -0.38637835   -0.40632220
   178   -0.45457487   -0.30493410
   179   -0.53159527   -0.25666535
   180   -0.17277171   -0.49585011
   181   -0.24892964   -0.44904699
   182   -0.35391256   -0.38784388
   183    0.01971222   -0.54249621
   184   -0.07126309   -0.52553168
   185   -0.15544620   -0.49192778
   186    0.17714885   -0.57814924
   187    0.07030429   -0.58307661
   188    0.00109228   -0.55465389
   189    0.27952659   -0.62182700
   190    0.15689704   -0.64056883
   191    0.12569882   -0.61135977
   192    0.30317666   -0.68297692
   193    0.14358129   -0.70644051
   194    0.16796689   -0.67423129
   195    0.35351259   -0.72210714
   196    0.17558720   -0.75604642
   197    0.17977409   -0.73385469
   198    0.24900584   -0.76418528
   199    0.06851384   -0.77247719
   200    0.13918735   -0.76999503
   201   -0.62825907   -0.03360128
   202   -0.60923234    0.11846124
   203   -0.62366254    0.20780765
   204   -0.61744598    0.30905132
   205   -0.68666271    0.16345136
   206   -0.52132342   -0.16724915
   207   -0.54707783   -0.01868151
   208   -0.58188168    0.04321520
   209   -0.30067595   -0.40251840
   210   -0.34616782   -0.34978973
   211   -0.39189852   -0.30457797
   212   -0.43802370   -0.25255153
   213   -0.44422623   -0.27909525
   214   -0.46913396   -0.17496617
   215   -0.48692998   -0.09466584
   216   -0.51584578   -0.06086647
   217   -0.39357466   -0.27888265
   218   -0.42757142   -0.20242972
   219   -0.45610510   -0.15319074
   220   -0.15513585   -0.49501501
   221   -0.23129871   -0.45194755
   222   -0.28581394   -0.40518051
   223   -0.29966870   -0.39609103
   224   -0.35631803   -0.33081661
   225   -0.39037855   -0.27192925
   226   -0.03379810   -0.56950345
   227   -0.13088803   -0.53925993
   228   -0.18002355   -0.49629636
   229   -0.21877854   -0.49463340
   230   -0.29558756   -0.43711140
   231   -0.32528320   -0.38486585
   232    0.04030809   -0.63410842
   233   -0.06963625   -0.60927921
   234   -0.09205685   -0.57686416
   235   -0.16985829   -0.57285465
   236   -0.26011150   -0.52148343
   237   -0.27093686   -0.48454275
   238    0.04749447   -0.68818013
   239   -0.04903159   -0.65706510
   240   -0.05314920   -0.63503863
   241   -0.00764432   -0.70799126
   242   -0.15755680   -0.67605671
   243   -0.18194989   -0.64425564
   244   -0.21911590   -0.60180631
   245   -0.13623004   -0.63515804
   246   -0.23310944   -0.56685256
   247    0.00010631   -0.75136868
   248   -0.16539930   -0.70930299
   249   -0.15001064   -0.69980206
   250   -0.10337667   -0.74259720
   251   -0.25947324   -0.67817304
   252   -0.20249755   -0.70332429
   253   -0.55578747    0.25520363
   254   -0.47302211    0.37358530
   255   -0.44611806    0.45068754
   256   -0.39845509    0.52930969
   257   -0.51938766    0.43278582
   258   -0.53123701    0.11154802
   259   -0.48540302    0.23244720
   260   -0.48568361    0.29924576
   261   -0.48952232    0.01239370
   262   -0.46963799    0.11558066
   263   -0.48007919    0.16917517
   264   -0.45078240   -0.10205242
   265   -0.45195601   -0.00140492
   266   -0.46087849    0.05030723
   267   -0.40174543   -0.25500340
   268   -0.43230399   -0.17399775
   269   -0.44531471   -0.09331230
   270   -0.36226803   -0.36564611
   271   -0.41365525   -0.28539919
   272   -0.42271734   -0.23065836
   273   -0.35530486   -0.44080536
   274   -0.42945011   -0.34479401
   275   -0.41571936   -0.32353947
   276   -0.32113889   -0.53946109
   277   -0.40872855   -0.46034147
   278   -0.41457634   -0.41228083
   279   -0.28867258   -0.61360379
   280   -0.40234316   -0.52652068
   281   -0.39988135   -0.50199793
   282   -0.31072255   -0.63510972
   283   -0.43303448   -0.53360014
   284   -0.41123126   -0.53970591
   285   -0.39353903   -0.58410182
   286   -0.50053515   -0.46633891
   287   -0.46287582   -0.51064562
   288   -0.36725620    0.46656664
   289   -0.24476175    0.53142820
   290   -0.18920649    0.58271384
   291   -0.11612202    0.62699116
   292   -0.26154418    0.59477786
   293   -0.41182527    0.33790782
   294   -0.31660280    0.42163923
   295   -0.28778624    0.47619687
   296   -0.42410901    0.22322999
   297   -0.35531721    0.31544482
   298   -0.34072339    0.36592630
   299   -0.42932830    0.11794298
   300   -0.37796264    0.22551715
   301   -0.36909666    0.26634195
   302   -0.44648117   -0.10657690
   303   -0.45066913   -0.03827890
   304   -0.44503034    0.00192553
   305   -0.43795125    0.04675628
   306   -0.44483073    0.02079324
   307   -0.41912680    0.11282279
   308   -0.39103317    0.17423282
   309   -0.38507391    0.19587909
   310   -0.44326453    0.03367175
   311   -0.42500611    0.10235000
   312   -0.40921831    0.13479902
   313   -0.44547621   -0.20462842
   314   -0.46295359   -0.12182889
   315   -0.45684526   -0.08062675
   316   -0.46816152   -0.04720145
   317   -0.46197780    0.02612489
   318   -0.44371092    0.06368432
   319   -0.45881024   -0.26230444
   320   -0.47624735   -0.17586683
   321   -0.46882491   -0.15211863
   322   -0.48267870   -0.25941605
   323   -0.51972141   -0.16180824
   324   -0.50954935   -0.11010766
   325   -0.49583598   -0.04994359
   326   -0.49001603   -0.11352480
   327   -0.47974629   -0.01611887
   328   -0.48482524   -0.36169160
   329   -0.53902037   -0.25027300
   330   -0.52901094   -0.21389926
   331   -0.49516317   -0.41663599
   332   -0.56109466   -0.29160752
   333   -0.54825088   -0.28025978
   334   -0.52709961   -0.41140406
   335   -0.59043161   -0.27492107
   336   -0.57421112   -0.29329086
   337   -0.57681588   -0.33162773
   338   -0.62025289   -0.18719676
   339   -0.60636910   -0.24082966
   340   -0.11161815    0.56542098
   341    0.02366651    0.56740721
   342    0.09087539    0.58570731
   343    0.16980857    0.59139891
   344    0.03015166    0.62546277
   345   -0.20482965    0.47936591
   346   -0.08422119    0.50849738
   347   -0.03647973    0.54076451
   348   -0.26535742    0.38849256
   349   -0.16193564    0.43692308
   350   -0.12841828    0.47277418
   351   -0.30851073    0.30582440
   352   -0.22363011    0.36634495
   353   -0.19708530    0.39969082
   354   -0.34008042    0.24716130
   355   -0.27671519    0.30693968
   356   -0.25349018    0.33333757
   357   -0.39172508    0.17507399
   358   -0.34680503    0.23939561
   359   -0.31511969    0.27024438
   360   -0.44185389    0.10581325
   361   -0.40870330    0.17949013
   362   -0.37818210    0.20897369
   363   -0.48884553    0.04083813
   364   -0.46576307    0.12797355
   365   -0.43979596    0.14857058
   366   -0.53379153   -0.05407004
   367   -0.52602119    0.05405369
   368   -0.49896539    0.08547535
   369   -0.56919251   -0.12625222
   370   -0.57214198   -0.00007031
   371   -0.55150668    0.01952237
   372   -0.59789686   -0.15575347
   373   -0.60386652   -0.01775569
   374   -0.59001663   -0.01744171
   375   -0.62141989   -0.12985606
   376   -0.61925235    0.01505230
   377   -0.61419223   -0.01007986
   378   -0.63029436   -0.04043312
   379   -0.60795113    0.10145374
   380   -0.61818264    0.05081661
   381    0.15497786    0.53762728
   382    0.27379321    0.47868127
   383    0.33565888    0.46588778
   384    0.40249003    0.43826078
   385    0.29593307    0.52759560
   386    0.04204500    0.50745140
   387    0.16258308    0.47611366
   388    0.21410249    0.48223890
   389   -0.04771667    0.45851059
   390    0.06666674    0.45125920
   391    0.11002428    0.46630249
   392   -0.12178359    0.40550513
   393   -0.01528780    0.41769070
   394    0.02089029    0.43494365
   395   -0.18609421    0.35929161
   396   -0.08755318    0.38677644
   397   -0.05711696    0.40035285
   398   -0.28633843    0.29838110
   399   -0.21674243    0.34342977
   400   -0.15737148    0.36649925
   401   -0.35750967    0.25237019
   402   -0.29426092    0.31261375
   403   -0.25606195    0.32776579
   404   -0.41175383    0.23098586
   405   -0.33641526    0.31646613
   406   -0.32060850    0.30902924
   407   -0.49180776    0.16748251
   408   -0.43380240    0.26936587
   409   -0.39184096    0.28863561
   410   -0.54623357    0.12734862
   411   -0.49306558    0.24397210
   412   -0.46881308    0.25094422
   413   -0.57818523    0.12025766
   414   -0.52264965    0.24625244
   415   -0.51303875    0.23871355
   416   -0.58479327    0.15422937
   417   -0.52099125    0.27913316
   418   -0.52741197    0.25662520
   419   -0.55570961    0.23175171
   420   -0.47737910    0.34454022
   421   -0.50578149    0.30748916
   422    0.37631233    0.39205857
   423    0.45373063    0.28482661
   424    0.49671852    0.25195523
   425    0.53877414    0.20536435
   426    0.48460427    0.32876903
   427    0.27443316    0.41426223
   428    0.36580156    0.32735706
   429    0.40826771    0.31167673
   430    0.18149512    0.41338862
   431    0.28100305    0.34750777
   432    0.32074073    0.34156996
   433    0.09848359    0.40187582
   434    0.20223488    0.35649128
   435    0.23815780    0.35469986
   436    0.02858842    0.38970602
   437    0.13931314    0.36015571
   438    0.16679030    0.35945130
   439   -0.15356393    0.37001055
   440   -0.08740018    0.38555183
   441   -0.05672902    0.38651478
   442   -0.02208595    0.38703865
   443   -0.05618681    0.38751281
   444    0.04536521    0.37991103
   445    0.10967380    0.36161469
   446    0.12123449    0.36087635
   447   -0.01463874    0.38898907
   448    0.05639320    0.37930739
   449    0.07998941    0.37099329
   450   -0.22526874    0.35527531
   451   -0.15114236    0.38386368
   452   -0.11964080    0.38468293
   453   -0.07837819    0.39875263
   454   -0.00518880    0.40045055
   455    0.02522301    0.38999594
   456   -0.26775612    0.35720291
   457   -0.19315670    0.38642940
   458   -0.17451203    0.38419271
   459   -0.26067581    0.37895022
   460   -0.17026869    0.42473462
   461   -0.12426801    0.42328596
   462   -0.07168430    0.41905932
   463   -0.13361714    0.40719214
   464   -0.04173596    0.41021036
   465   -0.35267296    0.35880401
   466   -0.25311557    0.42623001
   467   -0.21746399    0.42471685
   468   -0.41060776    0.34985326
   469   -0.30650415    0.43146579
   470   -0.28637537    0.42647487
   471   -0.43737007    0.35796755
   472   -0.32985451    0.44427093
   473   -0.32498832    0.43492616
   474   -0.42952642    0.38648498
   475   -0.31778236    0.46761442
   476   -0.33080717    0.45329967
   477   -0.37787871    0.43494537
   478   -0.26297625    0.49933944
   479   -0.29743658    0.48227344
   480    0.50357536    0.15884445
   481    0.51997673    0.02631078
   482    0.54073636   -0.00947476
   483    0.55691308   -0.05587868
   484    0.56301287    0.07482790
   485    0.43477112    0.21412848
   486    0.47036190    0.08827609
   487    0.49598246    0.06234039
   488    0.36275373    0.25255153
   489    0.41418593    0.14007857
   490    0.44199448    0.11879258
   491    0.29213533    0.28125942
   492    0.35620805    0.18502213
   493    0.38389048    0.16655725
   494    0.23036406    0.30357631
   495    0.30138455    0.22558511
   496    0.32657558    0.20859926
   497    0.18865724    0.32033780
   498    0.25469491    0.26292510
   499    0.27525224    0.24679248
   500    0.13609670    0.35138040
   501    0.20652660    0.30761293
   502    0.22757957    0.28769704
   503    0.07874856    0.38604458
   504    0.15658713    0.35479063
   505    0.18121869    0.33150754
   506    0.01739132    0.41926929
   507    0.10390637    0.40105724
   508    0.12639072    0.38005303
   509   -0.06413749    0.44735199
   510    0.04412776    0.44415931
   511    0.06970548    0.42463751
   512   -0.13336564    0.46900159
   513   -0.00787125    0.47968695
   514    0.01250346    0.46348365
   515   -0.17910708    0.48692934
   516   -0.04383242    0.50703821
   517   -0.03227100    0.49439784
   518   -0.19855620    0.50371946
   519   -0.05911746    0.52694080
   520   -0.05822533    0.51774862
   521   -0.18754523    0.52048405
   522   -0.05113154    0.53942292
   523   -0.06181917    0.53402854
   524   -0.13899385    0.53547834
   525   -0.01248838    0.54257300
   526   -0.03811966    0.54246691
   527    0.50041505   -0.11376878
   528    0.44464682   -0.24154641
   529    0.45240270   -0.26690400
   530    0.45977919   -0.29116567
   531    0.52162836   -0.17996848
   532    0.46925695   -0.05293881
   533    0.42746653   -0.18578699
   534    0.43623551   -0.21418836
   535    0.43193895    0.00651657
   536    0.40838992   -0.12430019
   537    0.41808265   -0.15549923
   538    0.39122705    0.06512611
   539    0.38771476   -0.05794059
   540    0.39816736   -0.09146462
   541    0.35020737    0.12276698
   542    0.36589234    0.01196633
   543    0.37686437   -0.02317380
   544    0.31210543    0.17860158
   545    0.34351370    0.08364222
   546    0.35469717    0.04781777
   547    0.27455518    0.23806210
   548    0.32127627    0.15494670
   549    0.33231401    0.11953942
   550    0.23729559    0.29776159
   551    0.29993132    0.22352638
   552    0.31044491    0.18972721
   553    0.20002744    0.35509710
   554    0.28021991    0.28701486
   555    0.28984235    0.25600119
   556    0.16104896    0.40859103
   557    0.26280632    0.34324866
   558    0.27121532    0.31607546
   559    0.12756404    0.45341369
   560    0.24822287    0.39046110
   561    0.25516680    0.36796753
   562    0.10362624    0.48761566
   563    0.23682823    0.42742840
   564    0.24214481    0.41017087
   565    0.09158582    0.51061837
   566    0.22879434    0.45353666
   567    0.23241637    0.44176152
   568    0.09264945    0.52221724
   569    0.22410964    0.46877646
   570    0.22605997    0.46243094
   571    0.11007024    0.52128717
   572    0.22260730    0.47366734
   573    0.22298365    0.47244252
   574    1.57681516   -0.64317343
   575    1.30932336   -0.56783779
   576    1.07860048   -0.71503750
   577    1.27671191   -0.81646131
   578    1.43475098   -0.72348734
   579    2.06545521   -0.57716481
   580    1.84072356   -0.64336027
   581    1.49975250   -0.84737316
   582    1.69216337   -0.84148183
   583    1.88136263   -0.71657359
   584    2.38186859   -0.33297511
   585    2.24815666   -0.46449834
   586    1.83110958   -0.81117524
   587    1.94070024   -0.75877702
   588    2.16554670   -0.56549160
   589    2.52450258   -0.11141773
   590    2.47008009   -0.21021992
   591    1.98578575   -0.73100747
   592    1.94123772   -0.76898850
   593    2.24143055   -0.48150500
   594    2.55972153   -0.03273024
   595    2.55129584   -0.05292270
   596    1.88835047   -0.81131418
   597    1.75841532   -0.91203708
   598    2.17125089   -0.54718769
   599    0.72238688   -0.92548521
   600    0.85142854   -1.04454489
   601    1.07498957   -0.93943479
   602    1.05818262   -1.08080676
   603    1.24838212   -1.09365853
   604    1.47191287   -0.97686221
   605    1.33461462   -1.11030151
   606    1.40762974   -1.10723055
   607    1.67254264   -0.95237443
   608    1.35369565   -1.15289671
   609    1.20400287   -1.22899130
   610    1.57046844   -1.03881715
   611    1.12176261   -1.26525539
   612    0.94074841   -1.32714506
   613    1.34581396   -1.16662015
   614    0.27180572   -0.99620154
   615    0.32988650   -1.09571295
   616    0.58414110   -1.08681459
   617    0.79988398   -1.13051254
   618    0.71640179   -1.20291905
   619    0.79559879   -1.23093193
   620    0.85773139   -1.25388268
   621    1.05651792   -1.18323941
   622    0.36466846   -1.17048086
   623    0.37775721   -1.23489715
   624    0.54495702   -1.22669668
   625    0.42952184   -1.28222906
   626    0.45477246   -1.32057963
   627    0.65461720   -1.29822847
   628    0.89713121   -1.27805914
   629    0.93361993   -1.29222703
   630    1.16801048   -1.21430329
   631    0.47518036   -1.34972475
   632    0.49581811   -1.37027676
   633    0.71205364   -1.34389880
   634    0.92903275   -1.30771698
   635    0.89278158   -1.32702817
   636    1.05774544   -1.28178367
   637    0.45091311   -1.40673096
   638    0.82413620   -1.35481689
   639    0.68397894   -1.37270972
   640    0.47901648   -1.39570493
   641    0.48814758   -1.40144054
   642    0.50755813   -1.38432535
   643    0.34552726   -1.40980087
   644    0.18399318   -1.39999694
   645    0.55065178   -1.40252004
   646   -0.14098393   -0.93877138
   647   -0.11218797   -1.03590123
   648    0.10276394   -1.08424923
   649   -0.06227262   -1.12087274
   650   -0.02947873   -1.19203340
   651    0.16938055   -1.22686392
   652    0.01402265   -1.24928193
   653    0.03064811   -1.29094751
   654    0.23796695   -1.31913688
   655    0.03492879   -1.32010006
   656    0.04197758   -1.34213728
   657    0.26323457   -1.37088165
   658    0.03192217   -1.35473365
   659   -0.01985072   -1.35260387
   660    0.22215089   -1.39183651
   661   -0.07753144   -1.34387984
   662   -0.18110413   -1.31435219
   663    0.12081809   -1.38944573
   664   -0.29207494   -1.27162823
   665   -0.44262155   -1.19386044
   666   -0.15008880   -1.32738828
   667   -0.50241098   -0.73603425
   668   -0.52512605   -0.82070285
   669   -0.33311327   -0.94954866
   670   -0.46713137   -0.94030204
   671   -0.41612470   -1.03881082
   672   -0.23155158   -1.13018397
   673   -0.38320444   -1.10362333
   674   -0.37132157   -1.14699506
   675   -0.17905635   -1.23280709
   676   -0.37939907   -1.17002841
   677   -0.38324676   -1.18839508
   678   -0.18065041   -1.27984675
   679   -0.41262355   -1.18705406
   680   -0.47461840   -1.15966768
   681   -0.26027474   -1.27294251
   682   -0.57910145   -1.09366623
   683   -0.70988218   -0.98286255
   684   -0.47104445   -1.17360013
   685   -0.77672082   -0.91372295
   686   -0.87284539   -0.78800001
   687   -0.68563418   -1.01007754
   688   -0.72069277   -0.39506241
   689   -0.76293759   -0.44147405
   690   -0.66696850   -0.64029753
   691   -0.61638721   -0.78225905
   692   -0.70719873   -0.72175765
   693   -0.69936402   -0.77883940
   694   -0.69587864   -0.82445477
   695   -0.56492449   -0.94230782
   696   -0.80465469   -0.45871592
   697   -0.84963931   -0.45461674
   698   -0.78878622   -0.59176147
   699   -0.86559832   -0.50402696
   700   -0.88473049   -0.53406994
   701   -0.80262270   -0.68511585
   702   -0.68829414   -0.87506005
   703   -0.69257716   -0.90518516
   704   -0.54369391   -1.03705284
   705   -0.89387014   -0.57479209
   706   -0.90882402   -0.59250417
   707   -0.81466012   -0.75549158
   708   -0.70647336   -0.91889097
   709   -0.71629840   -0.93050253
   710   -0.56277665   -1.07036602
   711   -0.92503408   -0.59836360
   712   -0.93744854   -0.60375857
   713   -0.84164275   -0.77366813
   714   -0.73756985   -0.92386752
   715   -0.77575875   -0.89243605
   716   -0.63723980   -1.03567184
   717   -0.95226047   -0.59613756
   718   -0.97546944   -0.56123238
   719   -0.89004276   -0.73234125
   720   -0.80885632   -0.85929274
   721   -0.85091067   -0.80830428
   722   -0.77974431   -0.90431686
   723   -1.02386386   -0.46658736
   724   -0.90120330   -0.73976139
   725   -0.94608272   -0.64879716
   726   -1.01457955   -0.48101569
   727   -1.01489304   -0.48910571
   728   -0.99173763   -0.53487890
   729   -1.04468088   -0.39375777
   730   -1.06586475   -0.28087972
   731   -1.00014007   -0.54050126
   732   -0.77463780   -0.03391176
   733   -0.82400607   -0.05648267
   734   -0.81491841   -0.24943585
   735   -0.87172029   -0.06577977
   736   -0.91307183   -0.04793078
   737   -0.90337674   -0.25195050
   738   -0.94707399   -0.12496759
   739   -0.97390585   -0.18126403
   740   -0.94511750   -0.35965937
   741   -0.99319845   -0.21997012
   742   -1.01067293   -0.23544317
   743   -0.97530936   -0.41611901
   744   -1.02605525   -0.23431316
   745   -1.03831613   -0.23393313
   746   -1.00405631   -0.42067390
   747   -1.04970441   -0.21536141
   748   -1.05968699   -0.16905549
   749   -1.03526986   -0.36618038
   750   -1.06585813   -0.09696350
   751   -1.06193277    0.00729406
   752   -1.06516193   -0.23546704
   753   -1.06454967    0.00993649
   754   -1.05998598    0.05330091
   755   -1.07229456   -0.20446283
   756   -1.04705417    0.12254767
   757   -1.01888000    0.22270319
   758   -1.07095190   -0.02231014
   759   -0.67116324    0.29761003
   760   -0.71765289    0.29548723
   761   -0.78958061    0.12782612
   762   -0.75499598    0.30379841
   763   -0.78133278    0.32678195
   764   -0.86653430    0.14859498
   765   -0.91878546    0.05865000
   766   -0.90784122    0.17192066
   767   -0.93200096    0.15209665
   768   -0.95139373    0.14204899
   769   -0.97590715   -0.01784280
   770   -0.79237895    0.36080303
   771   -0.79122102    0.40718650
   772   -0.85726188    0.29456946
   773   -0.80920498    0.41833749
   774   -0.81524351    0.44271235
   775   -0.89552769    0.29962168
   776   -0.97429853    0.12244352
   777   -0.99029639    0.12004000
   778   -1.01547751   -0.05497793
   779   -0.84170062    0.43307391
   780   -0.85529425    0.43843139
   781   -0.93587686    0.28663873
   782   -1.00224569    0.12621075
   783   -1.01207778    0.13096182
   784   -1.04052285   -0.04826851
   785   -0.86329872    0.44797956
   786   -0.86998848    0.45569895
   787   -0.95432983    0.30116111
   788   -1.01713275    0.14474235
   789   -1.01464803    0.17829778
   790   -1.05095084    0.00800324
   791   -0.87111099    0.46842286
   792   -0.85796785    0.49814964
   793   -0.94927075    0.34662611
   794   -1.01209766    0.20117356
   795   -1.00371961    0.23675123
   796   -1.04003803    0.12016526
   797   -0.89623455    0.46636722
   798   -1.00534722    0.24764820
   799   -0.94327273    0.37622797
   800   -0.86435896    0.50379814
   801   -0.88646029    0.47721247
   802   -0.86760924    0.49294116
   803   -0.89151839    0.47650642
   804   -0.87004575    0.50891215
   805   -0.99048719    0.29531654
   806   -0.83040948    0.56060197
   807   -0.76871972    0.62847143
   808   -0.91549738    0.44284662
   809   -0.44812090    0.53796089
   810   -0.48855598    0.55100642
   811   -0.61590401    0.43751171
   812   -0.52173062    0.56666007
   813   -0.54149871    0.58986398
   814   -0.67381363    0.47244789
   815   -0.55470400    0.61425414
   816   -0.55109718    0.64725961
   817   -0.68135483    0.53989318
   818   -0.55261403    0.67533959
   819   -0.53058602    0.71373424
   820   -0.68584099    0.59491606
   821   -0.58345053    0.69868614
   822   -0.61726041    0.69182933
   823   -0.74664373    0.57711560
   824   -0.62059972    0.70290183
   825   -0.62343823    0.71204156
   826   -0.75712605    0.59631483
   827   -0.59447171    0.74154818
   828   -0.54259883    0.78029836
   829   -0.71365493    0.65783558
   830   -0.57283268    0.76854061
   831   -0.57792522    0.76994786
   832   -0.73294452    0.65217817
   833   -0.58946792    0.76578973
   834   -0.58047268    0.77352945
   835   -0.75377074    0.63885075
   836   -0.56184749    0.78611976
   837   -0.52141775    0.80924552
   838   -0.71102061    0.68105675
   839   -0.46446311    0.83697239
   840   -0.38448889    0.86809259
   841   -0.58812735    0.77197638
   842   -0.15644405    0.65244812
   843   -0.18753890    0.67763539
   844   -0.34349920    0.63186287
   845   -0.21224214    0.70217315
   846   -0.22341617    0.72779093
   847   -0.38820675    0.67691761
   848   -0.23169440    0.75184291
   849   -0.22319129    0.77710547
   850   -0.39229134    0.72990741
   851   -0.21177694    0.79991874
   852   -0.18179495    0.82265540
   853   -0.36101273    0.78647055
   854   -0.43800601    0.77207278
   855   -0.33388716    0.81920343
   856   -0.34836864    0.82356160
   857   -0.35439244    0.82967669
   858   -0.49056274    0.77175702
   859   -0.14674970    0.83997546
   860   -0.09754373    0.85452488
   861   -0.21624096    0.84490429
   862   -0.09376005    0.86471172
   863   -0.07717823    0.87377280
   864   -0.21651112    0.86268362
   865   -0.35390657    0.83818455
   866   -0.35350242    0.84554303
   867   -0.49276389    0.79002614
   868   -0.07385144    0.88172744
   869   -0.07097784    0.88857496
   870   -0.21291904    0.87825311
   871   -0.34645950    0.85306435
   872   -0.33022827    0.86243762
   873   -0.44077996    0.82698218
   874   -0.15789711    0.90348851
   875   -0.35693570    0.86275508
   876   -0.20565744    0.88949411
   877   -0.07964135    0.89915693
   878   -0.12575556    0.90212954
   879   -0.08191650    0.89428511
   880   -0.18440997    0.90425019
   881   -0.19019268    0.90622061
   882   -0.38997727    0.85959276
   883   -0.19199849    0.90801832
   884   -0.17203120    0.91165820
   885   -0.38208747    0.86638354
   886   -0.14568409    0.91488501
   887   -0.09775058    0.91765230
   888   -0.31353230    0.88849448
   889   -0.03557007    0.91710088
   890    0.04614369    0.90967740
   891   -0.16922440    0.91406046
   892    0.14535129    0.62858742
   893    0.12856822    0.66167961
   894   -0.02698739    0.68761042
   895    0.11504767    0.69227436
   896    0.11309888    0.71841797
   897   -0.05288818    0.74186639
   898    0.11297039    0.74242360
   899    0.12734038    0.76102803
   900   -0.04531134    0.78820002
   901    0.13864539    0.77828661
   902    0.16612117    0.78871634
   903   -0.00456207    0.82375139
   904    0.18607932    0.79828669
   905    0.22177510    0.79991229
   906    0.06600522    0.84213963
   907    0.21785700    0.81308353
   908    0.22858620    0.81943952
   909    0.07930248    0.86001994
   910    0.23481135    0.82573285
   911    0.24016413    0.83109114
   912    0.08834167    0.87352582
   913    0.24143039    0.83703106
   914    0.25828457    0.83580470
   915    0.09359205    0.88352254
   916    0.23456707    0.84945681
   917    0.22787701    0.85554169
   918    0.03884254    0.90012631
   919    0.21402009    0.86331680
   920    0.21915667    0.86384714
   921    0.01855704    0.90799237
   922    0.22232358    0.86446201
   923    0.24446938    0.85769093
   924    0.04129496    0.90840067
   925    0.27158986    0.84785086
   926    0.31612832    0.82857516
   927    0.11648598    0.89682455
   928    0.36842264    0.80174425
   929    0.43384747    0.76130324
   930    0.25053800    0.85722938
   931    0.39768318    0.47837674
   932    0.39790924    0.51168588
   933    0.27321818    0.60162764
   934    0.39983583    0.54180257
   935    0.40975378    0.56333216
   936    0.27196558    0.65743496
   937    0.41829240    0.58454009
   938    0.43693195    0.59514198
   939    0.29322669    0.69515211
   940    0.45391239    0.60548074
   941    0.48250007    0.60255468
   942    0.33656034    0.71305178
   943    0.51038431    0.59866519
   944    0.55156477    0.57598807
   945    0.40201034    0.70702962
   946    0.52743862    0.61756854
   947    0.51352979    0.64460831
   948    0.38087773    0.74548450
   949    0.52157814    0.64770198
   950    0.52849237    0.65029144
   951    0.39447845    0.75430722
   952    0.55936629    0.62816324
   953    0.60128443    0.58885183
   954    0.44667463    0.73228255
   955    0.57933997    0.62038738
   956    0.57226428    0.63298554
   957    0.41459448    0.76369546
   958    0.56364780    0.64539036
   959    0.56889376    0.64265038
   960    0.40860435    0.77299660
   961    0.57342541    0.63987393
   962    0.59082566    0.62257492
   963    0.43331872    0.75976155
   964    0.60835703    0.60358327
   965    0.63642578    0.56949626
   966    0.49312854    0.71675313
   967    0.66754969    0.52656782
   968    0.70426002    0.46701769
   969    0.58738350    0.62849301
   970    0.55271622    0.23605244
   971    0.56849052    0.25840951
   972    0.49915949    0.39413980
   973    0.58387870    0.27931001
   974    0.60237572    0.28939057
   975    0.52376998    0.43682883
   976    0.61930512    0.30072611
   977    0.63994702    0.29893727
   978    0.55778762    0.45817346
   979    0.65790786    0.30036028
   980    0.67950528    0.28662354
   981    0.60128370    0.45530108
   982    0.69883117    0.27231437
   983    0.72036937    0.24185363
   984    0.65624226    0.41843229
   985    0.62441811    0.49180859
   986    0.68603623    0.39455537
   987    0.68700253    0.40628333
   988    0.69069205    0.41121281
   989    0.61308775    0.53521313
   990    0.73806413    0.20646392
   991    0.75452713    0.15896154
   992    0.72960946    0.27884596
   993    0.76272377    0.15229685
   994    0.77126008    0.13456147
   995    0.74374231    0.27562411
   996    0.69720367    0.41112959
   997    0.70297130    0.41100219
   998    0.62694957    0.53763314
   999    0.77744746    0.13198447
  1000    0.78287272    0.12964906
  1001    0.75592501    0.27304191
  1002    0.70981324    0.40573523
  1003    0.71944116    0.39319364
  1004    0.66622279    0.49638774
  1005    0.78285572    0.22513553
  1006    0.71457028    0.41828995
  1007    0.76440118    0.27155194
  1008    0.78947842    0.14529454
  1009    0.78640839    0.19100517
  1010    0.78588874    0.14306755
  1011    0.77907261    0.25445714
  1012    0.77835924    0.26670948
  1013    0.69907486    0.46159026
  1014    0.77702169    0.27884759
  1015    0.78009990    0.27318598
  1016    0.69880680    0.46973975
  1017    0.78178467    0.27114015
  1018    0.78757440    0.25167070
  1019    0.71325953    0.44773049
  1020    0.79258995    0.23229134
  1021    0.79999598    0.19592245
  1022    0.74170321    0.39096698
  1023    0.80622237    0.15423332
  1024    0.81110901    0.09629901
  1025    0.77967980    0.28626641
  1026    0.57964798   -0.04663578
  1027    0.60050749   -0.04611364
  1028    0.60369752    0.10681437
  1029    0.62115958   -0.04355799
  1030    0.63937026   -0.05181258
  1031    0.64346267    0.11956954
  1032    0.65775349   -0.05335739
  1033    0.67295784   -0.06745449
  1034    0.68103912    0.11614043
  1035    0.68826275   -0.07355997
  1036    0.69953053   -0.09355182
  1037    0.71472105    0.09609313
  1038    0.71093297   -0.10439650
  1039    0.71741892   -0.12965148
  1040    0.74205863    0.05444542
  1041    0.72433189   -0.14416237
  1042    0.72583928   -0.17209387
  1043    0.75817670   -0.00933996
  1044    0.73264812   -0.17739005
  1045    0.73407009   -0.19594900
  1046    0.77033506   -0.03392471
  1047    0.73880842   -0.20130860
  1048    0.74286950   -0.20604735
  1049    0.78087632   -0.04156795
  1050    0.75073360   -0.19735342
  1051    0.75322325   -0.20233102
  1052    0.79047365   -0.03162007
  1053    0.76276683   -0.18392817
  1054    0.76702033   -0.17970379
  1055    0.80064585    0.02047482
  1056    0.77397937   -0.16461890
  1057    0.77573872   -0.16556088
  1058    0.80615763    0.04873329
  1059    0.77975379   -0.15691009
  1060    0.77884138   -0.16471470
  1061    0.80921463    0.05224200
  1062    0.77996660   -0.16406593
  1063    0.77616550   -0.17947223
  1064    0.81062644    0.03337562
  1065    0.77404098   -0.18794140
  1066    0.76654029   -0.21153223
  1067    0.80895414   -0.01173167
  1068    0.75837072   -0.23435540
  1069    0.74342642   -0.27080108
  1070    0.79833792   -0.09267190
  1071    0.46675876   -0.31428786
  1072    0.47332867   -0.33623591
  1073    0.55590194   -0.20104290
  1074    0.47968994   -0.35770550
  1075    0.48559479   -0.37787470
  1076    0.58529064   -0.22758149
  1077    0.49120267   -0.39730573
  1078    0.49632413   -0.41535535
  1079    0.60960196   -0.25631710
  1080    0.50107982   -0.43245864
  1081    0.50534003   -0.44815393
  1082    0.62764141   -0.28693973
  1083    0.50919359   -0.46276251
  1084    0.51256746   -0.47599335
  1085    0.63861724   -0.31894610
  1086    0.51552427   -0.48807585
  1087    0.51803906   -0.49886750
  1088    0.64276246   -0.35070090
  1089    0.52015981   -0.50852465
  1090    0.52189575   -0.51702412
  1091    0.64788477   -0.37158122
  1092    0.52328648   -0.52447121
  1093    0.52436399   -0.53092482
  1094    0.65382615   -0.38401061
  1095    0.52516410   -0.53645696
  1096    0.52572852   -0.54117434
  1097    0.66130051   -0.38834282
  1098    0.52609212   -0.54512771
  1099    0.52629664   -0.54844137
  1100    0.67221263   -0.38285599
  1101    0.52637388   -0.55115413
  1102    0.52636008   -0.55338467
  1103    0.67903886   -0.37984580
  1104    0.52628455   -0.55516176
  1105    0.52617130   -0.55658753
  1106    0.68094982   -0.38154802
  1107    0.52604490   -0.55768244
  1108    0.52591998   -0.55852287
  1109    0.67769978   -0.38913749
  1110    0.52581323   -0.55912323
  1111    0.52573118   -0.55953331
  1112    0.66880827   -0.40351166
  1113    0.52568060   -0.55976422
  1114    0.52566365   -0.55984000
  1115    0.65053574   -0.42909510
  1116    0.53319343    0.13239041
  1117    0.77112212   -0.17564347
  1118    1.03514620   -0.41195238
  1119    0.99986917   -0.47930063
  1120    0.90467043   -0.58853800
  1121    0.81603414   -0.34014944
  1122    0.69167223   -0.03804758
  1123    0.63921995    0.05827405
  1124    0.16019592    0.95581279
  1125    0.31993363    0.52618471
  1126    0.56221525    0.31340001
  1127    0.45524751    0.69206170
  1128    0.32629542    0.82256442
  1129   -0.00687588    1.81219286
  1130    0.05216620    1.40011641
  1131    0.39609878    1.04832118
  1132    0.36630259    1.37699750
  1133    0.19438794    1.58268680
  1134   -0.03387762    2.40658105
  1135   -0.03009819    2.15185695
  1136    0.38299554    1.62323942
  1137    0.45273385    1.72531155
  1138    0.22721423    2.03811149
  1139   -0.03111178    2.55170089
  1140    0.51406319    1.76218906
  1141    0.76639510   -0.70301274
  1142    0.59714473   -0.80000924
  1143    0.65190454   -0.55741700
  1144    0.65991963   -0.27013429
  1145    0.69575182   -0.15133810
  1146    0.65934601    0.05298265
  1147    0.63495254    0.40754895
  1148    0.56332517    0.54953333
  1149    0.63717939    0.68110927
  1150    0.65261830    0.93283218
  1151    0.52954933    1.14474316
  1152    0.72668244    1.07153757
  1153    0.82880769    1.07293004
  1154    0.67042367    1.38076905
  1155    0.89501635    1.08960539
  1156    0.40785654   -0.86681395
  1157    0.20900491   -0.89656299
  1158    0.34003539   -0.76724872
  1159    0.43990864   -0.60272586
  1160    0.57464093   -0.46152348
  1161    0.64501071   -0.17816082
  1162    0.64391810   -0.11218956
  1163    0.67281773    0.05580322
  1164    0.70009108    0.21885885
  1165    0.67537960    0.31591691
  1166    0.50488752   -0.45463361
  1167    0.56199129   -0.30883022
  1168    0.60999549   -0.21681682
  1169    0.62800452   -0.15296206
  1170    0.68947317   -0.00943430
  1171    0.70305349    0.10086183
  1172    0.73644238    0.38739079
  1173    0.77570354    0.54527381
  1174    0.72798170    0.73050497
  1175    0.75284000    0.12724745
  1176    0.81596946    0.25495071
  1177    0.80546828    0.39575502
  1178    0.81618824    0.64420571
  1179    0.86220142    0.70514795
  1180    0.85010478    0.89524484
  1181    1.02638845    0.53305876
  1182    0.95413209    0.80188631
  1183    0.90546508    0.56558800
  1184    0.93281083    0.42886801
  1185    0.98310313    0.50804953
  1186    0.87575934    0.36372577
  1187    1.06570737    0.48889018
  1188    0.01064920   -0.88654324
  1189   -0.17777729   -0.83722367
  1190   -0.00457390   -0.79227277
  1191    0.14760742   -0.70262602
  1192    0.29850211   -0.66953105
  1193    0.28507265   -0.59491516
  1194    0.40425283   -0.47017330
  1195    0.48945405   -0.39834559
  1196    0.51240915   -0.34401603
  1197    0.60807414   -0.22547207
  1198    0.65649485   -0.12365512
  1199    0.69616254   -0.12094154
  1200    0.78146948   -0.02378110
  1201    0.80818270    0.10983405
  1202    0.86029941    0.05335678
  1203    0.92475991    0.08597710
  1204    0.94071953    0.25163221
  1205    0.98280415    0.10022564
  1206    1.01572541    0.05822285
  1207    1.04145979    0.28601551
  1208    1.02788833   -0.00743812
  1209   -0.34776231   -0.75159336
  1210   -0.49202455   -0.63463636
  1211   -0.31638992   -0.66812462
  1212   -0.14998380   -0.64999322
  1213   -0.00529353   -0.69133056
  1214    0.03967057   -0.62070894
  1215    0.21550759   -0.55003433
  1216    0.31266970   -0.51832992
  1217    0.34992820   -0.47310833
  1218    0.46845100   -0.39551360
  1219    0.54410937   -0.31805566
  1220    0.56919829   -0.33100510
  1221    0.66569774   -0.27132597
  1222    0.73183288   -0.15581081
  1223    0.74763261   -0.23399043
  1224    0.80534638   -0.23239960
  1225    0.87604200   -0.08319693
  1226    0.83973625   -0.27437117
  1227    0.82759444   -0.36032160
  1228    0.93999183   -0.16813204
  1229    0.82640995   -0.40909160
  1230   -0.60477672   -0.49286637
  1231   -0.68193198   -0.33388109
  1232   -0.57854479   -0.41603828
  1233   -0.46828588   -0.46546015
  1234   -0.32427047   -0.58017529
  1235   -0.13389650   -0.61062770
  1236   -0.12396628   -0.57721371
  1237   -0.01996788   -0.57108981
  1238    0.07880521   -0.55546096
  1239    0.14804341   -0.55580355
  1240   -0.37850912   -0.48477281
  1241   -0.29604178   -0.49273455
  1242   -0.21430945   -0.54168831
  1243   -0.18904853   -0.51721287
  1244   -0.08849135   -0.52996701
  1245   -0.00640999   -0.54889699
  1246    0.19641601   -0.52887386
  1247    0.30132396   -0.50014725
  1248    0.38810688   -0.45521483
  1249    0.01910119   -0.53941763
  1250    0.11447749   -0.54410488
  1251    0.20846805   -0.53008353
  1252    0.39659845   -0.47490757
  1253    0.48778315   -0.45185867
  1254    0.58194051   -0.37129824
  1255    0.20179902   -0.54898399
  1256    0.28530557   -0.55439699
  1257    0.38877392   -0.51250380
  1258    0.56086761   -0.44043821
  1259    0.61158762   -0.44689840
  1260    0.71430244   -0.34989910
  1261    0.35544337   -0.56313692
  1262    0.40169469   -0.58075483
  1263    0.50970054   -0.52337746
  1264    0.64309877   -0.45990234
  1265    0.65643861   -0.48566071
  1266    0.74979600   -0.42373676
  1267    0.52586565   -0.64805203
  1268    0.69162745   -0.52348244
  1269    0.56225128   -0.56315845
  1270    0.46063024   -0.62495926
  1271    0.50863938   -0.63228089
  1272    0.44484855   -0.59814196
  1273    0.49983524   -0.67948917
  1274   -0.72123836   -0.16591449
  1275   -0.72232457    0.00260007
  1276   -0.67424398   -0.10480708
  1277   -0.60928555   -0.18824419
  1278   -0.55627834   -0.33400566
  1279   -0.53159527   -0.25666535
  1280   -0.45457487   -0.30493410
  1281   -0.38637835   -0.40632220
  1282   -0.35391256   -0.38784388
  1283   -0.24892964   -0.44904699
  1284   -0.17277171   -0.49585011
  1285   -0.15544620   -0.49192778
  1286   -0.07126309   -0.52553168
  1287    0.01971222   -0.54249621
  1288    0.00109228   -0.55465389
  1289    0.07030429   -0.58307661
  1290    0.17714885   -0.57814924
  1291    0.12569882   -0.61135977
  1292    0.15689704   -0.64056883
  1293    0.27952659   -0.62182700
  1294    0.16796689   -0.67423129
  1295    0.14358129   -0.70644051
  1296    0.30317666   -0.68297692
  1297    0.17977409   -0.73385469
  1298    0.17558720   -0.75604642
  1299    0.35351259   -0.72210714
  1300    0.13918735   -0.76999503
  1301   -0.68666271    0.16345136
  1302   -0.61744598    0.30905132
  1303   -0.62366254    0.20780765
  1304   -0.60923234    0.11846124
  1305   -0.62825907   -0.03360128
  1306   -0.58188168    0.04321520
  1307   -0.54707783   -0.01868151
  1308   -0.52132342   -0.16724915
  1309   -0.44422623   -0.27909525
  1310   -0.43802370   -0.25255153
  1311   -0.39189852   -0.30457797
  1312   -0.34616782   -0.34978973
  1313   -0.30067595   -0.40251840
  1314   -0.51584578   -0.06086647
  1315   -0.48692998   -0.09466584
  1316   -0.46913396   -0.17496617
  1317   -0.45610510   -0.15319074
  1318   -0.42757142   -0.20242972
  1319   -0.39357466   -0.27888265
  1320   -0.28581394   -0.40518051
  1321   -0.23129871   -0.45194755
  1322   -0.15513585   -0.49501501
  1323   -0.39037855   -0.27192925
  1324   -0.35631803   -0.33081661
  1325   -0.29966870   -0.39609103
  1326   -0.18002355   -0.49629636
  1327   -0.13088803   -0.53925993
  1328   -0.03379810   -0.56950345
  1329   -0.32528320   -0.38486585
  1330   -0.29558756   -0.43711140
  1331   -0.21877854   -0.49463340
  1332   -0.09205685   -0.57686416
  1333   -0.06963625   -0.60927921
  1334    0.04030809   -0.63410842
  1335   -0.27093686   -0.48454275
  1336   -0.26011150   -0.52148343
  1337   -0.16985829   -0.57285465
  1338   -0.05314920   -0.63503863
  1339   -0.04903159   -0.65706510
  1340    0.04749447   -0.68818013
  1341   -0.15755680   -0.67605671
  1342   -0.00764432   -0.70799126
  1343   -0.13623004   -0.63515804
  1344   -0.21911590   -0.60180631
  1345   -0.18194989   -0.64425564
  1346   -0.23310944   -0.56685256
  1347   -0.15001064   -0.69980206
  1348   -0.16539930   -0.70930299
  1349    0.00010631   -0.75136868
  1350   -0.20249755   -0.70332429
  1351   -0.51938766    0.43278582
  1352   -0.39845509    0.52930969
  1353   -0.44611806    0.45068754
  1354   -0.47302211    0.37358530
  1355   -0.55578747    0.25520363
  1356   -0.48568361    0.29924576
  1357   -0.48540302    0.23244720
  1358   -0.53123701    0.11154802
  1359   -0.48007919    0.16917517
  1360   -0.46963799    0.11558066
  1361   -0.48952232    0.01239370
  1362   -0.46087849    0.05030723
  1363   -0.45195601   -0.00140492
  1364   -0.45078240   -0.10205242
  1365   -0.44531471   -0.09331230
  1366   -0.43230399   -0.17399775
  1367   -0.40174543   -0.25500340
  1368   -0.42271734   -0.23065836
  1369   -0.41365525   -0.28539919
  1370   -0.36226803   -0.36564611
  1371   -0.41571936   -0.32353947
  1372   -0.42945011   -0.34479401
  1373   -0.35530486   -0.44080536
  1374   -0.41457634   -0.41228083
  1375   -0.40872855   -0.46034147
  1376   -0.32113889   -0.53946109
  1377   -0.39988135   -0.50199793
  1378   -0.40234316   -0.52652068
  1379   -0.28867258   -0.61360379
  1380   -0.41123126   -0.53970591
  1381   -0.43303448   -0.53360014
  1382   -0.31072255   -0.63510972
  1383   -0.46287582   -0.51064562
  1384   -0.26154418    0.59477786
  1385   -0.11612202    0.62699116
  1386   -0.18920649    0.58271384
  1387   -0.24476175    0.53142820
  1388   -0.36725620    0.46656664
  1389   -0.28778624    0.47619687
  1390   -0.31660280    0.42163923
  1391   -0.41182527    0.33790782
  1392   -0.34072339    0.36592630
  1393   -0.35531721    0.31544482
  1394   -0.42410901    0.22322999
  1395   -0.36909666    0.26634195
  1396   -0.37796264    0.22551715
  1397   -0.42932830    0.11794298
  1398   -0.44483073    0.02079324
  1399   -0.43795125    0.04675628
  1400   -0.44503034    0.00192553
  1401   -0.45066913   -0.03827890
  1402   -0.44648117   -0.10657690
  1403   -0.38507391    0.19587909
  1404   -0.39103317    0.17423282
  1405   -0.41912680    0.11282279
  1406   -0.40921831    0.13479902
  1407   -0.42500611    0.10235000
  1408   -0.44326453    0.03367175
  1409   -0.45684526   -0.08062675
  1410   -0.46295359   -0.12182889
  1411   -0.44547621   -0.20462842
  1412   -0.44371092    0.06368432
  1413   -0.46197780    0.02612489
  1414   -0.46816152   -0.04720145
  1415   -0.46882491   -0.15211863
  1416   -0.47624735   -0.17586683
  1417   -0.45881024   -0.26230444
  1418   -0.51972141   -0.16180824
  1419   -0.48267870   -0.25941605
  1420   -0.49001603   -0.11352480
  1421   -0.49583598   -0.04994359
  1422   -0.50954935   -0.11010766
  1423   -0.47974629   -0.01611887
  1424   -0.52901094   -0.21389926
  1425   -0.53902037   -0.25027300
  1426   -0.48482524   -0.36169160
  1427   -0.54825088   -0.28025978
  1428   -0.56109466   -0.29160752
  1429   -0.49516317   -0.41663599
  1430   -0.57421112   -0.29329086
  1431   -0.59043161   -0.27492107
  1432   -0.52709961   -0.41140406
  1433   -0.60636910   -0.24082966
  1434    0.03015166    0.62546277
  1435    0.16980857    0.59139891
  1436    0.09087539    0.58570731
  1437    0.02366651    0.56740721
  1438   -0.11161815    0.56542098
  1439   -0.03647973    0.54076451
  1440   -0.08422119    0.50849738
  1441   -0.20482965    0.47936591
  1442   -0.12841828    0.47277418
  1443   -0.16193564    0.43692308
  1444   -0.26535742    0.38849256
  1445   -0.19708530    0.39969082
  1446   -0.22363011    0.36634495
  1447   -0.30851073    0.30582440
  1448   -0.25349018    0.33333757
  1449   -0.27671519    0.30693968
  1450   -0.34008042    0.24716130
  1451   -0.31511969    0.27024438
  1452   -0.34680503    0.23939561
  1453   -0.39172508    0.17507399
  1454   -0.37818210    0.20897369
  1455   -0.40870330    0.17949013
  1456   -0.44185389    0.10581325
  1457   -0.43979596    0.14857058
  1458   -0.46576307    0.12797355
  1459   -0.48884553    0.04083813
  1460   -0.49896539    0.08547535
  1461   -0.52602119    0.05405369
  1462   -0.53379153   -0.05407004
  1463   -0.55150668    0.01952237
  1464   -0.57214198   -0.00007031
  1465   -0.56919251   -0.12625222
  1466   -0.59001663   -0.01744171
  1467   -0.60386652   -0.01775569
  1468   -0.59789686   -0.15575347
  1469   -0.61419223   -0.01007986
  1470   -0.61925235    0.01505230
  1471   -0.62141989   -0.12985606
  1472   -0.61818264    0.05081661
  1473    0.29593307    0.52759560
  1474    0.40249003    0.43826078
  1475    0.33565888    0.46588778
  1476    0.27379321    0.47868127
  1477    0.15497786    0.53762728
  1478    0.21410249    0.48223890
  1479    0.16258308    0.47611366
  1480    0.04204500    0.50745140
  1481    0.11002428    0.46630249
  1482    0.06666674    0.45125920
  1483   -0.04771667    0.45851059
  1484    0.02089029    0.43494365
  1485   -0.01528780    0.41769070
  1486   -0.12178359    0.40550513
  1487   -0.05711696    0.40035285
  1488   -0.08755318    0.38677644
  1489   -0.18609421    0.35929161
  1490   -0.15737148    0.36649925
  1491   -0.21674243    0.34342977
  1492   -0.28633843    0.29838110
  1493   -0.25606195    0.32776579
  1494   -0.29426092    0.31261375
  1495   -0.35750967    0.25237019
  1496   -0.32060850    0.30902924
  1497   -0.33641526    0.31646613
  1498   -0.41175383    0.23098586
  1499   -0.39184096    0.28863561
  1500   -0.43380240    0.26936587
  1501   -0.49180776    0.16748251
  1502   -0.46881308    0.25094422
  1503   -0.49306558    0.24397210
  1504   -0.54623357    0.12734862
  1505   -0.51303875    0.23871355
  1506   -0.52264965    0.24625244
  1507   -0.57818523    0.12025766
  1508   -0.52741197    0.25662520
  1509   -0.52099125    0.27913316
  1510   -0.58479327    0.15422937
  1511   -0.50578149    0.30748916
  1512    0.48460427    0.32876903
  1513    0.53877414    0.20536435
  1514    0.49671852    0.25195523
  1515    0.45373063    0.28482661
  1516    0.37631233    0.39205857
  1517    0.40826771    0.31167673
  1518    0.36580156    0.32735706
  1519    0.27443316    0.41426223
  1520    0.32074073    0.34156996
  1521    0.28100305    0.34750777
  1522    0.18149512    0.41338862
  1523    0.23815780    0.35469986
  1524    0.20223488    0.35649128
  1525    0.09848359    0.40187582
  1526    0.16679030    0.35945130
  1527    0.13931314    0.36015571
  1528    0.02858842    0.38970602
  1529   -0.05618681    0.38751281
  1530   -0.02208595    0.38703865
  1531   -0.05672902    0.38651478
  1532   -0.08740018    0.38555183
  1533   -0.15356393    0.37001055
  1534    0.12123449    0.36087635
  1535    0.10967380    0.36161469
  1536    0.04536521    0.37991103
  1537    0.07998941    0.37099329
  1538    0.05639320    0.37930739
  1539   -0.01463874    0.38898907
  1540   -0.11964080    0.38468293
  1541   -0.15114236    0.38386368
  1542   -0.22526874    0.35527531
  1543    0.02522301    0.38999594
  1544   -0.00518880    0.40045055
  1545   -0.07837819    0.39875263
  1546   -0.17451203    0.38419271
  1547   -0.19315670    0.38642940
  1548   -0.26775612    0.35720291
  1549   -0.17026869    0.42473462
  1550   -0.26067581    0.37895022
  1551   -0.13361714    0.40719214
  1552   -0.07168430    0.41905932
  1553   -0.12426801    0.42328596
  1554   -0.04173596    0.41021036
  1555   -0.21746399    0.42471685
  1556   -0.25311557    0.42623001
  1557   -0.35267296    0.35880401
  1558   -0.28637537    0.42647487
  1559   -0.30650415    0.43146579
  1560   -0.41060776    0.34985326
  1561   -0.32498832    0.43492616
  1562   -0.32985451    0.44427093
  1563   -0.43737007    0.35796755
  1564   -0.33080717    0.45329967
  1565   -0.31778236    0.46761442
  1566   -0.42952642    0.38648498
  1567   -0.29743658    0.48227344
  1568    0.56301287    0.07482790
  1569    0.55691308   -0.05587868
  1570    0.54073636   -0.00947476
  1571    0.51997673    0.02631078
  1572    0.50357536    0.15884445
  1573    0.49598246    0.06234039
  1574    0.47036190    0.08827609
  1575    0.43477112    0.21412848
  1576    0.44199448    0.11879258
  1577    0.41418593    0.14007857
  1578    0.36275373    0.25255153
  1579    0.38389048    0.16655725
  1580    0.35620805    0.18502213
  1581    0.29213533    0.28125942
  1582    0.32657558    0.20859926
  1583    0.30138455    0.22558511
  1584    0.23036406    0.30357631
  1585    0.27525224    0.24679248
  1586    0.25469491    0.26292510
  1587    0.18865724    0.32033780
  1588    0.22757957    0.28769704
  1589    0.20652660    0.30761293
  1590    0.13609670    0.35138040
  1591    0.18121869    0.33150754
  1592    0.15658713    0.35479063
  1593    0.07874856    0.38604458
  1594    0.12639072    0.38005303
  1595    0.10390637    0.40105724
  1596    0.01739132    0.41926929
  1597    0.06970548    0.42463751
  1598    0.04412776    0.44415931
  1599   -0.06413749    0.44735199
  1600    0.01250346    0.46348365
  1601   -0.00787125    0.47968695
  1602   -0.13336564    0.46900159
  1603   -0.03227100    0.49439784
  1604   -0.04383242    0.50703821
  1605   -0.17910708    0.48692934
  1606   -0.05822533    0.51774862
  1607   -0.05911746    0.52694080
  1608   -0.19855620    0.50371946
  1609   -0.06181917    0.53402854
  1610   -0.05113154    0.53942292
  1611   -0.18754523    0.52048405
  1612   -0.03811966    0.54246691
  1613    0.52162836   -0.17996848
  1614    0.45977919   -0.29116567
  1615    0.45240270   -0.26690400
  1616    0.44464682   -0.24154641
  1617    0.50041505   -0.11376878
  1618    0.43623551   -0.21418836
  1619    0.42746653   -0.18578699
  1620    0.46925695   -0.05293881
  1621    0.41808265   -0.15549923
  1622    0.40838992   -0.12430019
  1623    0.43193895    0.00651657
  1624    0.39816736   -0.09146462
  1625    0.38771476   -0.05794059
  1626    0.39122705    0.06512611
  1627    0.37686437   -0.02317380
  1628    0.36589234    0.01196633
  1629    0.35020737    0.12276698
  1630    0.35469717    0.04781777
  1631    0.34351370    0.08364222
  1632    0.31210543    0.17860158
  1633    0.33231401    0.11953942
  1634    0.32127627    0.15494670
  1635    0.27455518    0.23806210
  1636    0.31044491    0.18972721
  1637    0.29993132    0.22352638
  1638    0.23729559    0.29776159
  1639    0.28984235    0.25600119
  1640    0.28021991    0.28701486
  1641    0.20002744    0.35509710
  1642    0.27121532    0.31607546
  1643    0.26280632    0.34324866
  1644    0.16104896    0.40859103
  1645    0.25516680    0.36796753
  1646    0.24822287    0.39046110
  1647    0.12756404    0.45341369
  1648    0.24214481    0.41017087
  1649    0.23682823    0.42742840
  1650    0.10362624    0.48761566
  1651    0.23241637    0.44176152
  1652    0.22879434    0.45353666
  1653    0.09158582    0.51061837
  1654    0.22605997    0.46243094
  1655    0.22410964    0.46877646
  1656    0.09264945    0.52221724
  1657    0.22298365    0.47244252
  1658    1.30932336   -0.56783779
  1659    1.57681516   -0.64317343
  1660    1.43475098   -0.72348734
  1661    1.27671191   -0.81646131
  1662    1.07860048   -0.71503750
  1663    1.84072356   -0.64336027
  1664    2.06545521   -0.57716481
  1665    1.88136263   -0.71657359
  1666    1.69216337   -0.84148183
  1667    1.49975250   -0.84737316
  1668    2.24815666   -0.46449834
  1669    2.38186859   -0.33297511
  1670    2.16554670   -0.56549160
  1671    1.94070024   -0.75877702
  1672    1.83110958   -0.81117524
  1673    2.47008009   -0.21021992
  1674    2.52450258   -0.11141773
  1675    2.24143055   -0.48150500
  1676    1.94123772   -0.76898850
  1677    1.98578575   -0.73100747
  1678    2.55129584   -0.05292270
  1679    1.88835047   -0.81131418
  1680    1.07498957   -0.93943479
  1681    0.85142854   -1.04454489
  1682    0.72238688   -0.92548521
  1683    1.47191287   -0.97686221
  1684    1.24838212   -1.09365853
  1685    1.05818262   -1.08080676
  1686    1.67254264   -0.95237443
  1687    1.40762974   -1.10723055
  1688    1.33461462   -1.11030151
  1689    1.57046844   -1.03881715
  1690    1.20400287   -1.22899130
  1691    1.35369565   -1.15289671
  1692    1.12176261   -1.26525539
  1693    0.58414110   -1.08681459
  1694    0.32988650   -1.09571295
  1695    0.27180572   -0.99620154
  1696    1.05651792   -1.18323941
  1697    0.85773139   -1.25388268
  1698    0.79559879   -1.23093193
  1699    0.71640179   -1.20291905
  1700    0.79988398   -1.13051254
  1701    0.54495702   -1.22669668
  1702    0.37775721   -1.23489715
  1703    0.36466846   -1.17048086
  1704    0.65461720   -1.29822847
  1705    0.45477246   -1.32057963
  1706    0.42952184   -1.28222906
  1707    1.16801048   -1.21430329
  1708    0.93361993   -1.29222703
  1709    0.89713121   -1.27805914
  1710    0.71205364   -1.34389880
  1711    0.49581811   -1.37027676
  1712    0.47518036   -1.34972475
  1713    1.05774544   -1.28178367
  1714    0.89278158   -1.32702817
  1715    0.92903275   -1.30771698
  1716    0.82413620   -1.35481689
  1717    0.45091311   -1.40673096
  1718    0.48814758   -1.40144054
  1719    0.47901648   -1.39570493
  1720    0.68397894   -1.37270972
  1721    0.50755813   -1.38432535
  1722    0.34552726   -1.40980087
  1723    0.10276394   -1.08424923
  1724   -0.11218797   -1.03590123
  1725   -0.14098393   -0.93877138
  1726    0.16938055   -1.22686392
  1727   -0.02947873   -1.19203340
  1728   -0.06227262   -1.12087274
  1729    0.23796695   -1.31913688
  1730    0.03064811   -1.29094751
  1731    0.01402265   -1.24928193
  1732    0.26323457   -1.37088165
  1733    0.04197758   -1.34213728
  1734    0.03492879   -1.32010006
  1735    0.22215089   -1.39183651
  1736   -0.01985072   -1.35260387
  1737    0.03192217   -1.35473365
  1738    0.12081809   -1.38944573
  1739   -0.18110413   -1.31435219
  1740   -0.07753144   -1.34387984
  1741   -0.29207494   -1.27162823
  1742   -0.33311327   -0.94954866
  1743   -0.52512605   -0.82070285
  1744   -0.50241098   -0.73603425
  1745   -0.23155158   -1.13018397
  1746   -0.41612470   -1.03881082
  1747   -0.46713137   -0.94030204
  1748   -0.17905635   -1.23280709
  1749   -0.37132157   -1.14699506
  1750   -0.38320444   -1.10362333
  1751   -0.18065041   -1.27984675
  1752   -0.38324676   -1.18839508
  1753   -0.37939907   -1.17002841
  1754   -0.26027474   -1.27294251
  1755   -0.47461840   -1.15966768
  1756   -0.41262355   -1.18705406
  1757   -0.47104445   -1.17360013
  1758   -0.70988218   -0.98286255
  1759   -0.57910145   -1.09366623
  1760   -0.77672082   -0.91372295
  1761   -0.66696850   -0.64029753
  1762   -0.76293759   -0.44147405
  1763   -0.72069277   -0.39506241
  1764   -0.56492449   -0.94230782
  1765   -0.69587864   -0.82445477
  1766   -0.69936402   -0.77883940
  1767   -0.70719873   -0.72175765
  1768   -0.61638721   -0.78225905
  1769   -0.78878622   -0.59176147
  1770   -0.84963931   -0.45461674
  1771   -0.80465469   -0.45871592
  1772   -0.80262270   -0.68511585
  1773   -0.88473049   -0.53406994
  1774   -0.86559832   -0.50402696
  1775   -0.54369391   -1.03705284
  1776   -0.69257716   -0.90518516
  1777   -0.68829414   -0.87506005
  1778   -0.81466012   -0.75549158
  1779   -0.90882402   -0.59250417
  1780   -0.89387014   -0.57479209
  1781   -0.56277665   -1.07036602
  1782   -0.71629840   -0.93050253
  1783   -0.70647336   -0.91889097
  1784   -0.84164275   -0.77366813
  1785   -0.93744854   -0.60375857
  1786   -0.92503408   -0.59836360
  1787   -0.63723980   -1.03567184
  1788   -0.77575875   -0.89243605
  1789   -0.73756985   -0.92386752
  1790   -0.89004276   -0.73234125
  1791   -0.97546944   -0.56123238
  1792   -0.95226047   -0.59613756
  1793   -0.77974431   -0.90431686
  1794   -0.85091067   -0.80830428
  1795   -0.80885632   -0.85929274
  1796   -0.90120330   -0.73976139
  1797   -1.02386386   -0.46658736
  1798   -1.01489304   -0.48910571
  1799   -1.01457955   -0.48101569
  1800   -0.94608272   -0.64879716
  1801   -0.99173763   -0.53487890
  1802   -1.04468088   -0.39375777
  1803   -0.81491841   -0.24943585
  1804   -0.82400607   -0.05648267
  1805   -0.77463780   -0.03391176
  1806   -0.90337674   -0.25195050
  1807   -0.91307183   -0.04793078
  1808   -0.87172029   -0.06577977
  1809   -0.94511750   -0.35965937
  1810   -0.97390585   -0.18126403
  1811   -0.94707399   -0.12496759
  1812   -0.97530936   -0.41611901
  1813   -1.01067293   -0.23544317
  1814   -0.99319845   -0.21997012
  1815   -1.00405631   -0.42067390
  1816   -1.03831613   -0.23393313
  1817   -1.02605525   -0.23431316
  1818   -1.03526986   -0.36618038
  1819   -1.05968699   -0.16905549
  1820   -1.04970441   -0.21536141
  1821   -1.06516193   -0.23546704
  1822   -1.06193277    0.00729406
  1823   -1.06585813   -0.09696350
  1824   -1.07229456   -0.20446283
  1825   -1.05998598    0.05330091
  1826   -1.06454967    0.00993649
  1827   -1.04705417    0.12254767
  1828   -0.78958061    0.12782612
  1829   -0.71765289    0.29548723
  1830   -0.67116324    0.29761003
  1831   -0.86653430    0.14859498
  1832   -0.78133278    0.32678195
  1833   -0.75499598    0.30379841
  1834   -0.97590715   -0.01784280
  1835   -0.95139373    0.14204899
  1836   -0.93200096    0.15209665
  1837   -0.90784122    0.17192066
  1838   -0.91878546    0.05865000
  1839   -0.85726188    0.29456946
  1840   -0.79122102    0.40718650
  1841   -0.79237895    0.36080303
  1842   -0.89552769    0.29962168
  1843   -0.81524351    0.44271235
  1844   -0.80920498    0.41833749
  1845   -1.01547751   -0.05497793
  1846   -0.99029639    0.12004000
  1847   -0.97429853    0.12244352
  1848   -0.93587686    0.28663873
  1849   -0.85529425    0.43843139
  1850   -0.84170062    0.43307391
  1851   -1.04052285   -0.04826851
  1852   -1.01207778    0.13096182
  1853   -1.00224569    0.12621075
  1854   -0.95432983    0.30116111
  1855   -0.86998848    0.45569895
  1856   -0.86329872    0.44797956
  1857   -1.05095084    0.00800324
  1858   -1.01464803    0.17829778
  1859   -1.01713275    0.14474235
  1860   -0.94927075    0.34662611
  1861   -0.85796785    0.49814964
  1862   -0.87111099    0.46842286
  1863   -1.04003803    0.12016526
  1864   -1.00371961    0.23675123
  1865   -1.01209766    0.20117356
  1866   -1.00534722    0.24764820
  1867   -0.89623455    0.46636722
  1868   -0.88646029    0.47721247
  1869   -0.86435896    0.50379814
  1870   -0.94327273    0.37622797
  1871   -0.86760924    0.49294116
  1872   -0.99048719    0.29531654
  1873   -0.87004575    0.50891215
  1874   -0.89151839    0.47650642
  1875   -0.83040948    0.56060197
  1876   -0.61590401    0.43751171
  1877   -0.48855598    0.55100642
  1878   -0.44812090    0.53796089
  1879   -0.67381363    0.47244789
  1880   -0.54149871    0.58986398
  1881   -0.52173062    0.56666007
  1882   -0.68135483    0.53989318
  1883   -0.55109718    0.64725961
  1884   -0.55470400    0.61425414
  1885   -0.68584099    0.59491606
  1886   -0.53058602    0.71373424
  1887   -0.55261403    0.67533959
  1888   -0.74664373    0.57711560
  1889   -0.61726041    0.69182933
  1890   -0.58345053    0.69868614
  1891   -0.75712605    0.59631483
  1892   -0.62343823    0.71204156
  1893   -0.62059972    0.70290183
  1894   -0.71365493    0.65783558
  1895   -0.54259883    0.78029836
  1896   -0.59447171    0.74154818
  1897   -0.73294452    0.65217817
  1898   -0.57792522    0.76994786
  1899   -0.57283268    0.76854061
  1900   -0.75377074    0.63885075
  1901   -0.58047268    0.77352945
  1902   -0.58946792    0.76578973
  1903   -0.71102061    0.68105675
  1904   -0.52141775    0.80924552
  1905   -0.56184749    0.78611976
  1906   -0.46446311    0.83697239
  1907   -0.34349920    0.63186287
  1908   -0.18753890    0.67763539
  1909   -0.15644405    0.65244812
  1910   -0.38820675    0.67691761
  1911   -0.22341617    0.72779093
  1912   -0.21224214    0.70217315
  1913   -0.39229134    0.72990741
  1914   -0.22319129    0.77710547
  1915   -0.23169440    0.75184291
  1916   -0.36101273    0.78647055
  1917   -0.18179495    0.82265540
  1918   -0.21177694    0.79991874
  1919   -0.49056274    0.77175702
  1920   -0.35439244    0.82967669
  1921   -0.34836864    0.82356160
  1922   -0.33388716    0.81920343
  1923   -0.43800601    0.77207278
  1924   -0.21624096    0.84490429
  1925   -0.09754373    0.85452488
  1926   -0.14674970    0.83997546
  1927   -0.21651112    0.86268362
  1928   -0.07717823    0.87377280
  1929   -0.09376005    0.86471172
  1930   -0.49276389    0.79002614
  1931   -0.35350242    0.84554303
  1932   -0.35390657    0.83818455
  1933   -0.21291904    0.87825311
  1934   -0.07097784    0.88857496
  1935   -0.07385144    0.88172744
  1936   -0.44077996    0.82698218
  1937   -0.33022827    0.86243762
  1938   -0.34645950    0.85306435
  1939   -0.35693570    0.86275508
  1940   -0.15789711    0.90348851
  1941   -0.12575556    0.90212954
  1942   -0.07964135    0.89915693
  1943   -0.20565744    0.88949411
  1944   -0.08191650    0.89428511
  1945   -0.38997727    0.85959276
  1946   -0.19019268    0.90622061
  1947   -0.18440997    0.90425019
  1948   -0.38208747    0.86638354
  1949   -0.17203120    0.91165820
  1950   -0.19199849    0.90801832
  1951   -0.31353230    0.88849448
  1952   -0.09775058    0.91765230
  1953   -0.14568409    0.91488501
  1954   -0.03557007    0.91710088
  1955   -0.02698739    0.68761042
  1956    0.12856822    0.66167961
  1957    0.14535129    0.62858742
  1958   -0.05288818    0.74186639
  1959    0.11309888    0.71841797
  1960    0.11504767    0.69227436
  1961   -0.04531134    0.78820002
  1962    0.12734038    0.76102803
  1963    0.11297039    0.74242360
  1964   -0.00456207    0.82375139
  1965    0.16612117    0.78871634
  1966    0.13864539    0.77828661
  1967    0.06600522    0.84213963
  1968    0.22177510    0.79991229
  1969    0.18607932    0.79828669
  1970    0.07930248    0.86001994
  1971    0.22858620    0.81943952
  1972    0.21785700    0.81308353
  1973    0.08834167    0.87352582
  1974    0.24016413    0.83109114
  1975    0.23481135    0.82573285
  1976    0.09359205    0.88352254
  1977    0.25828457    0.83580470
  1978    0.24143039    0.83703106
  1979    0.03884254    0.90012631
  1980    0.22787701    0.85554169
  1981    0.23456707    0.84945681
  1982    0.01855704    0.90799237
  1983    0.21915667    0.86384714
  1984    0.21402009    0.86331680
  1985    0.04129496    0.90840067
  1986    0.24446938    0.85769093
  1987    0.22232358    0.86446201
  1988    0.11648598    0.89682455
  1989    0.31612832    0.82857516
  1990    0.27158986    0.84785086
  1991    0.36842264    0.80174425
  1992    0.27321818    0.60162764
  1993    0.39790924    0.51168588
  1994    0.39768318    0.47837674
  1995    0.27196558    0.65743496
  1996    0.40975378    0.56333216
  1997    0.39983583    0.54180257
  1998    0.29322669    0.69515211
  1999    0.43693195    0.59514198
  2000    0.41829240    0.58454009
  2001    0.33656034    0.71305178
  2002    0.48250007    0.60255468
  2003    0.45391239    0.60548074
  2004    0.40201034    0.70702962
  2005    0.55156477    0.57598807
  2006    0.51038431    0.59866519
  2007    0.38087773    0.74548450
  2008    0.51352979    0.64460831
  2009    0.52743862    0.61756854
  2010    0.39447845    0.75430722
  2011    0.52849237    0.65029144
  2012    0.52157814    0.64770198
  2013    0.44667463    0.73228255
  2014    0.60128443    0.58885183
  2015    0.55936629    0.62816324
  2016    0.41459448    0.76369546
  2017    0.57226428    0.63298554
  2018    0.57933997    0.62038738
  2019    0.40860435    0.77299660
  2020    0.56889376    0.64265038
  2021    0.56364780    0.64539036
  2022    0.43331872    0.75976155
  2023    0.59082566    0.62257492
  2024    0.57342541    0.63987393
  2025    0.49312854    0.71675313
  2026    0.63642578    0.56949626
  2027    0.60835703    0.60358327
  2028    0.66754969    0.52656782
  2029    0.49915949    0.39413980
  2030    0.56849052    0.25840951
  2031    0.55271622    0.23605244
  2032    0.52376998    0.43682883
  2033    0.60237572    0.28939057
  2034    0.58387870    0.27931001
  2035    0.55778762    0.45817346
  2036    0.63994702    0.29893727
  2037    0.61930512    0.30072611
  2038    0.60128370    0.45530108
  2039    0.67950528    0.28662354
  2040    0.65790786    0.30036028
  2041    0.65624226    0.41843229
  2042    0.72036937    0.24185363
  2043    0.69883117    0.27231437
  2044    0.61308775    0.53521313
  2045    0.69069205    0.41121281
  2046    0.68700253    0.40628333
  2047    0.68603623    0.39455537
  2048    0.62441811    0.49180859
  2049    0.72960946    0.27884596
  2050    0.75452713    0.15896154
  2051    0.73806413    0.20646392
  2052    0.74374231    0.27562411
  2053    0.77126008    0.13456147
  2054    0.76272377    0.15229685
  2055    0.62694957    0.53763314
  2056    0.70297130    0.41100219
  2057    0.69720367    0.41112959
  2058    0.75592501    0.27304191
  2059    0.78287272    0.12964906
  2060    0.77744746    0.13198447
  2061    0.66622279    0.49638774
  2062    0.71944116    0.39319364
  2063    0.70981324    0.40573523
  2064    0.71457028    0.41828995
  2065    0.78285572    0.22513553
  2066    0.78640839    0.19100517
  2067    0.78947842    0.14529454
  2068    0.76440118    0.27155194
  2069    0.78588874    0.14306755
  2070    0.69907486    0.46159026
  2071    0.77835924    0.26670948
  2072    0.77907261    0.25445714
  2073    0.69880680    0.46973975
  2074    0.78009990    0.27318598
  2075    0.77702169    0.27884759
  2076    0.71325953    0.44773049
  2077    0.78757440    0.25167070
  2078    0.78178467    0.27114015
  2079    0.74170321    0.39096698
  2080    0.79999598    0.19592245
  2081    0.79258995    0.23229134
  2082    0.80622237    0.15423332
  2083    0.60369752    0.10681437
  2084    0.60050749   -0.04611364
  2085    0.57964798   -0.04663578
  2086    0.64346267    0.11956954
  2087    0.63937026   -0.05181258
  2088    0.62115958   -0.04355799
  2089    0.68103912    0.11614043
  2090    0.67295784   -0.06745449
  2091    0.65775349   -0.05335739
  2092    0.71472105    0.09609313
  2093    0.69953053   -0.09355182
  2094    0.68826275   -0.07355997
  2095    0.74205863    0.05444542
  2096    0.71741892   -0.12965148
  2097    0.71093297   -0.10439650
  2098    0.75817670   -0.00933996
  2099    0.72583928   -0.17209387
  2100    0.72433189   -0.14416237
  2101    0.77033506   -0.03392471
  2102    0.73407009   -0.19594900
  2103    0.73264812   -0.17739005
  2104    0.78087632   -0.04156795
  2105    0.74286950   -0.20604735
  2106    0.73880842   -0.20130860
  2107    0.79047365   -0.03162007
  2108    0.75322325   -0.20233102
  2109    0.75073360   -0.19735342
  2110    0.80064585    0.02047482
  2111    0.76702033   -0.17970379
  2112    0.76276683   -0.18392817
  2113    0.80615763    0.04873329
  2114    0.77573872   -0.16556088
  2115    0.77397937   -0.16461890
  2116    0.80921463    0.05224200
  2117    0.77884138   -0.16471470
  2118    0.77975379   -0.15691009
  2119    0.81062644    0.03337562
  2120    0.77616550   -0.17947223
  2121    0.77996660   -0.16406593
  2122    0.80895414   -0.01173167
  2123    0.76654029   -0.21153223
  2124    0.77404098   -0.18794140
  2125    0.75837072   -0.23435540
  2126    0.55590194   -0.20104290
  2127    0.47332867   -0.33623591
  2128    0.46675876   -0.31428786
  2129    0.58529064   -0.22758149
  2130    0.48559479   -0.37787470
  2131    0.47968994   -0.35770550
  2132    0.60960196   -0.25631710
  2133    0.49632413   -0.41535535
  2134    0.49120267   -0.39730573
  2135    0.62764141   -0.28693973
  2136    0.50534003   -0.44815393
  2137    0.50107982   -0.43245864
  2138    0.63861724   -0.31894610
  2139    0.51256746   -0.47599335
  2140    0.50919359   -0.46276251
  2141    0.64276246   -0.35070090
  2142    0.51803906   -0.49886750
  2143    0.51552427   -0.48807585
  2144    0.64788477   -0.37158122
  2145    0.52189575   -0.51702412
  2146    0.52015981   -0.50852465
  2147    0.65382615   -0.38401061
  2148    0.52436399   -0.53092482
  2149    0.52328648   -0.52447121
  2150    0.66130051   -0.38834282
  2151    0.52572852   -0.54117434
  2152    0.52516410   -0.53645696
  2153    0.67221263   -0.38285599
  2154    0.52629664   -0.54844137
  2155    0.52609212   -0.54512771
  2156    0.67903886   -0.37984580
  2157    0.52636008   -0.55338467
  2158    0.52637388   -0.55115413
  2159    0.68094982   -0.38154802
  2160    0.52617130   -0.55658753
  2161    0.52628455   -0.55516176
  2162    0.67769978   -0.38913749
  2163    0.52591998   -0.55852287
  2164    0.52604490   -0.55768244
  2165    0.66880827   -0.40351166
  2166    0.52573118   -0.55953331
  2167    0.52581323   -0.55912323
  2168    0.52568060   -0.55976422
