     1    0.00000000   -3.13161303
     2   -0.46350445   -3.09712186
     3   -0.90692445   -2.99741359
     4   -1.06333201   -2.94556026
     5   -1.21679853   -2.88555047
     6   -0.62071291   -3.06948134
     7    0.00000000   -3.13161303
     8    0.00000000   -3.13161303
     9   -1.34290062   -2.82906665
    10   -1.71910282   -2.61757248
    11   -1.92000262   -2.47398265
    12   -2.10896640   -2.31500776
    13   -1.68717324   -2.63826584
    14   -2.03441205   -2.38079142
    15   -2.27643184   -2.15054837
    16   -2.49515826   -1.89240203
    17   -2.68475766   -1.61216516
    18   -2.44593368   -1.95560953
    19   -2.44610968   -1.95538939
    20   -2.55793883   -1.80664029
    21   -2.81750717   -1.36698704
    22   -3.00218587   -0.89099954
    23   -2.86624407   -1.26160418
    24   -2.61622504   -1.72115274
    25   -2.63516150   -1.69201774
    26   -2.95498247   -1.03686007
    27   -3.11465048   -0.32550359
    28   -3.07146027   -0.61084535
    29   -1.44444401   -2.77859347
    30   -1.66277183   -2.65371250
    31   -0.86504465   -3.00976709
    32    0.00000000   -3.13161303
    33    0.00000000   -3.13161303
    34   -2.33050174   -2.09183217
    35   -2.52853831   -1.84756440
    36   -2.13406511   -2.29189143
    37   -2.86415357   -1.26634297
    38   -2.99922294   -0.90092282
    39   -2.82185486   -1.35798946
    40   -3.11796900   -0.29200945
    41   -3.11541940    0.31805998
    42   -3.11748178   -0.29716589
    43   -3.10551043    0.40349125
    44   -2.92805880    1.11061779
    45   -3.04761252    0.72045687
    46   -1.63813275   -2.66899256
    47   -1.61335345   -2.68404375
    48   -0.83714056   -3.01764741
    49    0.00000000   -3.13161303
    50    0.00000000   -3.13161303
    51   -2.72359752   -1.54564445
    52   -2.88277445   -1.22336080
    53   -2.69901539   -1.58818013
    54   -2.46933217   -1.92597997
    55   -2.09784878   -2.32508724
    56   -2.54074117   -1.83074697
    57   -2.60847937   -1.73286918
    58   -2.16382795   -2.26381289
    59   -2.98156607   -0.95773898
    60   -3.05594014   -0.68427338
    61   -2.88032932   -1.22910668
    62   -3.06887575   -0.62370013
    63   -3.11296081   -0.34128461
    64   -3.03643051   -0.76621797
    65   -3.13161204   -0.00249996
    66   -3.11350174    0.33631401
    67   -3.12808184   -0.14867472
    68   -3.11066936    0.36157482
    69   -3.10531198    0.40501570
    70   -3.13144857    0.03209441
    71   -2.94911775    1.05342521
    72   -2.61188407    1.72773314
    73   -2.77187355    1.45729793
    74   -2.90395833    1.17218865
    75   -3.02902146    0.79500265
    76   -3.03761885    0.76149322
    77   -2.59191140    1.75755384
    78   -2.11528907    2.30923198
    79   -2.38140251    2.03369671
    80   -1.70660020   -2.62574103
    81   -1.79774234   -2.56420020
    82   -0.94258231   -2.98639227
    83    0.00000000   -3.13161303
    84    0.00000000   -3.13161303
    85   -2.72034568   -1.55136056
    86   -2.81960355   -1.36265771
    87   -2.38556103   -2.02881708
    88   -3.10851587   -0.37964364
    89   -3.13080100   -0.07131111
    90   -3.04445733   -0.73367551
    91   -3.04894160    0.71481137
    92   -2.93854775    1.08256053
    93   -3.08365388    0.54596606
    94   -2.68877753    1.60545183
    95   -2.40943381    2.00040719
    96   -2.71308649    1.56402107
    97   -2.18678916    2.24164077
    98   -1.66251076    2.65387607
    99   -2.06202265    2.35691807
   100   -1.52402346    2.73575450
   101   -0.85015576    3.01400653
   102   -1.26917338    2.86290047
   103   -1.99982970   -2.40991314
   104   -2.18873726   -2.23973870
   105   -1.18173715   -2.90008578
   106    0.00000000   -3.13161303
   107    0.00000000   -3.13161303
   108   -2.94140659   -1.07476857
   109   -3.03390262   -0.77616692
   110   -2.71191779   -1.56604664
   111   -3.11914665    0.27914939
   112   -3.06838500    0.62610998
   113   -3.13066665   -0.07698397
   114   -2.77674271    1.44799866
   115   -2.56971308    1.78985331
   116   -2.86541798    1.26347932
   117   -2.07543775    2.34511372
   118   -1.69268762    2.63473126
   119   -2.17266444    2.25533356
   120   -1.03323438    2.95625217
   121   -0.35260500    3.11169888
   122   -1.05008608    2.95030836
   123   -0.13021486    3.12890465
   124    0.59678415    3.07422330
   125    0.12352059    3.12917607
   126   -2.10304703   -2.32038648
   127   -2.01438498   -2.39776007
   128   -1.07194913   -2.94243526
   129    0.00000000   -3.13161303
   130    0.00000000   -3.13161303
   131   -3.11140596   -0.35518047
   132   -3.13077496    0.07244561
   133   -3.09123758   -0.50124889
   134   -2.94746388   -1.05804390
   135   -2.63519196   -1.69197031
   136   -2.98375624   -0.95089374
   137   -3.01615476   -0.84250262
   138   -2.63273412   -1.69579222
   139   -3.10795047    0.38424478
   140   -3.05415109    0.69221481
   141   -3.13065367   -0.07750980
   142   -2.96961103    0.99418839
   143   -2.82685696    1.34754590
   144   -3.04627878    0.72607560
   145   -2.65213571    1.66528567
   146   -2.44185630    1.96069835
   147   -2.82024573    1.36132810
   148   -2.33679531    2.08479924
   149   -2.07021939    2.34972166
   150   -2.48188025    1.90978288
   151   -1.76242086    2.58860443
   152   -1.42734405    2.78741622
   153   -1.95634397    2.44534629
   154   -1.40037947    2.80106008
   155   -1.09191997    2.93508279
   156   -1.60793265    2.68729470
   157   -0.69709113    3.05304179
   158   -0.29019246    3.11813863
   159   -0.87454400    3.00702062
   160   -0.28964382    3.11818964
   161   -0.22656725    3.12340639
   162   -0.66593256    3.05998922
   163    0.48385284    3.09400818
   164    1.28577293    2.85548388
   165    1.01000401    2.96426924
   166    0.72518201    3.04649163
   167    0.25225794    3.12143655
   168    0.22042527    3.12384585
   169    1.29144147    2.85292466
   170    1.91610202    2.47700489
   171    1.61208486    2.68480588
   172   -2.03378574   -2.38132647
   173   -2.05305260   -2.36473576
   174   -1.09580314   -2.93363523
   175    0.00000000   -3.13161303
   176    0.00000000   -3.13161303
   177   -3.07510910   -0.59220287
   178   -3.11332929   -0.33790669
   179   -2.77486730   -1.45158937
   180   -2.96025410    1.02171223
   181   -2.83092297    1.33898295
   182   -3.08812592    0.52007545
   183   -2.18991889    2.23858336
   184   -1.90656697    2.48435154
   185   -2.43698996    1.96674353
   186   -1.06277986    2.94575952
   187   -0.68109620    3.05664983
   188   -1.30023444    2.84892797
   189    0.16164875    3.12743823
   190    0.61012332    3.07160377
   191   -0.03626519    3.13140305
   192    1.33363750    2.83344512
   193    1.88557830    2.50031891
   194    1.28012796    2.85801900
   195    1.92263997    2.47193360
   196    2.45114937    1.94906823
   197    2.18581129    2.24259430
   198    2.43691433    1.96683725
   199    2.82565319    1.35006824
   200    2.65534585    1.66016222
   201   -2.02801939   -2.38623921
   202   -2.00276111   -2.40747755
   203   -1.06482825   -2.94501969
   204    0.00000000   -3.13161303
   205    0.00000000   -3.13161303
   206   -3.09415754   -0.48289677
   207   -3.06823673   -0.62683613
   208   -2.68727106   -1.60797216
   209   -2.61835141    1.71791621
   210   -2.35537910    2.06378039
   211   -2.70822026    1.57243226
   212   -2.96001297    1.02241059
   213   -3.11191054    0.35073209
   214   -2.93582782    1.08991522
   215   -2.91010355    1.15684810
   216   -3.11937837    0.27654796
   217   -2.13929782    2.28700788
   218   -1.90216191    2.48772592
   219   -2.49645500    1.89069104
   220   -1.58296634    2.70207657
   221   -1.23481148    2.87788826
   222   -1.84066806    2.53356297
   223   -0.87918009    3.00566841
   224   -0.51074970    3.08968201
   225   -1.24343348    2.87417351
   226   -0.29960210    3.11724859
   227    0.08644736    3.13041963
   228   -0.56350925    3.08049631
   229    0.49007041    3.09302945
   230    0.88547978    3.00381853
   231    0.21694180    3.12408970
   232    0.93830918    2.98773762
   233    1.25551634    2.86891598
   234    0.68360417    3.05608991
   235    1.65674436    2.65747969
   236    2.02322717    2.39030375
   237    1.48635099    2.75640363
   238    1.94764981    2.45227658
   239    2.00850064    2.40269128
   240    1.64857272    2.66255670
   241    2.47454345    1.91927979
   242    2.89079668    1.20428183
   243    2.77460229    1.45209585
   244    2.63721265    1.68881900
   245    2.35012026    2.06976688
   246    2.35646753    2.06253751
   247    2.84731680    1.30375890
   248    3.07701479    0.58222004
   249    3.00007249    0.89808979
   250    3.06124606    0.66013087
   251    3.13092621   -0.06558411
   252    3.12082429    0.25972283
   253   -1.99621500   -2.41290818
   254   -1.98965418   -2.41832099
   255   -1.05682566   -2.94790090
   256    0.00000000   -3.13161303
   257    0.00000000   -3.13161303
   258   -3.06724943   -0.63164952
   259   -3.06625526   -0.63645806
   260   -2.68035782   -1.61946972
   261   -2.86457977    1.26537858
   262   -2.81501124    1.37211949
   263   -3.10739744    0.38869183
   264   -1.59521733    2.69486212
   265   -1.26596860    2.86431906
   266   -2.17261712    2.25537914
   267   -0.11714104    3.12942138
   268    0.27833782    3.11921917
   269   -0.50999905    3.08980601
   270    1.28216503    2.85710571
   271    1.65546052    2.65827964
   272    1.01739404    2.96174097
   273    2.42579112    1.98053973
   274    2.74673705    1.50413955
   275    2.27548802    2.15154700
   276    2.92197595    1.12652418
   277    3.08837452    0.51859716
   278    2.95887711    1.02569317
   279    3.09072741    0.50438504
   280    3.12368013   -0.22276136
   281    3.12806791    0.14896755
   282    3.12780272   -0.15443552
   283    3.00469304   -0.88250774
   284    3.08189198   -0.55582551
   285    3.03091638   -0.78774750
   286    2.76663839   -1.46721239
   287    2.90043785   -1.18087275
   288   -1.99507110   -2.41385408
   289   -2.00047787   -2.40937512
   290   -1.06343219   -2.94552409
   291    0.00000000   -3.13161303
   292    0.00000000   -3.13161303
   293   -3.07029164   -0.61669233
   294   -3.07420004   -0.59690393
   295   -2.69431841   -1.59613549
   296   -2.79598929    1.41047655
   297   -2.77644576    1.44856797
   298   -3.09895171    0.45110805
   299   -1.30036281    2.84886938
   300   -1.33456784    2.83300704
   301   -2.16893352    2.25892178
   302    0.70162936    3.05200204
   303    1.11177878    2.92761817
   304    0.59708244    3.07416538
   305    0.06494912    3.13093945
   306   -0.61512743    3.07060555
   307    0.20070289    3.12517496
   308    0.33607957    3.11352705
   309   -0.51857116    3.08837889
   310    1.40543243    2.79852816
   311    1.68433691    2.64007753
   312    1.03757550    2.95473134
   313    1.90184026    2.48797183
   314    2.13082545    2.29490373
   315    1.66520834    2.65218426
   316    2.39253300    2.02059052
   317    2.61917549    1.71665954
   318    2.21338185    2.21538732
   319    2.74189668    1.51294508
   320    2.73702590    1.52173895
   321    2.46443505    1.93224224
   322    3.04164317    0.74525635
   323    3.13095899   -0.06400011
   324    3.11490745    0.32303523
   325    3.05119632    0.70512498
   326    2.92277131    1.12445900
   327    2.87994350    1.23001042
   328    3.12501978   -0.20310479
   329    2.99526478   -0.91399623
   330    3.09245497   -0.49368253
   331    2.98621029   -0.94315869
   332    2.68495935   -1.61182924
   333    2.86146393   -1.27240890
   334    2.71772209   -1.55595207
   335    2.28224581   -2.14437736
   336    2.49783579   -1.88886647
   337    2.35241440   -2.06715909
   338    1.81069235   -2.55507210
   339    2.05674692   -2.36152330
   340   -2.01415716   -2.39795145
   341   -2.02777133   -2.38645001
   342   -1.08017783   -2.93942444
   343    0.00000000   -3.13161303
   344    0.00000000   -3.13161303
   345   -3.08171096   -0.55682829
   346   -3.08869942   -0.51665859
   347   -2.72371047   -1.54544540
   348   -2.74259086    1.51168634
   349   -2.70729980    1.57401652
   350   -3.08076814    0.56202124
   351   -1.23053890    2.87971773
   352   -1.12488175    2.92260864
   353   -2.03127637    2.38346733
   354    0.58020572    3.07739525
   355    0.82073156    3.02215154
   356   -0.16001448    3.12752227
   357    1.97587943    2.42958858
   358    2.24137104    2.18706562
   359    1.58696571    2.69972962
   360    2.83320800    1.33414116
   361    2.99173388    0.92548829
   362    2.70217078    1.58280550
   363    3.12845072    0.14069921
   364    3.10217479   -0.42838277
   365    3.12124527    0.25461372
   366    3.03613174   -0.76740097
   367    2.78534478   -1.43138209
   368    2.98617251   -0.94327829
   369    2.69929377   -1.58770695
   370    2.25428360   -2.17375381
   371    2.54700657   -1.82202024
   372    2.23404428   -2.19454924
   373    1.65945902   -2.65578538
   374    1.97165882   -2.43301494
   375    1.71750955   -2.61861818
   376    1.05752872   -2.94764876
   377    1.36631085   -2.81783514
   378    1.17083675   -2.90450366
   379    0.46752443   -3.09651758
   380    0.76615095   -3.03644742
   381   -2.04662239   -2.37030314
   382   -2.06534491   -2.35400735
   383   -1.10343860   -2.93077182
   384    0.00000000   -3.13161303
   385    0.00000000   -3.13161303
   386   -3.09718287   -0.46309661
   387   -3.10473712   -0.40939911
   388   -2.76185014   -1.47620594
   389   -2.65764307    1.65648226
   390   -2.60547523    1.73738281
   391   -3.05021339    0.70936486
   392   -0.96270856    2.97996517
   393   -0.79763139    3.02833029
   394   -1.81986965    2.54854364
   395    1.19393958    2.89508350
   396    1.54822820    2.72212962
   397    0.40532568    3.10527153
   398    2.51285222    1.86884293
   399    2.73949954    1.51728128
   400    2.22689631    2.20180222
   401    3.09658435    0.46708197
   402    3.13161249   -0.00185467
   403    3.03777470    0.76087128
   404    2.93945488   -1.08009499
   405    2.64149549   -1.68211229
   406    3.00632859   -0.87691996
   407    2.36753841   -2.04982001
   408    1.81525583   -2.55183198
   409    2.27040837   -2.15690659
   410    1.66675087   -2.65121515
   411    0.98180737   -2.97372737
   412    1.41434928   -2.79403227
   413    0.97127127   -2.97718530
   414    0.22594817   -3.12345124
   415    0.60849815   -3.07192614
   416    0.33106319   -3.11406444
   417   -0.41415007   -3.10410694
   418   -0.09459672   -3.13018397
   419   -0.26112815   -3.12070702
   420   -0.97562670   -2.97576087
   421   -0.69784604   -3.05286932
   422   -2.08581183   -2.33589153
   423   -2.10612205   -2.31759576
   424   -1.12897898   -2.92102836
   425    0.00000000   -3.13161303
   426    0.00000000   -3.13161303
   427   -3.11171979   -0.35242042
   428   -3.11765683   -0.29532366
   429   -2.80077900   -1.40094154
   430   -2.55697691    1.80800146
   431   -2.50656641    1.87726530
   432   -3.01463223    0.84793438
   433   -0.70661013    3.05085272
   434   -0.61495539    3.07064001
   435   -1.67093099    2.64858261
   436    1.53319519    2.73062497
   437    1.51811554    2.73903732
   438    0.48105538    3.09444436
   439    2.93572522    1.09019156
   440    3.06582207    0.63854151
   441    2.89485669    1.19448940
   442    2.62403132    1.70922784
   443    2.14672540    2.28003734
   444    2.70721751    1.57415804
   445    2.78345859    1.43504650
   446    2.24744026    2.18082839
   447    3.11954801    0.27462783
   448    3.13022953   -0.09307674
   449    3.05396742    0.69302468
   450    3.11330429   -0.33813699
   451    3.05899009   -0.67050716
   452    3.13145911   -0.03104909
   453    2.93533565   -1.09124004
   454    2.75412045   -1.49057732
   455    3.01952242   -0.83035206
   456    2.64591870   -1.67514609
   457    2.65032510   -1.66816577
   458    2.89791373   -1.18705360
   459    2.03044352   -2.38417687
   460    1.24003967   -2.87563938
   461    1.62806004   -2.67514873
   462    1.98441409   -2.42262273
   463    2.34787157   -2.07231738
   464    2.41466591   -1.99408845
   465    1.07905015   -2.93983860
   466    0.26664441   -3.12024053
   467    0.76320557   -3.03718907
   468    0.18435937   -3.12618167
   469   -0.62547867   -3.06851375
   470   -0.18127166   -3.12636223
   471   -0.56298565   -3.08059205
   472   -1.31608328   -2.84164125
   473   -0.97738603   -2.97518348
   474   -1.15483752   -2.91090201
   475   -1.82652483   -2.54377814
   476   -1.57834564   -2.70477823
   477   -1.63724848   -2.66953509
   478   -2.21013712   -2.21862437
   479   -2.02486705   -2.38891474
   480   -2.12620741   -2.29918295
   481   -2.14613191   -2.28059598
   482   -1.15435179   -2.91109467
   483    0.00000000   -3.13161303
   484    0.00000000   -3.13161303
   485   -3.12284156   -0.23422385
   486   -3.12682894   -0.17303462
   487   -2.83927500   -1.32118041
   488   -2.44596603    1.95556906
   489   -2.38292289    2.03191504
   490   -2.96728752    1.00110188
   491   -0.48536667    3.09377106
   492   -0.35492034    3.11143564
   493   -1.47149260    2.76436426
   494    1.65712197    2.65724424
   495    1.79173292    2.56840288
   496    0.76800347    3.03597939
   497    2.89873324    1.18505097
   498    2.99160809    0.92589483
   499    2.52874439    1.84728234
   500    3.08927218   -0.51322275
   501    2.99217968   -0.92404599
   502    3.13161289    0.00096761
   503    2.45981010   -1.93812654
   504    2.09353309   -2.32897390
   505    2.62644195   -1.70552129
   506    1.43250905   -2.78476534
   507    0.81695018   -3.02317591
   508    1.49606328   -2.75114428
   509    0.44016114   -3.10052550
   510   -0.39069878   -3.10714574
   511    0.21722253   -3.12407019
   512   -0.59876105   -3.07383887
   513   -1.41831109   -2.79202325
   514   -0.91812494   -2.99400180
   515   -1.43886948   -2.78148428
   516   -2.14310087   -2.28344452
   517   -1.79876909   -2.56348005
   518   -2.02564838   -2.38825226
   519   -2.58875950   -1.76219309
   520   -2.38024090   -2.03505613
   521   -2.40861954   -2.00138754
   522   -2.83524214   -1.32981286
   523   -2.72060409   -1.55090735
   524   -2.66323872   -1.64747070
   525   -2.97199824   -0.98702922
   526   -2.90867471   -1.16043596
   527   -2.16030057   -2.26717923
   528   -2.17438536   -2.25367445
   529   -1.17375455   -2.90332576
   530    0.00000000   -3.13161303
   531    0.00000000   -3.13161303
   532   -3.12962621   -0.11153469
   533   -3.13121398   -0.04999203
   534   -2.87431678   -1.24310226
   535   -2.30650971    2.11825711
   536   -2.22696733    2.20173039
   537   -2.90303139    1.17448242
   538   -0.17838840    3.12652807
   539   -0.00128616    3.13161277
   540   -1.19623031    2.89413774
   541    1.99321514    2.41538684
   542    2.18169007    2.24660380
   543    1.19136865    2.89614242
   544    3.07998420    0.56630163
   545    3.12529747    0.19878613
   546    2.85248956    1.29240222
   547    2.80386720   -1.39475048
   548    2.54207026   -1.82890103
   549    3.00294968   -0.88842188
   550    1.57635164   -2.70594082
   551    0.99333240   -2.96989746
   552    1.83567726   -2.53718135
   553    0.05715267   -3.13109147
   554   -0.70607705   -3.05097614
   555    0.11964392   -3.12932669
   556   -1.24826694   -2.87207762
   557   -2.00519362   -2.40545188
   558   -1.42163577   -2.79033187
   559   -2.18490344   -2.24347881
   560   -2.75353226   -1.49166361
   561   -2.44326559   -1.95894193
   562   -2.72990520   -1.53447639
   563   -3.06471027   -0.64385648
   564   -2.95091600   -1.04837729
   565   -2.98979829   -0.93172226
   566   -3.13154628   -0.02044764
   567   -3.11701465   -0.30202633
   568   -3.08922267   -0.51352070
   569   -3.11298809    0.34103566
   570   -3.12577122    0.19119229
   571   -3.11968312   -0.27308868
   572   -3.09828718    0.45564980
   573   -3.10236085    0.42703317
   574    0.90692445   -2.99741359
   575    0.46350445   -3.09712186
   576    0.62071291   -3.06948134
   577    1.21679853   -2.88555047
   578    1.06333201   -2.94556026
   579    1.71910282   -2.61757248
   580    1.34290062   -2.82906665
   581    1.68717324   -2.63826584
   582    2.10896640   -2.31500776
   583    1.92000262   -2.47398265
   584    2.27643184   -2.15054837
   585    2.03441205   -2.38079142
   586    2.44593368   -1.95560953
   587    2.68475766   -1.61216516
   588    2.49515826   -1.89240203
   589    2.55793883   -1.80664029
   590    2.44610968   -1.95538939
   591    2.86624407   -1.26160418
   592    3.00218587   -0.89099954
   593    2.81750717   -1.36698704
   594    2.63516150   -1.69201774
   595    2.61622504   -1.72115274
   596    3.07146027   -0.61084535
   597    3.11465048   -0.32550359
   598    2.95498247   -1.03686007
   599    0.86504465   -3.00976709
   600    1.66277183   -2.65371250
   601    1.44444401   -2.77859347
   602    2.13406511   -2.29189143
   603    2.52853831   -1.84756440
   604    2.33050174   -2.09183217
   605    2.82185486   -1.35798946
   606    2.99922294   -0.90092282
   607    2.86415357   -1.26634297
   608    3.11748178   -0.29716589
   609    3.11541940    0.31805998
   610    3.11796900   -0.29200945
   611    3.04761252    0.72045687
   612    2.92805880    1.11061779
   613    3.10551043    0.40349125
   614    0.83714056   -3.01764741
   615    1.61335345   -2.68404375
   616    1.63813275   -2.66899256
   617    2.09784878   -2.32508724
   618    2.46933217   -1.92597997
   619    2.69901539   -1.58818013
   620    2.88277445   -1.22336080
   621    2.72359752   -1.54564445
   622    2.16382795   -2.26381289
   623    2.60847937   -1.73286918
   624    2.54074117   -1.83074697
   625    2.88032932   -1.22910668
   626    3.05594014   -0.68427338
   627    2.98156607   -0.95773898
   628    3.03643051   -0.76621797
   629    3.11296081   -0.34128461
   630    3.06887575   -0.62370013
   631    3.12808184   -0.14867472
   632    3.11350174    0.33631401
   633    3.13161204   -0.00249996
   634    3.13144857    0.03209441
   635    3.10531198    0.40501570
   636    3.11066936    0.36157482
   637    2.61188407    1.72773314
   638    2.94911775    1.05342521
   639    3.02902146    0.79500265
   640    2.90395833    1.17218865
   641    2.77187355    1.45729793
   642    3.03761885    0.76149322
   643    2.38140251    2.03369671
   644    2.11528907    2.30923198
   645    2.59191140    1.75755384
   646    0.94258231   -2.98639227
   647    1.79774234   -2.56420020
   648    1.70660020   -2.62574103
   649    2.38556103   -2.02881708
   650    2.81960355   -1.36265771
   651    2.72034568   -1.55136056
   652    3.04445733   -0.73367551
   653    3.13080100   -0.07131111
   654    3.10851587   -0.37964364
   655    3.08365388    0.54596606
   656    2.93854775    1.08256053
   657    3.04894160    0.71481137
   658    2.71308649    1.56402107
   659    2.40943381    2.00040719
   660    2.68877753    1.60545183
   661    2.06202265    2.35691807
   662    1.66251076    2.65387607
   663    2.18678916    2.24164077
   664    1.26917338    2.86290047
   665    0.85015576    3.01400653
   666    1.52402346    2.73575450
   667    1.18173715   -2.90008578
   668    2.18873726   -2.23973870
   669    1.99982970   -2.40991314
   670    2.71191779   -1.56604664
   671    3.03390262   -0.77616692
   672    2.94140659   -1.07476857
   673    3.13066665   -0.07698397
   674    3.06838500    0.62610998
   675    3.11914665    0.27914939
   676    2.86541798    1.26347932
   677    2.56971308    1.78985331
   678    2.77674271    1.44799866
   679    2.17266444    2.25533356
   680    1.69268762    2.63473126
   681    2.07543775    2.34511372
   682    1.05008608    2.95030836
   683    0.35260500    3.11169888
   684    1.03323438    2.95625217
   685   -0.12352059    3.12917607
   686   -0.59678415    3.07422330
   687    0.13021486    3.12890465
   688    1.07194913   -2.94243526
   689    2.01438498   -2.39776007
   690    2.10304703   -2.32038648
   691    2.63519196   -1.69197031
   692    2.94746388   -1.05804390
   693    3.09123758   -0.50124889
   694    3.13077496    0.07244561
   695    3.11140596   -0.35518047
   696    2.63273412   -1.69579222
   697    3.01615476   -0.84250262
   698    2.98375624   -0.95089374
   699    3.13065367   -0.07750980
   700    3.05415109    0.69221481
   701    3.10795047    0.38424478
   702    3.04627878    0.72607560
   703    2.82685696    1.34754590
   704    2.96961103    0.99418839
   705    2.82024573    1.36132810
   706    2.44185630    1.96069835
   707    2.65213571    1.66528567
   708    2.48188025    1.90978288
   709    2.07021939    2.34972166
   710    2.33679531    2.08479924
   711    1.95634397    2.44534629
   712    1.42734405    2.78741622
   713    1.76242086    2.58860443
   714    1.60793265    2.68729470
   715    1.09191997    2.93508279
   716    1.40037947    2.80106008
   717    0.87454400    3.00702062
   718    0.29019246    3.11813863
   719    0.69709113    3.05304179
   720    0.66593256    3.05998922
   721    0.22656725    3.12340639
   722    0.28964382    3.11818964
   723   -1.28577293    2.85548388
   724   -0.48385284    3.09400818
   725   -0.25225794    3.12143655
   726   -0.72518201    3.04649163
   727   -1.01000401    2.96426924
   728   -0.22042527    3.12384585
   729   -1.61208486    2.68480588
   730   -1.91610202    2.47700489
   731   -1.29144147    2.85292466
   732    1.09580314   -2.93363523
   733    2.05305260   -2.36473576
   734    2.03378574   -2.38132647
   735    2.77486730   -1.45158937
   736    3.11332929   -0.33790669
   737    3.07510910   -0.59220287
   738    3.08812592    0.52007545
   739    2.83092297    1.33898295
   740    2.96025410    1.02171223
   741    2.43698996    1.96674353
   742    1.90656697    2.48435154
   743    2.18991889    2.23858336
   744    1.30023444    2.84892797
   745    0.68109620    3.05664983
   746    1.06277986    2.94575952
   747    0.03626519    3.13140305
   748   -0.61012332    3.07160377
   749   -0.16164875    3.12743823
   750   -1.28012796    2.85801900
   751   -1.88557830    2.50031891
   752   -1.33363750    2.83344512
   753   -2.18581129    2.24259430
   754   -2.45114937    1.94906823
   755   -1.92263997    2.47193360
   756   -2.65534585    1.66016222
   757   -2.82565319    1.35006824
   758   -2.43691433    1.96683725
   759    1.06482825   -2.94501969
   760    2.00276111   -2.40747755
   761    2.02801939   -2.38623921
   762    2.68727106   -1.60797216
   763    3.06823673   -0.62683613
   764    3.09415754   -0.48289677
   765    3.11191054    0.35073209
   766    2.96001297    1.02241059
   767    2.70822026    1.57243226
   768    2.35537910    2.06378039
   769    2.61835141    1.71791621
   770    3.11937837    0.27654796
   771    2.91010355    1.15684810
   772    2.93582782    1.08991522
   773    2.49645500    1.89069104
   774    1.90216191    2.48772592
   775    2.13929782    2.28700788
   776    1.84066806    2.53356297
   777    1.23481148    2.87788826
   778    1.58296634    2.70207657
   779    1.24343348    2.87417351
   780    0.51074970    3.08968201
   781    0.87918009    3.00566841
   782    0.56350925    3.08049631
   783   -0.08644736    3.13041963
   784    0.29960210    3.11724859
   785   -0.21694180    3.12408970
   786   -0.88547978    3.00381853
   787   -0.49007041    3.09302945
   788   -0.68360417    3.05608991
   789   -1.25551634    2.86891598
   790   -0.93830918    2.98773762
   791   -1.48635099    2.75640363
   792   -2.02322717    2.39030375
   793   -1.65674436    2.65747969
   794   -1.64857272    2.66255670
   795   -2.00850064    2.40269128
   796   -1.94764981    2.45227658
   797   -2.89079668    1.20428183
   798   -2.47454345    1.91927979
   799   -2.35012026    2.06976688
   800   -2.63721265    1.68881900
   801   -2.77460229    1.45209585
   802   -2.35646753    2.06253751
   803   -3.00007249    0.89808979
   804   -3.07701479    0.58222004
   805   -2.84731680    1.30375890
   806   -3.12082429    0.25972283
   807   -3.13092621   -0.06558411
   808   -3.06124606    0.66013087
   809    1.05682566   -2.94790090
   810    1.98965418   -2.41832099
   811    1.99621500   -2.41290818
   812    2.68035782   -1.61946972
   813    3.06625526   -0.63645806
   814    3.06724943   -0.63164952
   815    3.10739744    0.38869183
   816    2.81501124    1.37211949
   817    2.86457977    1.26537858
   818    2.17261712    2.25537914
   819    1.26596860    2.86431906
   820    1.59521733    2.69486212
   821    0.50999905    3.08980601
   822   -0.27833782    3.11921917
   823    0.11714104    3.12942138
   824   -1.01739404    2.96174097
   825   -1.65546052    2.65827964
   826   -1.28216503    2.85710571
   827   -2.27548802    2.15154700
   828   -2.74673705    1.50413955
   829   -2.42579112    1.98053973
   830   -2.95887711    1.02569317
   831   -3.08837452    0.51859716
   832   -2.92197595    1.12652418
   833   -3.12806791    0.14896755
   834   -3.12368013   -0.22276136
   835   -3.09072741    0.50438504
   836   -3.08189198   -0.55582551
   837   -3.00469304   -0.88250774
   838   -3.12780272   -0.15443552
   839   -2.90043785   -1.18087275
   840   -2.76663839   -1.46721239
   841   -3.03091638   -0.78774750
   842    1.06343219   -2.94552409
   843    2.00047787   -2.40937512
   844    1.99507110   -2.41385408
   845    2.69431841   -1.59613549
   846    3.07420004   -0.59690393
   847    3.07029164   -0.61669233
   848    3.09895171    0.45110805
   849    2.77644576    1.44856797
   850    2.79598929    1.41047655
   851    2.16893352    2.25892178
   852    1.33456784    2.83300704
   853    1.30036281    2.84886938
   854    0.61512743    3.07060555
   855   -0.06494912    3.13093945
   856   -0.59708244    3.07416538
   857   -1.11177878    2.92761817
   858   -0.70162936    3.05200204
   859    0.51857116    3.08837889
   860   -0.33607957    3.11352705
   861   -0.20070289    3.12517496
   862   -1.03757550    2.95473134
   863   -1.68433691    2.64007753
   864   -1.40543243    2.79852816
   865   -1.66520834    2.65218426
   866   -2.13082545    2.29490373
   867   -1.90184026    2.48797183
   868   -2.21338185    2.21538732
   869   -2.61917549    1.71665954
   870   -2.39253300    2.02059052
   871   -2.46443505    1.93224224
   872   -2.73702590    1.52173895
   873   -2.74189668    1.51294508
   874   -3.13095899   -0.06400011
   875   -3.04164317    0.74525635
   876   -2.92277131    1.12445900
   877   -3.05119632    0.70512498
   878   -3.11490745    0.32303523
   879   -2.87994350    1.23001042
   880   -3.09245497   -0.49368253
   881   -2.99526478   -0.91399623
   882   -3.12501978   -0.20310479
   883   -2.86146393   -1.27240890
   884   -2.68495935   -1.61182924
   885   -2.98621029   -0.94315869
   886   -2.49783579   -1.88886647
   887   -2.28224581   -2.14437736
   888   -2.71772209   -1.55595207
   889   -2.05674692   -2.36152330
   890   -1.81069235   -2.55507210
   891   -2.35241440   -2.06715909
   892    1.08017783   -2.93942444
   893    2.02777133   -2.38645001
   894    2.01415716   -2.39795145
   895    2.72371047   -1.54544540
   896    3.08869942   -0.51665859
   897    3.08171096   -0.55682829
   898    3.08076814    0.56202124
   899    2.70729980    1.57401652
   900    2.74259086    1.51168634
   901    2.03127637    2.38346733
   902    1.12488175    2.92260864
   903    1.23053890    2.87971773
   904    0.16001448    3.12752227
   905   -0.82073156    3.02215154
   906   -0.58020572    3.07739525
   907   -1.58696571    2.69972962
   908   -2.24137104    2.18706562
   909   -1.97587943    2.42958858
   910   -2.70217078    1.58280550
   911   -2.99173388    0.92548829
   912   -2.83320800    1.33414116
   913   -3.12124527    0.25461372
   914   -3.10217479   -0.42838277
   915   -3.12845072    0.14069921
   916   -2.98617251   -0.94327829
   917   -2.78534478   -1.43138209
   918   -3.03613174   -0.76740097
   919   -2.54700657   -1.82202024
   920   -2.25428360   -2.17375381
   921   -2.69929377   -1.58770695
   922   -1.97165882   -2.43301494
   923   -1.65945902   -2.65578538
   924   -2.23404428   -2.19454924
   925   -1.36631085   -2.81783514
   926   -1.05752872   -2.94764876
   927   -1.71750955   -2.61861818
   928   -0.76615095   -3.03644742
   929   -0.46752443   -3.09651758
   930   -1.17083675   -2.90450366
   931    1.10343860   -2.93077182
   932    2.06534491   -2.35400735
   933    2.04662239   -2.37030314
   934    2.76185014   -1.47620594
   935    3.10473712   -0.40939911
   936    3.09718287   -0.46309661
   937    3.05021339    0.70936486
   938    2.60547523    1.73738281
   939    2.65764307    1.65648226
   940    1.81986965    2.54854364
   941    0.79763139    3.02833029
   942    0.96270856    2.97996517
   943   -0.40532568    3.10527153
   944   -1.54822820    2.72212962
   945   -1.19393958    2.89508350
   946   -2.22689631    2.20180222
   947   -2.73949954    1.51728128
   948   -2.51285222    1.86884293
   949   -3.03777470    0.76087128
   950   -3.13161249   -0.00185467
   951   -3.09658435    0.46708197
   952   -3.00632859   -0.87691996
   953   -2.64149549   -1.68211229
   954   -2.93945488   -1.08009499
   955   -2.27040837   -2.15690659
   956   -1.81525583   -2.55183198
   957   -2.36753841   -2.04982001
   958   -1.41434928   -2.79403227
   959   -0.98180737   -2.97372737
   960   -1.66675087   -2.65121515
   961   -0.60849815   -3.07192614
   962   -0.22594817   -3.12345124
   963   -0.97127127   -2.97718530
   964    0.09459672   -3.13018397
   965    0.41415007   -3.10410694
   966   -0.33106319   -3.11406444
   967    0.69784604   -3.05286932
   968    0.97562670   -2.97576087
   969    0.26112815   -3.12070702
   970    1.12897898   -2.92102836
   971    2.10612205   -2.31759576
   972    2.08581183   -2.33589153
   973    2.80077900   -1.40094154
   974    3.11765683   -0.29532366
   975    3.11171979   -0.35242042
   976    3.01463223    0.84793438
   977    2.50656641    1.87726530
   978    2.55697691    1.80800146
   979    1.67093099    2.64858261
   980    0.61495539    3.07064001
   981    0.70661013    3.05085272
   982   -0.48105538    3.09444436
   983   -1.51811554    2.73903732
   984   -1.53319519    2.73062497
   985   -2.14672540    2.28003734
   986   -2.62403132    1.70922784
   987   -2.89485669    1.19448940
   988   -3.06582207    0.63854151
   989   -2.93572522    1.09019156
   990   -2.24744026    2.18082839
   991   -2.78345859    1.43504650
   992   -2.70721751    1.57415804
   993   -3.05396742    0.69302468
   994   -3.13022953   -0.09307674
   995   -3.11954801    0.27462783
   996   -3.13145911   -0.03104909
   997   -3.05899009   -0.67050716
   998   -3.11330429   -0.33813699
   999   -3.01952242   -0.83035206
  1000   -2.75412045   -1.49057732
  1001   -2.93533565   -1.09124004
  1002   -2.89791373   -1.18705360
  1003   -2.65032510   -1.66816577
  1004   -2.64591870   -1.67514609
  1005   -1.24003967   -2.87563938
  1006   -2.03044352   -2.38417687
  1007   -2.34787157   -2.07231738
  1008   -1.98441409   -2.42262273
  1009   -1.62806004   -2.67514873
  1010   -2.41466591   -1.99408845
  1011   -0.76320557   -3.03718907
  1012   -0.26664441   -3.12024053
  1013   -1.07905015   -2.93983860
  1014    0.18127166   -3.12636223
  1015    0.62547867   -3.06851375
  1016   -0.18435937   -3.12618167
  1017    0.97738603   -2.97518348
  1018    1.31608328   -2.84164125
  1019    0.56298565   -3.08059205
  1020    1.57834564   -2.70477823
  1021    1.82652483   -2.54377814
  1022    1.15483752   -2.91090201
  1023    2.02486705   -2.38891474
  1024    2.21013712   -2.21862437
  1025    1.63724848   -2.66953509
  1026    1.15435179   -2.91109467
  1027    2.14613191   -2.28059598
  1028    2.12620741   -2.29918295
  1029    2.83927500   -1.32118041
  1030    3.12682894   -0.17303462
  1031    3.12284156   -0.23422385
  1032    2.96728752    1.00110188
  1033    2.38292289    2.03191504
  1034    2.44596603    1.95556906
  1035    1.47149260    2.76436426
  1036    0.35492034    3.11143564
  1037    0.48536667    3.09377106
  1038   -0.76800347    3.03597939
  1039   -1.79173292    2.56840288
  1040   -1.65712197    2.65724424
  1041   -2.52874439    1.84728234
  1042   -2.99160809    0.92589483
  1043   -2.89873324    1.18505097
  1044   -3.13161289    0.00096761
  1045   -2.99217968   -0.92404599
  1046   -3.08927218   -0.51322275
  1047   -2.62644195   -1.70552129
  1048   -2.09353309   -2.32897390
  1049   -2.45981010   -1.93812654
  1050   -1.49606328   -2.75114428
  1051   -0.81695018   -3.02317591
  1052   -1.43250905   -2.78476534
  1053   -0.21722253   -3.12407019
  1054    0.39069878   -3.10714574
  1055   -0.44016114   -3.10052550
  1056    0.91812494   -2.99400180
  1057    1.41831109   -2.79202325
  1058    0.59876105   -3.07383887
  1059    1.79876909   -2.56348005
  1060    2.14310087   -2.28344452
  1061    1.43886948   -2.78148428
  1062    2.38024090   -2.03505613
  1063    2.58875950   -1.76219309
  1064    2.02564838   -2.38825226
  1065    2.72060409   -1.55090735
  1066    2.83524214   -1.32981286
  1067    2.40861954   -2.00138754
  1068    2.90867471   -1.16043596
  1069    2.97199824   -0.98702922
  1070    2.66323872   -1.64747070
  1071    1.17375455   -2.90332576
  1072    2.17438536   -2.25367445
  1073    2.16030057   -2.26717923
  1074    2.87431678   -1.24310226
  1075    3.13121398   -0.04999203
  1076    3.12962621   -0.11153469
  1077    2.90303139    1.17448242
  1078    2.22696733    2.20173039
  1079    2.30650971    2.11825711
  1080    1.19623031    2.89413774
  1081    0.00128616    3.13161277
  1082    0.17838840    3.12652807
  1083   -1.19136865    2.89614242
  1084   -2.18169007    2.24660380
  1085   -1.99321514    2.41538684
  1086   -2.85248956    1.29240222
  1087   -3.12529747    0.19878613
  1088   -3.07998420    0.56630163
  1089   -3.00294968   -0.88842188
  1090   -2.54207026   -1.82890103
  1091   -2.80386720   -1.39475048
  1092   -1.83567726   -2.53718135
  1093   -0.99333240   -2.96989746
  1094   -1.57635164   -2.70594082
  1095   -0.11964392   -3.12932669
  1096    0.70607705   -3.05097614
  1097   -0.05715267   -3.13109147
  1098    1.42163577   -2.79033187
  1099    2.00519362   -2.40545188
  1100    1.24826694   -2.87207762
  1101    2.44326559   -1.95894193
  1102    2.75353226   -1.49166361
  1103    2.18490344   -2.24347881
  1104    2.95091600   -1.04837729
  1105    3.06471027   -0.64385648
  1106    2.72990520   -1.53447639
  1107    3.11701465   -0.30202633
  1108    3.13154628   -0.02044764
  1109    2.98979829   -0.93172226
  1110    3.12577122    0.19119229
  1111    3.11298809    0.34103566
  1112    3.08922267   -0.51352070
  1113    3.10236085    0.42703317
  1114    3.09828718    0.45564980
  1115    3.11968312   -0.27308868
  1116   -0.90692445   -2.99741359
  1117   -0.46350445   -3.09712186
  1118    0.00000000   -3.13161303
  1119    0.00000000   -3.13161303
  1120    0.00000000   -3.13161303
  1121   -0.62071291   -3.06948134
  1122   -1.21679853   -2.88555047
  1123   -1.06333201   -2.94556026
  1124   -1.71910282   -2.61757248
  1125   -1.34290062   -2.82906665
  1126   -1.68717324   -2.63826584
  1127   -2.10896640   -2.31500776
  1128   -1.92000262   -2.47398265
  1129   -2.27643184   -2.15054837
  1130   -2.03441205   -2.38079142
  1131   -2.44593368   -1.95560953
  1132   -2.68475766   -1.61216516
  1133   -2.49515826   -1.89240203
  1134   -2.55793883   -1.80664029
  1135   -2.44610968   -1.95538939
  1136   -2.86624407   -1.26160418
  1137   -3.00218587   -0.89099954
  1138   -2.81750717   -1.36698704
  1139   -2.61622504   -1.72115274
  1140   -3.07146027   -0.61084535
  1141    0.00000000   -3.13161303
  1142    0.00000000   -3.13161303
  1143   -0.86504465   -3.00976709
  1144   -1.66277183   -2.65371250
  1145   -1.44444401   -2.77859347
  1146   -2.13406511   -2.29189143
  1147   -2.52853831   -1.84756440
  1148   -2.33050174   -2.09183217
  1149   -2.82185486   -1.35798946
  1150   -2.99922294   -0.90092282
  1151   -2.86415357   -1.26634297
  1152   -3.11748178   -0.29716589
  1153   -3.11541940    0.31805998
  1154   -3.11796900   -0.29200945
  1155   -3.04761252    0.72045687
  1156    0.00000000   -3.13161303
  1157    0.00000000   -3.13161303
  1158   -0.83714056   -3.01764741
  1159   -1.61335345   -2.68404375
  1160   -1.63813275   -2.66899256
  1161   -2.09784878   -2.32508724
  1162   -2.46933217   -1.92597997
  1163   -2.69901539   -1.58818013
  1164   -2.88277445   -1.22336080
  1165   -2.72359752   -1.54564445
  1166   -2.16382795   -2.26381289
  1167   -2.60847937   -1.73286918
  1168   -2.54074117   -1.83074697
  1169   -2.88032932   -1.22910668
  1170   -3.05594014   -0.68427338
  1171   -2.98156607   -0.95773898
  1172   -3.03643051   -0.76621797
  1173   -3.11296081   -0.34128461
  1174   -3.06887575   -0.62370013
  1175   -3.12808184   -0.14867472
  1176   -3.11350174    0.33631401
  1177   -3.13161204   -0.00249996
  1178   -3.13144857    0.03209441
  1179   -3.10531198    0.40501570
  1180   -3.11066936    0.36157482
  1181   -2.61188407    1.72773314
  1182   -2.94911775    1.05342521
  1183   -3.02902146    0.79500265
  1184   -2.90395833    1.17218865
  1185   -2.77187355    1.45729793
  1186   -3.03761885    0.76149322
  1187   -2.38140251    2.03369671
  1188    0.00000000   -3.13161303
  1189    0.00000000   -3.13161303
  1190   -0.94258231   -2.98639227
  1191   -1.79774234   -2.56420020
  1192   -1.70660020   -2.62574103
  1193   -2.38556103   -2.02881708
  1194   -2.81960355   -1.36265771
  1195   -2.72034568   -1.55136056
  1196   -3.04445733   -0.73367551
  1197   -3.13080100   -0.07131111
  1198   -3.10851587   -0.37964364
  1199   -3.08365388    0.54596606
  1200   -2.93854775    1.08256053
  1201   -3.04894160    0.71481137
  1202   -2.71308649    1.56402107
  1203   -2.40943381    2.00040719
  1204   -2.68877753    1.60545183
  1205   -2.06202265    2.35691807
  1206   -1.66251076    2.65387607
  1207   -2.18678916    2.24164077
  1208   -1.26917338    2.86290047
  1209    0.00000000   -3.13161303
  1210    0.00000000   -3.13161303
  1211   -1.18173715   -2.90008578
  1212   -2.18873726   -2.23973870
  1213   -1.99982970   -2.40991314
  1214   -2.71191779   -1.56604664
  1215   -3.03390262   -0.77616692
  1216   -2.94140659   -1.07476857
  1217   -3.13066665   -0.07698397
  1218   -3.06838500    0.62610998
  1219   -3.11914665    0.27914939
  1220   -2.86541798    1.26347932
  1221   -2.56971308    1.78985331
  1222   -2.77674271    1.44799866
  1223   -2.17266444    2.25533356
  1224   -1.69268762    2.63473126
  1225   -2.07543775    2.34511372
  1226   -1.05008608    2.95030836
  1227   -0.35260500    3.11169888
  1228   -1.03323438    2.95625217
  1229    0.12352059    3.12917607
  1230    0.00000000   -3.13161303
  1231    0.00000000   -3.13161303
  1232   -1.07194913   -2.94243526
  1233   -2.01438498   -2.39776007
  1234   -2.10304703   -2.32038648
  1235   -2.63519196   -1.69197031
  1236   -2.94746388   -1.05804390
  1237   -3.09123758   -0.50124889
  1238   -3.13077496    0.07244561
  1239   -3.11140596   -0.35518047
  1240   -2.63273412   -1.69579222
  1241   -3.01615476   -0.84250262
  1242   -2.98375624   -0.95089374
  1243   -3.13065367   -0.07750980
  1244   -3.05415109    0.69221481
  1245   -3.10795047    0.38424478
  1246   -3.04627878    0.72607560
  1247   -2.82685696    1.34754590
  1248   -2.96961103    0.99418839
  1249   -2.82024573    1.36132810
  1250   -2.44185630    1.96069835
  1251   -2.65213571    1.66528567
  1252   -2.48188025    1.90978288
  1253   -2.07021939    2.34972166
  1254   -2.33679531    2.08479924
  1255   -1.95634397    2.44534629
  1256   -1.42734405    2.78741622
  1257   -1.76242086    2.58860443
  1258   -1.60793265    2.68729470
  1259   -1.09191997    2.93508279
  1260   -1.40037947    2.80106008
  1261   -0.87454400    3.00702062
  1262   -0.29019246    3.11813863
  1263   -0.69709113    3.05304179
  1264   -0.66593256    3.05998922
  1265   -0.22656725    3.12340639
  1266   -0.28964382    3.11818964
  1267    1.28577293    2.85548388
  1268    0.48385284    3.09400818
  1269    0.25225794    3.12143655
  1270    0.72518201    3.04649163
  1271    1.01000401    2.96426924
  1272    0.22042527    3.12384585
  1273    1.61208486    2.68480588
  1274    0.00000000   -3.13161303
  1275    0.00000000   -3.13161303
  1276   -1.09580314   -2.93363523
  1277   -2.05305260   -2.36473576
  1278   -2.03378574   -2.38132647
  1279   -2.77486730   -1.45158937
  1280   -3.11332929   -0.33790669
  1281   -3.07510910   -0.59220287
  1282   -3.08812592    0.52007545
  1283   -2.83092297    1.33898295
  1284   -2.96025410    1.02171223
  1285   -2.43698996    1.96674353
  1286   -1.90656697    2.48435154
  1287   -2.18991889    2.23858336
  1288   -1.30023444    2.84892797
  1289   -0.68109620    3.05664983
  1290   -1.06277986    2.94575952
  1291   -0.03626519    3.13140305
  1292    0.61012332    3.07160377
  1293    0.16164875    3.12743823
  1294    1.28012796    2.85801900
  1295    1.88557830    2.50031891
  1296    1.33363750    2.83344512
  1297    2.18581129    2.24259430
  1298    2.45114937    1.94906823
  1299    1.92263997    2.47193360
  1300    2.65534585    1.66016222
  1301    0.00000000   -3.13161303
  1302    0.00000000   -3.13161303
  1303   -1.06482825   -2.94501969
  1304   -2.00276111   -2.40747755
  1305   -2.02801939   -2.38623921
  1306   -2.68727106   -1.60797216
  1307   -3.06823673   -0.62683613
  1308   -3.09415754   -0.48289677
  1309   -3.11191054    0.35073209
  1310   -2.96001297    1.02241059
  1311   -2.70822026    1.57243226
  1312   -2.35537910    2.06378039
  1313   -2.61835141    1.71791621
  1314   -3.11937837    0.27654796
  1315   -2.91010355    1.15684810
  1316   -2.93582782    1.08991522
  1317   -2.49645500    1.89069104
  1318   -1.90216191    2.48772592
  1319   -2.13929782    2.28700788
  1320   -1.84066806    2.53356297
  1321   -1.23481148    2.87788826
  1322   -1.58296634    2.70207657
  1323   -1.24343348    2.87417351
  1324   -0.51074970    3.08968201
  1325   -0.87918009    3.00566841
  1326   -0.56350925    3.08049631
  1327    0.08644736    3.13041963
  1328   -0.29960210    3.11724859
  1329    0.21694180    3.12408970
  1330    0.88547978    3.00381853
  1331    0.49007041    3.09302945
  1332    0.68360417    3.05608991
  1333    1.25551634    2.86891598
  1334    0.93830918    2.98773762
  1335    1.48635099    2.75640363
  1336    2.02322717    2.39030375
  1337    1.65674436    2.65747969
  1338    1.64857272    2.66255670
  1339    2.00850064    2.40269128
  1340    1.94764981    2.45227658
  1341    2.89079668    1.20428183
  1342    2.47454345    1.91927979
  1343    2.35012026    2.06976688
  1344    2.63721265    1.68881900
  1345    2.77460229    1.45209585
  1346    2.35646753    2.06253751
  1347    3.00007249    0.89808979
  1348    3.07701479    0.58222004
  1349    2.84731680    1.30375890
  1350    3.12082429    0.25972283
  1351    0.00000000   -3.13161303
  1352    0.00000000   -3.13161303
  1353   -1.05682566   -2.94790090
  1354   -1.98965418   -2.41832099
  1355   -1.99621500   -2.41290818
  1356   -2.68035782   -1.61946972
  1357   -3.06625526   -0.63645806
  1358   -3.06724943   -0.63164952
  1359   -3.10739744    0.38869183
  1360   -2.81501124    1.37211949
  1361   -2.86457977    1.26537858
  1362   -2.17261712    2.25537914
  1363   -1.26596860    2.86431906
  1364   -1.59521733    2.69486212
  1365   -0.50999905    3.08980601
  1366    0.27833782    3.11921917
  1367   -0.11714104    3.12942138
  1368    1.01739404    2.96174097
  1369    1.65546052    2.65827964
  1370    1.28216503    2.85710571
  1371    2.27548802    2.15154700
  1372    2.74673705    1.50413955
  1373    2.42579112    1.98053973
  1374    2.95887711    1.02569317
  1375    3.08837452    0.51859716
  1376    2.92197595    1.12652418
  1377    3.12806791    0.14896755
  1378    3.12368013   -0.22276136
  1379    3.09072741    0.50438504
  1380    3.08189198   -0.55582551
  1381    3.00469304   -0.88250774
  1382    3.12780272   -0.15443552
  1383    2.90043785   -1.18087275
  1384    0.00000000   -3.13161303
  1385    0.00000000   -3.13161303
  1386   -1.06343219   -2.94552409
  1387   -2.00047787   -2.40937512
  1388   -1.99507110   -2.41385408
  1389   -2.69431841   -1.59613549
  1390   -3.07420004   -0.59690393
  1391   -3.07029164   -0.61669233
  1392   -3.09895171    0.45110805
  1393   -2.77644576    1.44856797
  1394   -2.79598929    1.41047655
  1395   -2.16893352    2.25892178
  1396   -1.33456784    2.83300704
  1397   -1.30036281    2.84886938
  1398   -0.61512743    3.07060555
  1399    0.06494912    3.13093945
  1400    0.59708244    3.07416538
  1401    1.11177878    2.92761817
  1402    0.70162936    3.05200204
  1403   -0.51857116    3.08837889
  1404    0.33607957    3.11352705
  1405    0.20070289    3.12517496
  1406    1.03757550    2.95473134
  1407    1.68433691    2.64007753
  1408    1.40543243    2.79852816
  1409    1.66520834    2.65218426
  1410    2.13082545    2.29490373
  1411    1.90184026    2.48797183
  1412    2.21338185    2.21538732
  1413    2.61917549    1.71665954
  1414    2.39253300    2.02059052
  1415    2.46443505    1.93224224
  1416    2.73702590    1.52173895
  1417    2.74189668    1.51294508
  1418    3.13095899   -0.06400011
  1419    3.04164317    0.74525635
  1420    2.92277131    1.12445900
  1421    3.05119632    0.70512498
  1422    3.11490745    0.32303523
  1423    2.87994350    1.23001042
  1424    3.09245497   -0.49368253
  1425    2.99526478   -0.91399623
  1426    3.12501978   -0.20310479
  1427    2.86146393   -1.27240890
  1428    2.68495935   -1.61182924
  1429    2.98621029   -0.94315869
  1430    2.49783579   -1.88886647
  1431    2.28224581   -2.14437736
  1432    2.71772209   -1.55595207
  1433    2.05674692   -2.36152330
  1434    0.00000000   -3.13161303
  1435    0.00000000   -3.13161303
  1436   -1.08017783   -2.93942444
  1437   -2.02777133   -2.38645001
  1438   -2.01415716   -2.39795145
  1439   -2.72371047   -1.54544540
  1440   -3.08869942   -0.51665859
  1441   -3.08171096   -0.55682829
  1442   -3.08076814    0.56202124
  1443   -2.70729980    1.57401652
  1444   -2.74259086    1.51168634
  1445   -2.03127637    2.38346733
  1446   -1.12488175    2.92260864
  1447   -1.23053890    2.87971773
  1448   -0.16001448    3.12752227
  1449    0.82073156    3.02215154
  1450    0.58020572    3.07739525
  1451    1.58696571    2.69972962
  1452    2.24137104    2.18706562
  1453    1.97587943    2.42958858
  1454    2.70217078    1.58280550
  1455    2.99173388    0.92548829
  1456    2.83320800    1.33414116
  1457    3.12124527    0.25461372
  1458    3.10217479   -0.42838277
  1459    3.12845072    0.14069921
  1460    2.98617251   -0.94327829
  1461    2.78534478   -1.43138209
  1462    3.03613174   -0.76740097
  1463    2.54700657   -1.82202024
  1464    2.25428360   -2.17375381
  1465    2.69929377   -1.58770695
  1466    1.97165882   -2.43301494
  1467    1.65945902   -2.65578538
  1468    2.23404428   -2.19454924
  1469    1.36631085   -2.81783514
  1470    1.05752872   -2.94764876
  1471    1.71750955   -2.61861818
  1472    0.76615095   -3.03644742
  1473    0.00000000   -3.13161303
  1474    0.00000000   -3.13161303
  1475   -1.10343860   -2.93077182
  1476   -2.06534491   -2.35400735
  1477   -2.04662239   -2.37030314
  1478   -2.76185014   -1.47620594
  1479   -3.10473712   -0.40939911
  1480   -3.09718287   -0.46309661
  1481   -3.05021339    0.70936486
  1482   -2.60547523    1.73738281
  1483   -2.65764307    1.65648226
  1484   -1.81986965    2.54854364
  1485   -0.79763139    3.02833029
  1486   -0.96270856    2.97996517
  1487    0.40532568    3.10527153
  1488    1.54822820    2.72212962
  1489    1.19393958    2.89508350
  1490    2.22689631    2.20180222
  1491    2.73949954    1.51728128
  1492    2.51285222    1.86884293
  1493    3.03777470    0.76087128
  1494    3.13161249   -0.00185467
  1495    3.09658435    0.46708197
  1496    3.00632859   -0.87691996
  1497    2.64149549   -1.68211229
  1498    2.93945488   -1.08009499
  1499    2.27040837   -2.15690659
  1500    1.81525583   -2.55183198
  1501    2.36753841   -2.04982001
  1502    1.41434928   -2.79403227
  1503    0.98180737   -2.97372737
  1504    1.66675087   -2.65121515
  1505    0.60849815   -3.07192614
  1506    0.22594817   -3.12345124
  1507    0.97127127   -2.97718530
  1508   -0.09459672   -3.13018397
  1509   -0.41415007   -3.10410694
  1510    0.33106319   -3.11406444
  1511   -0.69784604   -3.05286932
  1512    0.00000000   -3.13161303
  1513    0.00000000   -3.13161303
  1514   -1.12897898   -2.92102836
  1515   -2.10612205   -2.31759576
  1516   -2.08581183   -2.33589153
  1517   -2.80077900   -1.40094154
  1518   -3.11765683   -0.29532366
  1519   -3.11171979   -0.35242042
  1520   -3.01463223    0.84793438
  1521   -2.50656641    1.87726530
  1522   -2.55697691    1.80800146
  1523   -1.67093099    2.64858261
  1524   -0.61495539    3.07064001
  1525   -0.70661013    3.05085272
  1526    0.48105538    3.09444436
  1527    1.51811554    2.73903732
  1528    1.53319519    2.73062497
  1529    2.14672540    2.28003734
  1530    2.62403132    1.70922784
  1531    2.89485669    1.19448940
  1532    3.06582207    0.63854151
  1533    2.93572522    1.09019156
  1534    2.24744026    2.18082839
  1535    2.78345859    1.43504650
  1536    2.70721751    1.57415804
  1537    3.05396742    0.69302468
  1538    3.13022953   -0.09307674
  1539    3.11954801    0.27462783
  1540    3.13145911   -0.03104909
  1541    3.05899009   -0.67050716
  1542    3.11330429   -0.33813699
  1543    3.01952242   -0.83035206
  1544    2.75412045   -1.49057732
  1545    2.93533565   -1.09124004
  1546    2.89791373   -1.18705360
  1547    2.65032510   -1.66816577
  1548    2.64591870   -1.67514609
  1549    1.24003967   -2.87563938
  1550    2.03044352   -2.38417687
  1551    2.34787157   -2.07231738
  1552    1.98441409   -2.42262273
  1553    1.62806004   -2.67514873
  1554    2.41466591   -1.99408845
  1555    0.76320557   -3.03718907
  1556    0.26664441   -3.12024053
  1557    1.07905015   -2.93983860
  1558   -0.18127166   -3.12636223
  1559   -0.62547867   -3.06851375
  1560    0.18435937   -3.12618167
  1561   -0.97738603   -2.97518348
  1562   -1.31608328   -2.84164125
  1563   -0.56298565   -3.08059205
  1564   -1.57834564   -2.70477823
  1565   -1.82652483   -2.54377814
  1566   -1.15483752   -2.91090201
  1567   -2.02486705   -2.38891474
  1568    0.00000000   -3.13161303
  1569    0.00000000   -3.13161303
  1570   -1.15435179   -2.91109467
  1571   -2.14613191   -2.28059598
  1572   -2.12620741   -2.29918295
  1573   -2.83927500   -1.32118041
  1574   -3.12682894   -0.17303462
  1575   -3.12284156   -0.23422385
  1576   -2.96728752    1.00110188
  1577   -2.38292289    2.03191504
  1578   -2.44596603    1.95556906
  1579   -1.47149260    2.76436426
  1580   -0.35492034    3.11143564
  1581   -0.48536667    3.09377106
  1582    0.76800347    3.03597939
  1583    1.79173292    2.56840288
  1584    1.65712197    2.65724424
  1585    2.52874439    1.84728234
  1586    2.99160809    0.92589483
  1587    2.89873324    1.18505097
  1588    3.13161289    0.00096761
  1589    2.99217968   -0.92404599
  1590    3.08927218   -0.51322275
  1591    2.62644195   -1.70552129
  1592    2.09353309   -2.32897390
  1593    2.45981010   -1.93812654
  1594    1.49606328   -2.75114428
  1595    0.81695018   -3.02317591
  1596    1.43250905   -2.78476534
  1597    0.21722253   -3.12407019
  1598   -0.39069878   -3.10714574
  1599    0.44016114   -3.10052550
  1600   -0.91812494   -2.99400180
  1601   -1.41831109   -2.79202325
  1602   -0.59876105   -3.07383887
  1603   -1.79876909   -2.56348005
  1604   -2.14310087   -2.28344452
  1605   -1.43886948   -2.78148428
  1606   -2.38024090   -2.03505613
  1607   -2.58875950   -1.76219309
  1608   -2.02564838   -2.38825226
  1609   -2.72060409   -1.55090735
  1610   -2.83524214   -1.32981286
  1611   -2.40861954   -2.00138754
  1612   -2.90867471   -1.16043596
  1613    0.00000000   -3.13161303
  1614    0.00000000   -3.13161303
  1615   -1.17375455   -2.90332576
  1616   -2.17438536   -2.25367445
  1617   -2.16030057   -2.26717923
  1618   -2.87431678   -1.24310226
  1619   -3.13121398   -0.04999203
  1620   -3.12962621   -0.11153469
  1621   -2.90303139    1.17448242
  1622   -2.22696733    2.20173039
  1623   -2.30650971    2.11825711
  1624   -1.19623031    2.89413774
  1625   -0.00128616    3.13161277
  1626   -0.17838840    3.12652807
  1627    1.19136865    2.89614242
  1628    2.18169007    2.24660380
  1629    1.99321514    2.41538684
  1630    2.85248956    1.29240222
  1631    3.12529747    0.19878613
  1632    3.07998420    0.56630163
  1633    3.00294968   -0.88842188
  1634    2.54207026   -1.82890103
  1635    2.80386720   -1.39475048
  1636    1.83567726   -2.53718135
  1637    0.99333240   -2.96989746
  1638    1.57635164   -2.70594082
  1639    0.11964392   -3.12932669
  1640   -0.70607705   -3.05097614
  1641    0.05715267   -3.13109147
  1642   -1.42163577   -2.79033187
  1643   -2.00519362   -2.40545188
  1644   -1.24826694   -2.87207762
  1645   -2.44326559   -1.95894193
  1646   -2.75353226   -1.49166361
  1647   -2.18490344   -2.24347881
  1648   -2.95091600   -1.04837729
  1649   -3.06471027   -0.64385648
  1650   -2.72990520   -1.53447639
  1651   -3.11701465   -0.30202633
  1652   -3.13154628   -0.02044764
  1653   -2.98979829   -0.93172226
  1654   -3.12577122    0.19119229
  1655   -3.11298809    0.34103566
  1656   -3.08922267   -0.51352070
  1657   -3.10236085    0.42703317
  1658    0.46350445   -3.09712186
  1659    0.90692445   -2.99741359
  1660    1.06333201   -2.94556026
  1661    1.21679853   -2.88555047
  1662    0.62071291   -3.06948134
  1663    1.34290062   -2.82906665
  1664    1.71910282   -2.61757248
  1665    1.92000262   -2.47398265
  1666    2.10896640   -2.31500776
  1667    1.68717324   -2.63826584
  1668    2.03441205   -2.38079142
  1669    2.27643184   -2.15054837
  1670    2.49515826   -1.89240203
  1671    2.68475766   -1.61216516
  1672    2.44593368   -1.95560953
  1673    2.44610968   -1.95538939
  1674    2.55793883   -1.80664029
  1675    2.81750717   -1.36698704
  1676    3.00218587   -0.89099954
  1677    2.86624407   -1.26160418
  1678    2.61622504   -1.72115274
  1679    3.07146027   -0.61084535
  1680    1.44444401   -2.77859347
  1681    1.66277183   -2.65371250
  1682    0.86504465   -3.00976709
  1683    2.33050174   -2.09183217
  1684    2.52853831   -1.84756440
  1685    2.13406511   -2.29189143
  1686    2.86415357   -1.26634297
  1687    2.99922294   -0.90092282
  1688    2.82185486   -1.35798946
  1689    3.11796900   -0.29200945
  1690    3.11541940    0.31805998
  1691    3.11748178   -0.29716589
  1692    3.04761252    0.72045687
  1693    1.63813275   -2.66899256
  1694    1.61335345   -2.68404375
  1695    0.83714056   -3.01764741
  1696    2.72359752   -1.54564445
  1697    2.88277445   -1.22336080
  1698    2.69901539   -1.58818013
  1699    2.46933217   -1.92597997
  1700    2.09784878   -2.32508724
  1701    2.54074117   -1.83074697
  1702    2.60847937   -1.73286918
  1703    2.16382795   -2.26381289
  1704    2.98156607   -0.95773898
  1705    3.05594014   -0.68427338
  1706    2.88032932   -1.22910668
  1707    3.06887575   -0.62370013
  1708    3.11296081   -0.34128461
  1709    3.03643051   -0.76621797
  1710    3.13161204   -0.00249996
  1711    3.11350174    0.33631401
  1712    3.12808184   -0.14867472
  1713    3.11066936    0.36157482
  1714    3.10531198    0.40501570
  1715    3.13144857    0.03209441
  1716    2.94911775    1.05342521
  1717    2.61188407    1.72773314
  1718    2.77187355    1.45729793
  1719    2.90395833    1.17218865
  1720    3.02902146    0.79500265
  1721    3.03761885    0.76149322
  1722    2.38140251    2.03369671
  1723    1.70660020   -2.62574103
  1724    1.79774234   -2.56420020
  1725    0.94258231   -2.98639227
  1726    2.72034568   -1.55136056
  1727    2.81960355   -1.36265771
  1728    2.38556103   -2.02881708
  1729    3.10851587   -0.37964364
  1730    3.13080100   -0.07131111
  1731    3.04445733   -0.73367551
  1732    3.04894160    0.71481137
  1733    2.93854775    1.08256053
  1734    3.08365388    0.54596606
  1735    2.68877753    1.60545183
  1736    2.40943381    2.00040719
  1737    2.71308649    1.56402107
  1738    2.18678916    2.24164077
  1739    1.66251076    2.65387607
  1740    2.06202265    2.35691807
  1741    1.26917338    2.86290047
  1742    1.99982970   -2.40991314
  1743    2.18873726   -2.23973870
  1744    1.18173715   -2.90008578
  1745    2.94140659   -1.07476857
  1746    3.03390262   -0.77616692
  1747    2.71191779   -1.56604664
  1748    3.11914665    0.27914939
  1749    3.06838500    0.62610998
  1750    3.13066665   -0.07698397
  1751    2.77674271    1.44799866
  1752    2.56971308    1.78985331
  1753    2.86541798    1.26347932
  1754    2.07543775    2.34511372
  1755    1.69268762    2.63473126
  1756    2.17266444    2.25533356
  1757    1.03323438    2.95625217
  1758    0.35260500    3.11169888
  1759    1.05008608    2.95030836
  1760   -0.12352059    3.12917607
  1761    2.10304703   -2.32038648
  1762    2.01438498   -2.39776007
  1763    1.07194913   -2.94243526
  1764    3.11140596   -0.35518047
  1765    3.13077496    0.07244561
  1766    3.09123758   -0.50124889
  1767    2.94746388   -1.05804390
  1768    2.63519196   -1.69197031
  1769    2.98375624   -0.95089374
  1770    3.01615476   -0.84250262
  1771    2.63273412   -1.69579222
  1772    3.10795047    0.38424478
  1773    3.05415109    0.69221481
  1774    3.13065367   -0.07750980
  1775    2.96961103    0.99418839
  1776    2.82685696    1.34754590
  1777    3.04627878    0.72607560
  1778    2.65213571    1.66528567
  1779    2.44185630    1.96069835
  1780    2.82024573    1.36132810
  1781    2.33679531    2.08479924
  1782    2.07021939    2.34972166
  1783    2.48188025    1.90978288
  1784    1.76242086    2.58860443
  1785    1.42734405    2.78741622
  1786    1.95634397    2.44534629
  1787    1.40037947    2.80106008
  1788    1.09191997    2.93508279
  1789    1.60793265    2.68729470
  1790    0.69709113    3.05304179
  1791    0.29019246    3.11813863
  1792    0.87454400    3.00702062
  1793    0.28964382    3.11818964
  1794    0.22656725    3.12340639
  1795    0.66593256    3.05998922
  1796   -0.48385284    3.09400818
  1797   -1.28577293    2.85548388
  1798   -1.01000401    2.96426924
  1799   -0.72518201    3.04649163
  1800   -0.25225794    3.12143655
  1801   -0.22042527    3.12384585
  1802   -1.61208486    2.68480588
  1803    2.03378574   -2.38132647
  1804    2.05305260   -2.36473576
  1805    1.09580314   -2.93363523
  1806    3.07510910   -0.59220287
  1807    3.11332929   -0.33790669
  1808    2.77486730   -1.45158937
  1809    2.96025410    1.02171223
  1810    2.83092297    1.33898295
  1811    3.08812592    0.52007545
  1812    2.18991889    2.23858336
  1813    1.90656697    2.48435154
  1814    2.43698996    1.96674353
  1815    1.06277986    2.94575952
  1816    0.68109620    3.05664983
  1817    1.30023444    2.84892797
  1818   -0.16164875    3.12743823
  1819   -0.61012332    3.07160377
  1820    0.03626519    3.13140305
  1821   -1.33363750    2.83344512
  1822   -1.88557830    2.50031891
  1823   -1.28012796    2.85801900
  1824   -1.92263997    2.47193360
  1825   -2.45114937    1.94906823
  1826   -2.18581129    2.24259430
  1827   -2.65534585    1.66016222
  1828    2.02801939   -2.38623921
  1829    2.00276111   -2.40747755
  1830    1.06482825   -2.94501969
  1831    3.09415754   -0.48289677
  1832    3.06823673   -0.62683613
  1833    2.68727106   -1.60797216
  1834    2.61835141    1.71791621
  1835    2.35537910    2.06378039
  1836    2.70822026    1.57243226
  1837    2.96001297    1.02241059
  1838    3.11191054    0.35073209
  1839    2.93582782    1.08991522
  1840    2.91010355    1.15684810
  1841    3.11937837    0.27654796
  1842    2.13929782    2.28700788
  1843    1.90216191    2.48772592
  1844    2.49645500    1.89069104
  1845    1.58296634    2.70207657
  1846    1.23481148    2.87788826
  1847    1.84066806    2.53356297
  1848    0.87918009    3.00566841
  1849    0.51074970    3.08968201
  1850    1.24343348    2.87417351
  1851    0.29960210    3.11724859
  1852   -0.08644736    3.13041963
  1853    0.56350925    3.08049631
  1854   -0.49007041    3.09302945
  1855   -0.88547978    3.00381853
  1856   -0.21694180    3.12408970
  1857   -0.93830918    2.98773762
  1858   -1.25551634    2.86891598
  1859   -0.68360417    3.05608991
  1860   -1.65674436    2.65747969
  1861   -2.02322717    2.39030375
  1862   -1.48635099    2.75640363
  1863   -1.94764981    2.45227658
  1864   -2.00850064    2.40269128
  1865   -1.64857272    2.66255670
  1866   -2.47454345    1.91927979
  1867   -2.89079668    1.20428183
  1868   -2.77460229    1.45209585
  1869   -2.63721265    1.68881900
  1870   -2.35012026    2.06976688
  1871   -2.35646753    2.06253751
  1872   -2.84731680    1.30375890
  1873   -3.07701479    0.58222004
  1874   -3.00007249    0.89808979
  1875   -3.12082429    0.25972283
  1876    1.99621500   -2.41290818
  1877    1.98965418   -2.41832099
  1878    1.05682566   -2.94790090
  1879    3.06724943   -0.63164952
  1880    3.06625526   -0.63645806
  1881    2.68035782   -1.61946972
  1882    2.86457977    1.26537858
  1883    2.81501124    1.37211949
  1884    3.10739744    0.38869183
  1885    1.59521733    2.69486212
  1886    1.26596860    2.86431906
  1887    2.17261712    2.25537914
  1888    0.11714104    3.12942138
  1889   -0.27833782    3.11921917
  1890    0.50999905    3.08980601
  1891   -1.28216503    2.85710571
  1892   -1.65546052    2.65827964
  1893   -1.01739404    2.96174097
  1894   -2.42579112    1.98053973
  1895   -2.74673705    1.50413955
  1896   -2.27548802    2.15154700
  1897   -2.92197595    1.12652418
  1898   -3.08837452    0.51859716
  1899   -2.95887711    1.02569317
  1900   -3.09072741    0.50438504
  1901   -3.12368013   -0.22276136
  1902   -3.12806791    0.14896755
  1903   -3.12780272   -0.15443552
  1904   -3.00469304   -0.88250774
  1905   -3.08189198   -0.55582551
  1906   -2.90043785   -1.18087275
  1907    1.99507110   -2.41385408
  1908    2.00047787   -2.40937512
  1909    1.06343219   -2.94552409
  1910    3.07029164   -0.61669233
  1911    3.07420004   -0.59690393
  1912    2.69431841   -1.59613549
  1913    2.79598929    1.41047655
  1914    2.77644576    1.44856797
  1915    3.09895171    0.45110805
  1916    1.30036281    2.84886938
  1917    1.33456784    2.83300704
  1918    2.16893352    2.25892178
  1919   -0.70162936    3.05200204
  1920   -1.11177878    2.92761817
  1921   -0.59708244    3.07416538
  1922   -0.06494912    3.13093945
  1923    0.61512743    3.07060555
  1924   -0.20070289    3.12517496
  1925   -0.33607957    3.11352705
  1926    0.51857116    3.08837889
  1927   -1.40543243    2.79852816
  1928   -1.68433691    2.64007753
  1929   -1.03757550    2.95473134
  1930   -1.90184026    2.48797183
  1931   -2.13082545    2.29490373
  1932   -1.66520834    2.65218426
  1933   -2.39253300    2.02059052
  1934   -2.61917549    1.71665954
  1935   -2.21338185    2.21538732
  1936   -2.74189668    1.51294508
  1937   -2.73702590    1.52173895
  1938   -2.46443505    1.93224224
  1939   -3.04164317    0.74525635
  1940   -3.13095899   -0.06400011
  1941   -3.11490745    0.32303523
  1942   -3.05119632    0.70512498
  1943   -2.92277131    1.12445900
  1944   -2.87994350    1.23001042
  1945   -3.12501978   -0.20310479
  1946   -2.99526478   -0.91399623
  1947   -3.09245497   -0.49368253
  1948   -2.98621029   -0.94315869
  1949   -2.68495935   -1.61182924
  1950   -2.86146393   -1.27240890
  1951   -2.71772209   -1.55595207
  1952   -2.28224581   -2.14437736
  1953   -2.49783579   -1.88886647
  1954   -2.05674692   -2.36152330
  1955    2.01415716   -2.39795145
  1956    2.02777133   -2.38645001
  1957    1.08017783   -2.93942444
  1958    3.08171096   -0.55682829
  1959    3.08869942   -0.51665859
  1960    2.72371047   -1.54544540
  1961    2.74259086    1.51168634
  1962    2.70729980    1.57401652
  1963    3.08076814    0.56202124
  1964    1.23053890    2.87971773
  1965    1.12488175    2.92260864
  1966    2.03127637    2.38346733
  1967   -0.58020572    3.07739525
  1968   -0.82073156    3.02215154
  1969    0.16001448    3.12752227
  1970   -1.97587943    2.42958858
  1971   -2.24137104    2.18706562
  1972   -1.58696571    2.69972962
  1973   -2.83320800    1.33414116
  1974   -2.99173388    0.92548829
  1975   -2.70217078    1.58280550
  1976   -3.12845072    0.14069921
  1977   -3.10217479   -0.42838277
  1978   -3.12124527    0.25461372
  1979   -3.03613174   -0.76740097
  1980   -2.78534478   -1.43138209
  1981   -2.98617251   -0.94327829
  1982   -2.69929377   -1.58770695
  1983   -2.25428360   -2.17375381
  1984   -2.54700657   -1.82202024
  1985   -2.23404428   -2.19454924
  1986   -1.65945902   -2.65578538
  1987   -1.97165882   -2.43301494
  1988   -1.71750955   -2.61861818
  1989   -1.05752872   -2.94764876
  1990   -1.36631085   -2.81783514
  1991   -0.76615095   -3.03644742
  1992    2.04662239   -2.37030314
  1993    2.06534491   -2.35400735
  1994    1.10343860   -2.93077182
  1995    3.09718287   -0.46309661
  1996    3.10473712   -0.40939911
  1997    2.76185014   -1.47620594
  1998    2.65764307    1.65648226
  1999    2.60547523    1.73738281
  2000    3.05021339    0.70936486
  2001    0.96270856    2.97996517
  2002    0.79763139    3.02833029
  2003    1.81986965    2.54854364
  2004   -1.19393958    2.89508350
  2005   -1.54822820    2.72212962
  2006   -0.40532568    3.10527153
  2007   -2.51285222    1.86884293
  2008   -2.73949954    1.51728128
  2009   -2.22689631    2.20180222
  2010   -3.09658435    0.46708197
  2011   -3.13161249   -0.00185467
  2012   -3.03777470    0.76087128
  2013   -2.93945488   -1.08009499
  2014   -2.64149549   -1.68211229
  2015   -3.00632859   -0.87691996
  2016   -2.36753841   -2.04982001
  2017   -1.81525583   -2.55183198
  2018   -2.27040837   -2.15690659
  2019   -1.66675087   -2.65121515
  2020   -0.98180737   -2.97372737
  2021   -1.41434928   -2.79403227
  2022   -0.97127127   -2.97718530
  2023   -0.22594817   -3.12345124
  2024   -0.60849815   -3.07192614
  2025   -0.33106319   -3.11406444
  2026    0.41415007   -3.10410694
  2027    0.09459672   -3.13018397
  2028    0.69784604   -3.05286932
  2029    2.08581183   -2.33589153
  2030    2.10612205   -2.31759576
  2031    1.12897898   -2.92102836
  2032    3.11171979   -0.35242042
  2033    3.11765683   -0.29532366
  2034    2.80077900   -1.40094154
  2035    2.55697691    1.80800146
  2036    2.50656641    1.87726530
  2037    3.01463223    0.84793438
  2038    0.70661013    3.05085272
  2039    0.61495539    3.07064001
  2040    1.67093099    2.64858261
  2041   -1.53319519    2.73062497
  2042   -1.51811554    2.73903732
  2043   -0.48105538    3.09444436
  2044   -2.93572522    1.09019156
  2045   -3.06582207    0.63854151
  2046   -2.89485669    1.19448940
  2047   -2.62403132    1.70922784
  2048   -2.14672540    2.28003734
  2049   -2.70721751    1.57415804
  2050   -2.78345859    1.43504650
  2051   -2.24744026    2.18082839
  2052   -3.11954801    0.27462783
  2053   -3.13022953   -0.09307674
  2054   -3.05396742    0.69302468
  2055   -3.11330429   -0.33813699
  2056   -3.05899009   -0.67050716
  2057   -3.13145911   -0.03104909
  2058   -2.93533565   -1.09124004
  2059   -2.75412045   -1.49057732
  2060   -3.01952242   -0.83035206
  2061   -2.64591870   -1.67514609
  2062   -2.65032510   -1.66816577
  2063   -2.89791373   -1.18705360
  2064   -2.03044352   -2.38417687
  2065   -1.24003967   -2.87563938
  2066   -1.62806004   -2.67514873
  2067   -1.98441409   -2.42262273
  2068   -2.34787157   -2.07231738
  2069   -2.41466591   -1.99408845
  2070   -1.07905015   -2.93983860
  2071   -0.26664441   -3.12024053
  2072   -0.76320557   -3.03718907
  2073   -0.18435937   -3.12618167
  2074    0.62547867   -3.06851375
  2075    0.18127166   -3.12636223
  2076    0.56298565   -3.08059205
  2077    1.31608328   -2.84164125
  2078    0.97738603   -2.97518348
  2079    1.15483752   -2.91090201
  2080    1.82652483   -2.54377814
  2081    1.57834564   -2.70477823
  2082    2.02486705   -2.38891474
  2083    2.12620741   -2.29918295
  2084    2.14613191   -2.28059598
  2085    1.15435179   -2.91109467
  2086    3.12284156   -0.23422385
  2087    3.12682894   -0.17303462
  2088    2.83927500   -1.32118041
  2089    2.44596603    1.95556906
  2090    2.38292289    2.03191504
  2091    2.96728752    1.00110188
  2092    0.48536667    3.09377106
  2093    0.35492034    3.11143564
  2094    1.47149260    2.76436426
  2095   -1.65712197    2.65724424
  2096   -1.79173292    2.56840288
  2097   -0.76800347    3.03597939
  2098   -2.89873324    1.18505097
  2099   -2.99160809    0.92589483
  2100   -2.52874439    1.84728234
  2101   -3.08927218   -0.51322275
  2102   -2.99217968   -0.92404599
  2103   -3.13161289    0.00096761
  2104   -2.45981010   -1.93812654
  2105   -2.09353309   -2.32897390
  2106   -2.62644195   -1.70552129
  2107   -1.43250905   -2.78476534
  2108   -0.81695018   -3.02317591
  2109   -1.49606328   -2.75114428
  2110   -0.44016114   -3.10052550
  2111    0.39069878   -3.10714574
  2112   -0.21722253   -3.12407019
  2113    0.59876105   -3.07383887
  2114    1.41831109   -2.79202325
  2115    0.91812494   -2.99400180
  2116    1.43886948   -2.78148428
  2117    2.14310087   -2.28344452
  2118    1.79876909   -2.56348005
  2119    2.02564838   -2.38825226
  2120    2.58875950   -1.76219309
  2121    2.38024090   -2.03505613
  2122    2.40861954   -2.00138754
  2123    2.83524214   -1.32981286
  2124    2.72060409   -1.55090735
  2125    2.90867471   -1.16043596
  2126    2.16030057   -2.26717923
  2127    2.17438536   -2.25367445
  2128    1.17375455   -2.90332576
  2129    3.12962621   -0.11153469
  2130    3.13121398   -0.04999203
  2131    2.87431678   -1.24310226
  2132    2.30650971    2.11825711
  2133    2.22696733    2.20173039
  2134    2.90303139    1.17448242
  2135    0.17838840    3.12652807
  2136    0.00128616    3.13161277
  2137    1.19623031    2.89413774
  2138   -1.99321514    2.41538684
  2139   -2.18169007    2.24660380
  2140   -1.19136865    2.89614242
  2141   -3.07998420    0.56630163
  2142   -3.12529747    0.19878613
  2143   -2.85248956    1.29240222
  2144   -2.80386720   -1.39475048
  2145   -2.54207026   -1.82890103
  2146   -3.00294968   -0.88842188
  2147   -1.57635164   -2.70594082
  2148   -0.99333240   -2.96989746
  2149   -1.83567726   -2.53718135
  2150   -0.05715267   -3.13109147
  2151    0.70607705   -3.05097614
  2152   -0.11964392   -3.12932669
  2153    1.24826694   -2.87207762
  2154    2.00519362   -2.40545188
  2155    1.42163577   -2.79033187
  2156    2.18490344   -2.24347881
  2157    2.75353226   -1.49166361
  2158    2.44326559   -1.95894193
  2159    2.72990520   -1.53447639
  2160    3.06471027   -0.64385648
  2161    2.95091600   -1.04837729
  2162    2.98979829   -0.93172226
  2163    3.13154628   -0.02044764
  2164    3.11701465   -0.30202633
  2165    3.08922267   -0.51352070
  2166    3.11298809    0.34103566
  2167    3.12577122    0.19119229
  2168    3.10236085    0.42703317
